GowinSynthesis start
Running parser ...
Analyzing Verilog file 'D:\Code\git\GoWinSDR\FPGA\Submodule\DDR_Tset\src\fifo_ddr.v'
Analyzing Verilog file 'D:\Code\git\GoWinSDR\FPGA\Submodule\DDR_Tset\src\ddr3_memory_interface\ddr3_memory_interface.v'
Analyzing Verilog file 'D:\Code\git\GoWinSDR\FPGA\Submodule\DDR_Tset\src\top.v'
Analyzing Verilog file 'D:\Code\git\GoWinSDR\FPGA\Submodule\DDR_Tset\src\gowin_pll\gowin_pll.v'
Analyzing Verilog file 'D:\Code\git\GoWinSDR\FPGA\Submodule\DDR_Tset\src\gowin_pll\gowin_pll_mod.v'
Analyzing Verilog file 'D:\Code\git\GoWinSDR\FPGA\Submodule\DDR_Tset\src\pll_init.v'
Analyzing Verilog file 'D:\Code\git\GoWinSDR\FPGA\Submodule\DDR_Tset\src\gowin_pll_Test\gowin_pll_Test.v'
Analyzing Verilog file 'D:\Code\git\GoWinSDR\FPGA\Submodule\DDR_Tset\src\gowin_pll_Test\gowin_pll_Test_mod.v'
Compiling module 'top'("D:\Code\git\GoWinSDR\FPGA\Submodule\DDR_Tset\src\top.v":1)
Compiling module 'Gowin_PLL_Test'("D:\Code\git\GoWinSDR\FPGA\Submodule\DDR_Tset\src\gowin_pll_Test\gowin_pll_Test.v":1)
Compiling module 'Gowin_PLL_Test_MOD'("D:\Code\git\GoWinSDR\FPGA\Submodule\DDR_Tset\src\gowin_pll_Test\gowin_pll_Test_mod.v":10)
Compiling module 'PLL_INIT(MULTI_FAC=14)'("D:\Code\git\GoWinSDR\FPGA\Submodule\DDR_Tset\src\pll_init.v":4)
Compiling module 'DDR3_LARGE_FIFO(FIFO_DEPTH=16777216)'("D:\Code\git\GoWinSDR\FPGA\Submodule\DDR_Tset\src\fifo_ddr.v":1)
ERROR (EX3990) : Cannot find port 'CLKIN' on this module("D:\Code\git\GoWinSDR\FPGA\Submodule\DDR_Tset\src\gowin_pll\gowin_pll.v":48)
'PLL_INIT' is declared here("D:\Code\git\GoWinSDR\FPGA\Submodule\DDR_Tset\src\pll_init.v":4)
ERROR (EX3990) : Cannot find port 'PLLLOCK' on this module("D:\Code\git\GoWinSDR\FPGA\Submodule\DDR_Tset\src\gowin_pll\gowin_pll.v":51)
'PLL_INIT' is declared here("D:\Code\git\GoWinSDR\FPGA\Submodule\DDR_Tset\src\pll_init.v":4)
ERROR (EX3990) : Cannot find port 'ICPSEL' on this module("D:\Code\git\GoWinSDR\FPGA\Submodule\DDR_Tset\src\gowin_pll\gowin_pll.v":53)
'PLL_INIT' is declared here("D:\Code\git\GoWinSDR\FPGA\Submodule\DDR_Tset\src\pll_init.v":4)
ERROR (EX3990) : Cannot find port 'LPFRES' on this module("D:\Code\git\GoWinSDR\FPGA\Submodule\DDR_Tset\src\gowin_pll\gowin_pll.v":54)
'PLL_INIT' is declared here("D:\Code\git\GoWinSDR\FPGA\Submodule\DDR_Tset\src\pll_init.v":4)
WARN  (EX3073) : Port 'I_MD_CLK' remains unconnected for this instance("D:\Code\git\GoWinSDR\FPGA\Submodule\DDR_Tset\src\gowin_pll\gowin_pll.v":55)
Module 'DDR3_LARGE_FIFO' remains a black box due to errors in its contents("D:\Code\git\GoWinSDR\FPGA\Submodule\DDR_Tset\src\fifo_ddr.v":1)
GowinSynthesis finish
