GowinSynthesis start
Running parser ...
Analyzing Verilog file 'D:\Code\git\GoWinSDR\FPGA\Submodule\SDR_433\src\ad9363_dev_cmos.v'
Analyzing Verilog file 'D:\Code\git\GoWinSDR\FPGA\Submodule\SDR_433\src\top.v'
Undeclared symbol 'gclk_div', assumed default net type 'wire'("D:\Code\git\GoWinSDR\FPGA\Submodule\SDR_433\src\top.v":33)
Undeclared symbol 'dac_r1_mode', assumed default net type 'wire'("D:\Code\git\GoWinSDR\FPGA\Submodule\SDR_433\src\top.v":46)
Undeclared symbol 'adc_r1_mode', assumed default net type 'wire'("D:\Code\git\GoWinSDR\FPGA\Submodule\SDR_433\src\top.v":47)
Analyzing Verilog file 'D:\Code\git\GoWinSDR\FPGA\Submodule\SDR_433\src\demod_433.v'
Analyzing Verilog file 'E:\Program_File(x86)\Gowin\Gowin_V1.9.12_x64\IDE\data\ipcores\GAO\GW_AO_0\gw_ao_crc32.v'
Analyzing Verilog file 'E:\Program_File(x86)\Gowin\Gowin_V1.9.12_x64\IDE\data\ipcores\GAO\GW_AO_0\gw_ao_match.v'
Analyzing included file 'E:\Program_File(x86)\Gowin\Gowin_V1.9.12_x64\IDE\data\ipcores\GAO\GW_AO_0\gw_ao_define.v'("E:\Program_File(x86)\Gowin\Gowin_V1.9.12_x64\IDE\data\ipcores\GAO\GW_AO_0\gw_ao_match.v":374)
Back to file 'E:\Program_File(x86)\Gowin\Gowin_V1.9.12_x64\IDE\data\ipcores\GAO\GW_AO_0\gw_ao_match.v'("E:\Program_File(x86)\Gowin\Gowin_V1.9.12_x64\IDE\data\ipcores\GAO\GW_AO_0\gw_ao_match.v":374)
Analyzing included file 'D:\Code\git\GoWinSDR\FPGA\Submodule\SDR_433\impl\gwsynthesis\RTL_GAO\ao_0\gw_ao_top_define.v'("E:\Program_File(x86)\Gowin\Gowin_V1.9.12_x64\IDE\data\ipcores\GAO\GW_AO_0\gw_ao_match.v":374)
Back to file 'E:\Program_File(x86)\Gowin\Gowin_V1.9.12_x64\IDE\data\ipcores\GAO\GW_AO_0\gw_ao_match.v'("E:\Program_File(x86)\Gowin\Gowin_V1.9.12_x64\IDE\data\ipcores\GAO\GW_AO_0\gw_ao_match.v":374)
Analyzing included file 'D:\Code\git\GoWinSDR\FPGA\Submodule\SDR_433\impl\gwsynthesis\RTL_GAO\ao_0\gw_ao_init.v'("E:\Program_File(x86)\Gowin\Gowin_V1.9.12_x64\IDE\data\ipcores\GAO\GW_AO_0\gw_ao_match.v":374)
Back to file 'E:\Program_File(x86)\Gowin\Gowin_V1.9.12_x64\IDE\data\ipcores\GAO\GW_AO_0\gw_ao_match.v'("E:\Program_File(x86)\Gowin\Gowin_V1.9.12_x64\IDE\data\ipcores\GAO\GW_AO_0\gw_ao_match.v":374)
Analyzing Verilog file 'E:\Program_File(x86)\Gowin\Gowin_V1.9.12_x64\IDE\data\ipcores\GAO\GW_AO_0\gw_ao_mem_ctrl.v'
Analyzing included file 'D:\Code\git\GoWinSDR\FPGA\Submodule\SDR_433\impl\gwsynthesis\RTL_GAO\ao_0\gw_ao_top_define.v'("E:\Program_File(x86)\Gowin\Gowin_V1.9.12_x64\IDE\data\ipcores\GAO\GW_AO_0\gw_ao_mem_ctrl.v":1256)
Back to file 'E:\Program_File(x86)\Gowin\Gowin_V1.9.12_x64\IDE\data\ipcores\GAO\GW_AO_0\gw_ao_mem_ctrl.v'("E:\Program_File(x86)\Gowin\Gowin_V1.9.12_x64\IDE\data\ipcores\GAO\GW_AO_0\gw_ao_mem_ctrl.v":1256)
Analyzing Verilog file 'E:\Program_File(x86)\Gowin\Gowin_V1.9.12_x64\IDE\data\ipcores\GAO\GW_AO_0\gw_ao_top.v'
Analyzing included file 'E:\Program_File(x86)\Gowin\Gowin_V1.9.12_x64\IDE\data\ipcores\GAO\GW_AO_0\gw_ao_define.v'("E:\Program_File(x86)\Gowin\Gowin_V1.9.12_x64\IDE\data\ipcores\GAO\GW_AO_0\gw_ao_top.v":3042)
Back to file 'E:\Program_File(x86)\Gowin\Gowin_V1.9.12_x64\IDE\data\ipcores\GAO\GW_AO_0\gw_ao_top.v'("E:\Program_File(x86)\Gowin\Gowin_V1.9.12_x64\IDE\data\ipcores\GAO\GW_AO_0\gw_ao_top.v":3042)
Analyzing included file 'D:\Code\git\GoWinSDR\FPGA\Submodule\SDR_433\impl\gwsynthesis\RTL_GAO\ao_0\gw_ao_top_define.v'("E:\Program_File(x86)\Gowin\Gowin_V1.9.12_x64\IDE\data\ipcores\GAO\GW_AO_0\gw_ao_top.v":3042)
Back to file 'E:\Program_File(x86)\Gowin\Gowin_V1.9.12_x64\IDE\data\ipcores\GAO\GW_AO_0\gw_ao_top.v'("E:\Program_File(x86)\Gowin\Gowin_V1.9.12_x64\IDE\data\ipcores\GAO\GW_AO_0\gw_ao_top.v":3042)
Analyzing included file 'D:\Code\git\GoWinSDR\FPGA\Submodule\SDR_433\impl\gwsynthesis\RTL_GAO\ao_0\gw_ao_expression.v'("E:\Program_File(x86)\Gowin\Gowin_V1.9.12_x64\IDE\data\ipcores\GAO\GW_AO_0\gw_ao_top.v":3042)
Back to file 'E:\Program_File(x86)\Gowin\Gowin_V1.9.12_x64\IDE\data\ipcores\GAO\GW_AO_0\gw_ao_top.v'("E:\Program_File(x86)\Gowin\Gowin_V1.9.12_x64\IDE\data\ipcores\GAO\GW_AO_0\gw_ao_top.v":3042)
Analyzing included file 'D:\Code\git\GoWinSDR\FPGA\Submodule\SDR_433\impl\gwsynthesis\RTL_GAO\ao_0\gw_ao_parameter.v'("E:\Program_File(x86)\Gowin\Gowin_V1.9.12_x64\IDE\data\ipcores\GAO\GW_AO_0\gw_ao_top.v":3042)
Back to file 'E:\Program_File(x86)\Gowin\Gowin_V1.9.12_x64\IDE\data\ipcores\GAO\GW_AO_0\gw_ao_top.v'("E:\Program_File(x86)\Gowin\Gowin_V1.9.12_x64\IDE\data\ipcores\GAO\GW_AO_0\gw_ao_top.v":3042)
Analyzing included file 'D:\Code\git\GoWinSDR\FPGA\Submodule\SDR_433\impl\gwsynthesis\RTL_GAO\ao_0\gw_ao_init.v'("E:\Program_File(x86)\Gowin\Gowin_V1.9.12_x64\IDE\data\ipcores\GAO\GW_AO_0\gw_ao_top.v":3042)
Back to file 'E:\Program_File(x86)\Gowin\Gowin_V1.9.12_x64\IDE\data\ipcores\GAO\GW_AO_0\gw_ao_top.v'("E:\Program_File(x86)\Gowin\Gowin_V1.9.12_x64\IDE\data\ipcores\GAO\GW_AO_0\gw_ao_top.v":3042)
Analyzing Verilog file 'E:\Program_File(x86)\Gowin\Gowin_V1.9.12_x64\IDE\data\ipcores\GAO\GW_CON\gw_con_top.v'
Analyzing included file 'D:\Code\git\GoWinSDR\FPGA\Submodule\SDR_433\impl\gwsynthesis\RTL_GAO\ao_control\gw_con_top_define.v'("E:\Program_File(x86)\Gowin\Gowin_V1.9.12_x64\IDE\data\ipcores\GAO\GW_CON\gw_con_top.v":377)
Back to file 'E:\Program_File(x86)\Gowin\Gowin_V1.9.12_x64\IDE\data\ipcores\GAO\GW_CON\gw_con_top.v'("E:\Program_File(x86)\Gowin\Gowin_V1.9.12_x64\IDE\data\ipcores\GAO\GW_CON\gw_con_top.v":377)
Analyzing included file 'D:\Code\git\GoWinSDR\FPGA\Submodule\SDR_433\impl\gwsynthesis\RTL_GAO\ao_control\gw_con_parameter.v'("E:\Program_File(x86)\Gowin\Gowin_V1.9.12_x64\IDE\data\ipcores\GAO\GW_CON\gw_con_top.v":377)
Back to file 'E:\Program_File(x86)\Gowin\Gowin_V1.9.12_x64\IDE\data\ipcores\GAO\GW_CON\gw_con_top.v'("E:\Program_File(x86)\Gowin\Gowin_V1.9.12_x64\IDE\data\ipcores\GAO\GW_CON\gw_con_top.v":377)
Analyzing Verilog file 'E:\Program_File(x86)\Gowin\Gowin_V1.9.12_x64\IDE\data\ipcores\gw_jtag.v'
Analyzing Verilog file 'D:\Code\git\GoWinSDR\FPGA\Submodule\SDR_433\impl\gwsynthesis\RTL_GAO\gw_gao_top.v'
Compiling module 'top'("D:\Code\git\GoWinSDR\FPGA\Submodule\SDR_433\src\top.v":1)
WARN  (EX3073) : Port 'Q1' remains unconnected for this instance("D:\Code\git\GoWinSDR\FPGA\Submodule\SDR_433\src\ad9363_dev_cmos.v":48)
WARN  (EX3073) : Port 'Q1' remains unconnected for this instance("D:\Code\git\GoWinSDR\FPGA\Submodule\SDR_433\src\ad9363_dev_cmos.v":49)
WARN  (EX3073) : Port 'Q1' remains unconnected for this instance("D:\Code\git\GoWinSDR\FPGA\Submodule\SDR_433\src\ad9363_dev_cmos.v":50)
WARN  (EX3073) : Port 'Q1' remains unconnected for this instance("D:\Code\git\GoWinSDR\FPGA\Submodule\SDR_433\src\ad9363_dev_cmos.v":51)
WARN  (EX3073) : Port 'Q1' remains unconnected for this instance("D:\Code\git\GoWinSDR\FPGA\Submodule\SDR_433\src\ad9363_dev_cmos.v":52)
WARN  (EX3073) : Port 'Q1' remains unconnected for this instance("D:\Code\git\GoWinSDR\FPGA\Submodule\SDR_433\src\ad9363_dev_cmos.v":53)
WARN  (EX3073) : Port 'Q1' remains unconnected for this instance("D:\Code\git\GoWinSDR\FPGA\Submodule\SDR_433\src\ad9363_dev_cmos.v":54)
WARN  (EX3073) : Port 'Q1' remains unconnected for this instance("D:\Code\git\GoWinSDR\FPGA\Submodule\SDR_433\src\ad9363_dev_cmos.v":55)
WARN  (EX3073) : Port 'Q1' remains unconnected for this instance("D:\Code\git\GoWinSDR\FPGA\Submodule\SDR_433\src\ad9363_dev_cmos.v":56)
WARN  (EX3073) : Port 'Q1' remains unconnected for this instance("D:\Code\git\GoWinSDR\FPGA\Submodule\SDR_433\src\ad9363_dev_cmos.v":57)
WARN  (EX3073) : Port 'Q1' remains unconnected for this instance("D:\Code\git\GoWinSDR\FPGA\Submodule\SDR_433\src\ad9363_dev_cmos.v":58)
WARN  (EX3073) : Port 'Q1' remains unconnected for this instance("D:\Code\git\GoWinSDR\FPGA\Submodule\SDR_433\src\ad9363_dev_cmos.v":59)
WARN  (EX3073) : Port 'Q1' remains unconnected for this instance("D:\Code\git\GoWinSDR\FPGA\Submodule\SDR_433\src\ad9363_dev_cmos.v":67)
Compiling module 'ad9363_dev_cmos'("D:\Code\git\GoWinSDR\FPGA\Submodule\SDR_433\src\ad9363_dev_cmos.v":1)
WARN  (EX3780) : Using initial value of 'tx_frame' since it is never assigned("D:\Code\git\GoWinSDR\FPGA\Submodule\SDR_433\src\ad9363_dev_cmos.v":31)
Compiling module 'demod_433'("D:\Code\git\GoWinSDR\FPGA\Submodule\SDR_433\src\demod_433.v":1)
WARN  (EX1998) : Net 'dac_data_in_i1[11]' does not have a driver("D:\Code\git\GoWinSDR\FPGA\Submodule\SDR_433\src\top.v":43)
WARN  (EX1998) : Net 'dac_data_in_q1[11]' does not have a driver("D:\Code\git\GoWinSDR\FPGA\Submodule\SDR_433\src\top.v":44)
WARN  (EX1998) : Net 'dac_in_valid' does not have a driver("D:\Code\git\GoWinSDR\FPGA\Submodule\SDR_433\src\top.v":45)
Compiling module 'gw_gao'("D:\Code\git\GoWinSDR\FPGA\Submodule\SDR_433\impl\gwsynthesis\RTL_GAO\gw_gao_top.v":1)
Compiling module 'GW_JTAG'("E:\Program_File(x86)\Gowin\Gowin_V1.9.12_x64\IDE\data\ipcores\gw_jtag.v":1)
Compiling module '**'("E:\Program_File(x86)\Gowin\Gowin_V1.9.12_x64\IDE\data\ipcores\GAO\GW_CON\gw_con_top.v":377)
Compiling module '**'("E:\Program_File(x86)\Gowin\Gowin_V1.9.12_x64\IDE\data\ipcores\GAO\GW_AO_0\gw_ao_top.v":3042)
Compiling module '**'("E:\Program_File(x86)\Gowin\Gowin_V1.9.12_x64\IDE\data\ipcores\GAO\GW_AO_0\gw_ao_mem_ctrl.v":1256)
Extracting RAM for identifier '**'("E:\Program_File(x86)\Gowin\Gowin_V1.9.12_x64\IDE\data\ipcores\GAO\GW_AO_0\gw_ao_mem_ctrl.v":1256)
Compiling module '**'("E:\Program_File(x86)\Gowin\Gowin_V1.9.12_x64\IDE\data\ipcores\GAO\GW_AO_0\gw_ao_crc32.v":74)
Compiling module '**'("E:\Program_File(x86)\Gowin\Gowin_V1.9.12_x64\IDE\data\ipcores\GAO\GW_AO_0\gw_ao_match.v":374)
Trying to combine GAO to RTL design
NOTE  (EX0101) : Current top module is "top"
WARN  (EX0211) : The output port "demod_data[11]" of module "demod_433" has no driver, assigning undriven bits to Z, simulation mismatch possible("D:\Code\git\GoWinSDR\FPGA\Submodule\SDR_433\src\demod_433.v":9)
WARN  (EX0211) : The output port "demod_data[10]" of module "demod_433" has no driver, assigning undriven bits to Z, simulation mismatch possible("D:\Code\git\GoWinSDR\FPGA\Submodule\SDR_433\src\demod_433.v":9)
WARN  (EX0211) : The output port "demod_data[9]" of module "demod_433" has no driver, assigning undriven bits to Z, simulation mismatch possible("D:\Code\git\GoWinSDR\FPGA\Submodule\SDR_433\src\demod_433.v":9)
WARN  (EX0211) : The output port "demod_data[8]" of module "demod_433" has no driver, assigning undriven bits to Z, simulation mismatch possible("D:\Code\git\GoWinSDR\FPGA\Submodule\SDR_433\src\demod_433.v":9)
WARN  (EX0211) : The output port "demod_data[7]" of module "demod_433" has no driver, assigning undriven bits to Z, simulation mismatch possible("D:\Code\git\GoWinSDR\FPGA\Submodule\SDR_433\src\demod_433.v":9)
WARN  (EX0211) : The output port "demod_data[6]" of module "demod_433" has no driver, assigning undriven bits to Z, simulation mismatch possible("D:\Code\git\GoWinSDR\FPGA\Submodule\SDR_433\src\demod_433.v":9)
WARN  (EX0211) : The output port "demod_data[5]" of module "demod_433" has no driver, assigning undriven bits to Z, simulation mismatch possible("D:\Code\git\GoWinSDR\FPGA\Submodule\SDR_433\src\demod_433.v":9)
WARN  (EX0211) : The output port "demod_data[4]" of module "demod_433" has no driver, assigning undriven bits to Z, simulation mismatch possible("D:\Code\git\GoWinSDR\FPGA\Submodule\SDR_433\src\demod_433.v":9)
WARN  (EX0211) : The output port "demod_data[3]" of module "demod_433" has no driver, assigning undriven bits to Z, simulation mismatch possible("D:\Code\git\GoWinSDR\FPGA\Submodule\SDR_433\src\demod_433.v":9)
WARN  (EX0211) : The output port "demod_data[2]" of module "demod_433" has no driver, assigning undriven bits to Z, simulation mismatch possible("D:\Code\git\GoWinSDR\FPGA\Submodule\SDR_433\src\demod_433.v":9)
WARN  (EX0211) : The output port "demod_data[1]" of module "demod_433" has no driver, assigning undriven bits to Z, simulation mismatch possible("D:\Code\git\GoWinSDR\FPGA\Submodule\SDR_433\src\demod_433.v":9)
WARN  (EX0211) : The output port "demod_data[0]" of module "demod_433" has no driver, assigning undriven bits to Z, simulation mismatch possible("D:\Code\git\GoWinSDR\FPGA\Submodule\SDR_433\src\demod_433.v":9)
WARN  (EX0211) : The output port "demod_data_valid" of module "demod_433" has no driver, assigning undriven bits to Z, simulation mismatch possible("D:\Code\git\GoWinSDR\FPGA\Submodule\SDR_433\src\demod_433.v":10)
WARN  (EX0211) : The output port "RGMII_GTXCLK" of module "top" has no driver, assigning undriven bits to Z, simulation mismatch possible("D:\Code\git\GoWinSDR\FPGA\Submodule\SDR_433\src\top.v":25)
WARN  (EX0211) : The output port "RGMII_TXD[3]" of module "top" has no driver, assigning undriven bits to Z, simulation mismatch possible("D:\Code\git\GoWinSDR\FPGA\Submodule\SDR_433\src\top.v":26)
WARN  (EX0211) : The output port "RGMII_TXD[2]" of module "top" has no driver, assigning undriven bits to Z, simulation mismatch possible("D:\Code\git\GoWinSDR\FPGA\Submodule\SDR_433\src\top.v":26)
WARN  (EX0211) : The output port "RGMII_TXD[1]" of module "top" has no driver, assigning undriven bits to Z, simulation mismatch possible("D:\Code\git\GoWinSDR\FPGA\Submodule\SDR_433\src\top.v":26)
WARN  (EX0211) : The output port "RGMII_TXD[0]" of module "top" has no driver, assigning undriven bits to Z, simulation mismatch possible("D:\Code\git\GoWinSDR\FPGA\Submodule\SDR_433\src\top.v":26)
WARN  (EX0211) : The output port "RGMII_TXEN" of module "top" has no driver, assigning undriven bits to Z, simulation mismatch possible("D:\Code\git\GoWinSDR\FPGA\Submodule\SDR_433\src\top.v":27)
WARN  (EX0211) : The output port "RGMII_RST_N" of module "top" has no driver, assigning undriven bits to Z, simulation mismatch possible("D:\Code\git\GoWinSDR\FPGA\Submodule\SDR_433\src\top.v":28)
[5%] Running netlist conversion ...
WARN  (CV0016) : Input rx_frame_in_p is unused("D:\Code\git\GoWinSDR\FPGA\Submodule\SDR_433\src\top.v":8)
WARN  (CV0016) : Input RGMII_RXCLK is unused("D:\Code\git\GoWinSDR\FPGA\Submodule\SDR_433\src\top.v":22)
WARN  (CV0016) : Input RGMII_RXD is unused("D:\Code\git\GoWinSDR\FPGA\Submodule\SDR_433\src\top.v":23)
WARN  (CV0016) : Input RGMII_RXDV is unused("D:\Code\git\GoWinSDR\FPGA\Submodule\SDR_433\src\top.v":24)
Running device independent optimization ...
[10%] Optimizing Phase 0 completed
[15%] Optimizing Phase 1 completed
[25%] Optimizing Phase 2 completed
Running inference ...
[30%] Inferring Phase 0 completed
[40%] Inferring Phase 1 completed
[50%] Inferring Phase 2 completed
[55%] Inferring Phase 3 completed
Running technical mapping ...
[60%] Tech-Mapping Phase 0 completed
[65%] Tech-Mapping Phase 1 completed
[75%] Tech-Mapping Phase 2 completed
[80%] Tech-Mapping Phase 3 completed
[90%] Tech-Mapping Phase 4 completed
[95%] Generate netlist file "D:\Code\git\GoWinSDR\FPGA\Submodule\SDR_433\impl\gwsynthesis\SDR_433.vg" completed
[100%] Generate report file "D:\Code\git\GoWinSDR\FPGA\Submodule\SDR_433\impl\gwsynthesis\SDR_433_syn.rpt.html" completed
GowinSynthesis finish
