GowinSynthesis start
Running parser ...
Analyzing Verilog file 'D:\Code\git\GoWinSDR\FPGA\Submodule\DDR_FIFO\src\crc.v'
Analyzing Verilog file 'D:\Code\git\GoWinSDR\FPGA\Submodule\DDR_FIFO\src\ddr3_memory_interface\ddr3_memory_interface.v'
Analyzing Verilog file 'D:\Code\git\GoWinSDR\FPGA\Submodule\DDR_FIFO\src\eth_transceiver.v'
Analyzing Verilog file 'D:\Code\git\GoWinSDR\FPGA\Submodule\DDR_FIFO\src\fifo_ddr.v'
Analyzing Verilog file 'D:\Code\git\GoWinSDR\FPGA\Submodule\DDR_FIFO\src\fifo_top\fifo_top.v'
Analyzing Verilog file 'D:\Code\git\GoWinSDR\FPGA\Submodule\DDR_FIFO\src\gowin_ddr\GMII2RGMII.v'
Analyzing Verilog file 'D:\Code\git\GoWinSDR\FPGA\Submodule\DDR_FIFO\src\gowin_pll\gowin_pll.v'
Analyzing Verilog file 'D:\Code\git\GoWinSDR\FPGA\Submodule\DDR_FIFO\src\gowin_pll\gowin_pll_mod.v'
Analyzing Verilog file 'D:\Code\git\GoWinSDR\FPGA\Submodule\DDR_FIFO\src\gowin_pll_eth\gowin_pll_eth.v'
Analyzing Verilog file 'D:\Code\git\GoWinSDR\FPGA\Submodule\DDR_FIFO\src\gowin_pll_eth\gowin_pll_eth_mod.v'
Analyzing Verilog file 'D:\Code\git\GoWinSDR\FPGA\Submodule\DDR_FIFO\src\pll_init.v'
Analyzing Verilog file 'D:\Code\git\GoWinSDR\FPGA\Submodule\DDR_FIFO\src\top.v'
Analyzing Verilog file 'E:\Program_File(x86)\Gowin\Gowin_V1.9.12_x64\IDE\data\ipcores\GAO\GW_AO_0\gw_ao_crc32.v'
Analyzing Verilog file 'E:\Program_File(x86)\Gowin\Gowin_V1.9.12_x64\IDE\data\ipcores\GAO\GW_AO_0\gw_ao_match.v'
Analyzing included file 'E:\Program_File(x86)\Gowin\Gowin_V1.9.12_x64\IDE\data\ipcores\GAO\GW_AO_0\gw_ao_define.v'("E:\Program_File(x86)\Gowin\Gowin_V1.9.12_x64\IDE\data\ipcores\GAO\GW_AO_0\gw_ao_match.v":374)
Back to file 'E:\Program_File(x86)\Gowin\Gowin_V1.9.12_x64\IDE\data\ipcores\GAO\GW_AO_0\gw_ao_match.v'("E:\Program_File(x86)\Gowin\Gowin_V1.9.12_x64\IDE\data\ipcores\GAO\GW_AO_0\gw_ao_match.v":374)
Analyzing included file 'D:\Code\git\GoWinSDR\FPGA\Submodule\DDR_FIFO\impl\gwsynthesis\RTL_GAO\ao_0\gw_ao_top_define.v'("E:\Program_File(x86)\Gowin\Gowin_V1.9.12_x64\IDE\data\ipcores\GAO\GW_AO_0\gw_ao_match.v":374)
Back to file 'E:\Program_File(x86)\Gowin\Gowin_V1.9.12_x64\IDE\data\ipcores\GAO\GW_AO_0\gw_ao_match.v'("E:\Program_File(x86)\Gowin\Gowin_V1.9.12_x64\IDE\data\ipcores\GAO\GW_AO_0\gw_ao_match.v":374)
Analyzing included file 'D:\Code\git\GoWinSDR\FPGA\Submodule\DDR_FIFO\impl\gwsynthesis\RTL_GAO\ao_0\gw_ao_init.v'("E:\Program_File(x86)\Gowin\Gowin_V1.9.12_x64\IDE\data\ipcores\GAO\GW_AO_0\gw_ao_match.v":374)
Back to file 'E:\Program_File(x86)\Gowin\Gowin_V1.9.12_x64\IDE\data\ipcores\GAO\GW_AO_0\gw_ao_match.v'("E:\Program_File(x86)\Gowin\Gowin_V1.9.12_x64\IDE\data\ipcores\GAO\GW_AO_0\gw_ao_match.v":374)
Analyzing Verilog file 'E:\Program_File(x86)\Gowin\Gowin_V1.9.12_x64\IDE\data\ipcores\GAO\GW_AO_0\gw_ao_mem_ctrl.v'
Analyzing included file 'D:\Code\git\GoWinSDR\FPGA\Submodule\DDR_FIFO\impl\gwsynthesis\RTL_GAO\ao_0\gw_ao_top_define.v'("E:\Program_File(x86)\Gowin\Gowin_V1.9.12_x64\IDE\data\ipcores\GAO\GW_AO_0\gw_ao_mem_ctrl.v":1256)
Back to file 'E:\Program_File(x86)\Gowin\Gowin_V1.9.12_x64\IDE\data\ipcores\GAO\GW_AO_0\gw_ao_mem_ctrl.v'("E:\Program_File(x86)\Gowin\Gowin_V1.9.12_x64\IDE\data\ipcores\GAO\GW_AO_0\gw_ao_mem_ctrl.v":1256)
Analyzing Verilog file 'E:\Program_File(x86)\Gowin\Gowin_V1.9.12_x64\IDE\data\ipcores\GAO\GW_AO_0\gw_ao_top.v'
Analyzing included file 'E:\Program_File(x86)\Gowin\Gowin_V1.9.12_x64\IDE\data\ipcores\GAO\GW_AO_0\gw_ao_define.v'("E:\Program_File(x86)\Gowin\Gowin_V1.9.12_x64\IDE\data\ipcores\GAO\GW_AO_0\gw_ao_top.v":3042)
Back to file 'E:\Program_File(x86)\Gowin\Gowin_V1.9.12_x64\IDE\data\ipcores\GAO\GW_AO_0\gw_ao_top.v'("E:\Program_File(x86)\Gowin\Gowin_V1.9.12_x64\IDE\data\ipcores\GAO\GW_AO_0\gw_ao_top.v":3042)
Analyzing included file 'D:\Code\git\GoWinSDR\FPGA\Submodule\DDR_FIFO\impl\gwsynthesis\RTL_GAO\ao_0\gw_ao_top_define.v'("E:\Program_File(x86)\Gowin\Gowin_V1.9.12_x64\IDE\data\ipcores\GAO\GW_AO_0\gw_ao_top.v":3042)
Back to file 'E:\Program_File(x86)\Gowin\Gowin_V1.9.12_x64\IDE\data\ipcores\GAO\GW_AO_0\gw_ao_top.v'("E:\Program_File(x86)\Gowin\Gowin_V1.9.12_x64\IDE\data\ipcores\GAO\GW_AO_0\gw_ao_top.v":3042)
Analyzing included file 'D:\Code\git\GoWinSDR\FPGA\Submodule\DDR_FIFO\impl\gwsynthesis\RTL_GAO\ao_0\gw_ao_expression.v'("E:\Program_File(x86)\Gowin\Gowin_V1.9.12_x64\IDE\data\ipcores\GAO\GW_AO_0\gw_ao_top.v":3042)
Back to file 'E:\Program_File(x86)\Gowin\Gowin_V1.9.12_x64\IDE\data\ipcores\GAO\GW_AO_0\gw_ao_top.v'("E:\Program_File(x86)\Gowin\Gowin_V1.9.12_x64\IDE\data\ipcores\GAO\GW_AO_0\gw_ao_top.v":3042)
Analyzing included file 'D:\Code\git\GoWinSDR\FPGA\Submodule\DDR_FIFO\impl\gwsynthesis\RTL_GAO\ao_0\gw_ao_parameter.v'("E:\Program_File(x86)\Gowin\Gowin_V1.9.12_x64\IDE\data\ipcores\GAO\GW_AO_0\gw_ao_top.v":3042)
Back to file 'E:\Program_File(x86)\Gowin\Gowin_V1.9.12_x64\IDE\data\ipcores\GAO\GW_AO_0\gw_ao_top.v'("E:\Program_File(x86)\Gowin\Gowin_V1.9.12_x64\IDE\data\ipcores\GAO\GW_AO_0\gw_ao_top.v":3042)
Analyzing included file 'D:\Code\git\GoWinSDR\FPGA\Submodule\DDR_FIFO\impl\gwsynthesis\RTL_GAO\ao_0\gw_ao_init.v'("E:\Program_File(x86)\Gowin\Gowin_V1.9.12_x64\IDE\data\ipcores\GAO\GW_AO_0\gw_ao_top.v":3042)
Back to file 'E:\Program_File(x86)\Gowin\Gowin_V1.9.12_x64\IDE\data\ipcores\GAO\GW_AO_0\gw_ao_top.v'("E:\Program_File(x86)\Gowin\Gowin_V1.9.12_x64\IDE\data\ipcores\GAO\GW_AO_0\gw_ao_top.v":3042)
Analyzing Verilog file 'E:\Program_File(x86)\Gowin\Gowin_V1.9.12_x64\IDE\data\ipcores\GAO\GW_CON\gw_con_top.v'
Analyzing included file 'D:\Code\git\GoWinSDR\FPGA\Submodule\DDR_FIFO\impl\gwsynthesis\RTL_GAO\ao_control\gw_con_top_define.v'("E:\Program_File(x86)\Gowin\Gowin_V1.9.12_x64\IDE\data\ipcores\GAO\GW_CON\gw_con_top.v":377)
Back to file 'E:\Program_File(x86)\Gowin\Gowin_V1.9.12_x64\IDE\data\ipcores\GAO\GW_CON\gw_con_top.v'("E:\Program_File(x86)\Gowin\Gowin_V1.9.12_x64\IDE\data\ipcores\GAO\GW_CON\gw_con_top.v":377)
Analyzing included file 'D:\Code\git\GoWinSDR\FPGA\Submodule\DDR_FIFO\impl\gwsynthesis\RTL_GAO\ao_control\gw_con_parameter.v'("E:\Program_File(x86)\Gowin\Gowin_V1.9.12_x64\IDE\data\ipcores\GAO\GW_CON\gw_con_top.v":377)
Back to file 'E:\Program_File(x86)\Gowin\Gowin_V1.9.12_x64\IDE\data\ipcores\GAO\GW_CON\gw_con_top.v'("E:\Program_File(x86)\Gowin\Gowin_V1.9.12_x64\IDE\data\ipcores\GAO\GW_CON\gw_con_top.v":377)
Analyzing Verilog file 'E:\Program_File(x86)\Gowin\Gowin_V1.9.12_x64\IDE\data\ipcores\gw_jtag.v'
Analyzing Verilog file 'D:\Code\git\GoWinSDR\FPGA\Submodule\DDR_FIFO\impl\gwsynthesis\RTL_GAO\gw_gao_top.v'
Compiling module 'eth_ddr3_loopback_top'("D:\Code\git\GoWinSDR\FPGA\Submodule\DDR_FIFO\src\top.v":1)
Compiling module 'eth_transceiver(BOARD_MAC=48'b000100010100010100010100000110010001100110000001,BOARD_IP=32'b11000000101010000000001100000010,BOARD_PORT=16'b1000000000000000,DES_MAC=48'b111111111111111111111111111111111111111111111111,DES_IP=32'b11000000101010000000001100000011,DES_PORT=16'b1000000000000000)'("D:\Code\git\GoWinSDR\FPGA\Submodule\DDR_FIFO\src\eth_transceiver.v":1)
Extracting RAM for identifier 'tx_buffer'("D:\Code\git\GoWinSDR\FPGA\Submodule\DDR_FIFO\src\eth_transceiver.v":311)
Compiling module 'Gowin_PLL_ETH'("D:\Code\git\GoWinSDR\FPGA\Submodule\DDR_FIFO\src\gowin_pll_eth\gowin_pll_eth.v":1)
Compiling module 'Gowin_PLL_ETH_MOD'("D:\Code\git\GoWinSDR\FPGA\Submodule\DDR_FIFO\src\gowin_pll_eth\gowin_pll_eth_mod.v":10)
Compiling module 'PLL_INIT(MULTI_FAC=15)'("D:\Code\git\GoWinSDR\FPGA\Submodule\DDR_FIFO\src\pll_init.v":4)
Compiling module 'crc'("D:\Code\git\GoWinSDR\FPGA\Submodule\DDR_FIFO\src\crc.v":3)
Compiling module 'GMII2RGMII'("D:\Code\git\GoWinSDR\FPGA\Submodule\DDR_FIFO\src\gowin_ddr\GMII2RGMII.v":9)
WARN  (EX2565) : Input 'mdclk' on this instance is undriven. Assigning to 0, simulation mismatch possible. Please assign the input or remove the declaration("D:\Code\git\GoWinSDR\FPGA\Submodule\DDR_FIFO\src\eth_transceiver.v":49)
Compiling module 'DDR3_LARGE_FIFO(WR_DATA_WIDTH=8,RD_DATA_WIDTH=8,FIFO_DEPTH=16777216)'("D:\Code\git\GoWinSDR\FPGA\Submodule\DDR_FIFO\src\fifo_ddr.v":1)
Compiling module 'Gowin_PLL'("D:\Code\git\GoWinSDR\FPGA\Submodule\DDR_FIFO\src\gowin_pll\gowin_pll.v":1)
Compiling module 'Gowin_PLL_MOD'("D:\Code\git\GoWinSDR\FPGA\Submodule\DDR_FIFO\src\gowin_pll\gowin_pll_mod.v":10)
Compiling module 'PLL_INIT(MULTI_FAC=16)'("D:\Code\git\GoWinSDR\FPGA\Submodule\DDR_FIFO\src\pll_init.v":4)
Compiling module 'DDR3_Memory_Interface_Top'("D:\Code\git\GoWinSDR\FPGA\Submodule\DDR_FIFO\src\ddr3_memory_interface\ddr3_memory_interface.v":19327)
Compiling module '**'("D:\Code\git\GoWinSDR\FPGA\Submodule\DDR_FIFO\src\ddr3_memory_interface\ddr3_memory_interface.v":19326)
WARN  (EX3670) : Actual bit length 28 differs from formal bit length 30 for port 'addr'("D:\Code\git\GoWinSDR\FPGA\Submodule\DDR_FIFO\src\fifo_ddr.v":110)
WARN  (EX3670) : Actual bit length 14 differs from formal bit length 15 for port 'O_ddr_addr'("D:\Code\git\GoWinSDR\FPGA\Submodule\DDR_FIFO\src\fifo_ddr.v":125)
Compiling module 'ASYNC_FIFO(DWIDTH=128,AWIDTH=8)'("D:\Code\git\GoWinSDR\FPGA\Submodule\DDR_FIFO\src\fifo_ddr.v":529)
Extracting RAM for identifier 'mem'("D:\Code\git\GoWinSDR\FPGA\Submodule\DDR_FIFO\src\fifo_ddr.v":547)
WARN  (EX3791) : Expression size 10 truncated to fit in target size 9("D:\Code\git\GoWinSDR\FPGA\Submodule\DDR_FIFO\src\fifo_ddr.v":576)
WARN  (EX3791) : Expression size 10 truncated to fit in target size 9("D:\Code\git\GoWinSDR\FPGA\Submodule\DDR_FIFO\src\fifo_ddr.v":586)
Compiling module 'ASYNC_FIFO(DWIDTH=128,AWIDTH=8,ALMOST_EMPTY_THRESHOLD=32)'("D:\Code\git\GoWinSDR\FPGA\Submodule\DDR_FIFO\src\fifo_ddr.v":529)
Extracting RAM for identifier 'mem'("D:\Code\git\GoWinSDR\FPGA\Submodule\DDR_FIFO\src\fifo_ddr.v":547)
WARN  (EX3791) : Expression size 10 truncated to fit in target size 9("D:\Code\git\GoWinSDR\FPGA\Submodule\DDR_FIFO\src\fifo_ddr.v":576)
WARN  (EX3791) : Expression size 10 truncated to fit in target size 9("D:\Code\git\GoWinSDR\FPGA\Submodule\DDR_FIFO\src\fifo_ddr.v":586)
WARN  (EX3791) : Expression size 6 truncated to fit in target size 5("D:\Code\git\GoWinSDR\FPGA\Submodule\DDR_FIFO\src\fifo_ddr.v":299)
WARN  (EX3791) : Expression size 32 truncated to fit in target size 5("D:\Code\git\GoWinSDR\FPGA\Submodule\DDR_FIFO\src\fifo_ddr.v":329)
WARN  (EX3791) : Expression size 29 truncated to fit in target size 28("D:\Code\git\GoWinSDR\FPGA\Submodule\DDR_FIFO\src\fifo_ddr.v":447)
WARN  (EX3791) : Expression size 9 truncated to fit in target size 8("D:\Code\git\GoWinSDR\FPGA\Submodule\DDR_FIFO\src\fifo_ddr.v":460)
WARN  (EX3791) : Expression size 29 truncated to fit in target size 28("D:\Code\git\GoWinSDR\FPGA\Submodule\DDR_FIFO\src\fifo_ddr.v":474)
WARN  (EX3791) : Expression size 9 truncated to fit in target size 8("D:\Code\git\GoWinSDR\FPGA\Submodule\DDR_FIFO\src\fifo_ddr.v":486)
WARN  (EX3791) : Expression size 32 truncated to fit in target size 3("D:\Code\git\GoWinSDR\FPGA\Submodule\DDR_FIFO\src\fifo_ddr.v":499)
WARN  (EX3791) : Expression size 9 truncated to fit in target size 8("D:\Code\git\GoWinSDR\FPGA\Submodule\DDR_FIFO\src\fifo_ddr.v":511)
Compiling module 'gw_gao'("D:\Code\git\GoWinSDR\FPGA\Submodule\DDR_FIFO\impl\gwsynthesis\RTL_GAO\gw_gao_top.v":1)
Compiling module 'GW_JTAG'("E:\Program_File(x86)\Gowin\Gowin_V1.9.12_x64\IDE\data\ipcores\gw_jtag.v":1)
Compiling module '**'("E:\Program_File(x86)\Gowin\Gowin_V1.9.12_x64\IDE\data\ipcores\GAO\GW_CON\gw_con_top.v":377)
Compiling module '**'("E:\Program_File(x86)\Gowin\Gowin_V1.9.12_x64\IDE\data\ipcores\GAO\GW_AO_0\gw_ao_top.v":3042)
Compiling module '**'("E:\Program_File(x86)\Gowin\Gowin_V1.9.12_x64\IDE\data\ipcores\GAO\GW_AO_0\gw_ao_mem_ctrl.v":1256)
Extracting RAM for identifier '**'("E:\Program_File(x86)\Gowin\Gowin_V1.9.12_x64\IDE\data\ipcores\GAO\GW_AO_0\gw_ao_mem_ctrl.v":1256)
Compiling module '**'("E:\Program_File(x86)\Gowin\Gowin_V1.9.12_x64\IDE\data\ipcores\GAO\GW_AO_0\gw_ao_crc32.v":74)
Compiling module '**'("E:\Program_File(x86)\Gowin\Gowin_V1.9.12_x64\IDE\data\ipcores\GAO\GW_AO_0\gw_ao_match.v":374)
Trying to combine GAO to RTL design
NOTE  (EX0101) : Current top module is "eth_ddr3_loopback_top"
[5%] Running netlist conversion ...
Running device independent optimization ...
[10%] Optimizing Phase 0 completed
[15%] Optimizing Phase 1 completed
[25%] Optimizing Phase 2 completed
Running inference ...
[30%] Inferring Phase 0 completed
[40%] Inferring Phase 1 completed
[50%] Inferring Phase 2 completed
[55%] Inferring Phase 3 completed
Running technical mapping ...
[60%] Tech-Mapping Phase 0 completed
[65%] Tech-Mapping Phase 1 completed
[75%] Tech-Mapping Phase 2 completed
[80%] Tech-Mapping Phase 3 completed
[90%] Tech-Mapping Phase 4 completed
WARN  (NL0002) : The module "PLL_INIT" instantiated to "u_pll_init" is swept in optimizing("D:\Code\git\GoWinSDR\FPGA\Submodule\DDR_FIFO\src\gowin_pll_eth\gowin_pll_eth.v":52)
[95%] Generate netlist file "D:\Code\git\GoWinSDR\FPGA\Submodule\DDR_FIFO\impl\gwsynthesis\DDR_FIFO.vg" completed
[100%] Generate report file "D:\Code\git\GoWinSDR\FPGA\Submodule\DDR_FIFO\impl\gwsynthesis\DDR_FIFO_syn.rpt.html" completed
GowinSynthesis finish
