GowinSynthesis start
Running parser ...
Analyzing Verilog file 'E:\Program_File(x86)\Gowin\Gowin_V1.9.12_x64\IDE\ipcore\Integer_Division\data\integer_division_wrap.v'
Analyzing included file 'define.vh'("E:\Program_File(x86)\Gowin\Gowin_V1.9.12_x64\IDE\ipcore\Integer_Division\data\integer_division_wrap.v":1)
Back to file 'E:\Program_File(x86)\Gowin\Gowin_V1.9.12_x64\IDE\ipcore\Integer_Division\data\integer_division_wrap.v'("E:\Program_File(x86)\Gowin\Gowin_V1.9.12_x64\IDE\ipcore\Integer_Division\data\integer_division_wrap.v":1)
Analyzing included file 'E:\Program_File(x86)\Gowin\Gowin_V1.9.12_x64\IDE\ipcore\Integer_Division\data\static_macro_define.v'("E:\Program_File(x86)\Gowin\Gowin_V1.9.12_x64\IDE\ipcore\Integer_Division\data\integer_division_wrap.v":2)
Back to file 'E:\Program_File(x86)\Gowin\Gowin_V1.9.12_x64\IDE\ipcore\Integer_Division\data\integer_division_wrap.v'("E:\Program_File(x86)\Gowin\Gowin_V1.9.12_x64\IDE\ipcore\Integer_Division\data\integer_division_wrap.v":2)
Analyzing included file 'parameter.vh'("E:\Program_File(x86)\Gowin\Gowin_V1.9.12_x64\IDE\ipcore\Integer_Division\data\integer_division_wrap.v":17)
Back to file 'E:\Program_File(x86)\Gowin\Gowin_V1.9.12_x64\IDE\ipcore\Integer_Division\data\integer_division_wrap.v'("E:\Program_File(x86)\Gowin\Gowin_V1.9.12_x64\IDE\ipcore\Integer_Division\data\integer_division_wrap.v":17)
Analyzing Verilog file 'E:\Program_File(x86)\Gowin\Gowin_V1.9.12_x64\IDE\ipcore\Integer_Division\data\integer_division.v'
Analyzing included file 'define.vh'("E:\Program_File(x86)\Gowin\Gowin_V1.9.12_x64\IDE\ipcore\Integer_Division\data\integer_division.v":671)
Back to file 'E:\Program_File(x86)\Gowin\Gowin_V1.9.12_x64\IDE\ipcore\Integer_Division\data\integer_division.v'("E:\Program_File(x86)\Gowin\Gowin_V1.9.12_x64\IDE\ipcore\Integer_Division\data\integer_division.v":671)
Analyzing included file 'E:\Program_File(x86)\Gowin\Gowin_V1.9.12_x64\IDE\ipcore\Integer_Division\data\static_macro_define.v'("E:\Program_File(x86)\Gowin\Gowin_V1.9.12_x64\IDE\ipcore\Integer_Division\data\integer_division.v":671)
Back to file 'E:\Program_File(x86)\Gowin\Gowin_V1.9.12_x64\IDE\ipcore\Integer_Division\data\integer_division.v'("E:\Program_File(x86)\Gowin\Gowin_V1.9.12_x64\IDE\ipcore\Integer_Division\data\integer_division.v":671)
Compiling module 'Integer_Division'("E:\Program_File(x86)\Gowin\Gowin_V1.9.12_x64\IDE\ipcore\Integer_Division\data\integer_division_wrap.v":3)
Compiling module '**'("E:\Program_File(x86)\Gowin\Gowin_V1.9.12_x64\IDE\ipcore\Integer_Division\data\integer_division.v":671)
NOTE  (EX0101) : Current top module is "Integer_Division"
[5%] Running netlist conversion ...
Running device independent optimization ...
[10%] Optimizing Phase 0 completed
[15%] Optimizing Phase 1 completed
[25%] Optimizing Phase 2 completed
Running inference ...
[30%] Inferring Phase 0 completed
[40%] Inferring Phase 1 completed
[50%] Inferring Phase 2 completed
[55%] Inferring Phase 3 completed
Running technical mapping ...
[60%] Tech-Mapping Phase 0 completed
[65%] Tech-Mapping Phase 1 completed
[75%] Tech-Mapping Phase 2 completed
[80%] Tech-Mapping Phase 3 completed
[90%] Tech-Mapping Phase 4 completed
[95%] Generate netlist file "D:\Code\git\GoWinSDR\FPGA\SDR_Final_CMOS\src\integer_division\temp\integer_division\integer_division.vg" completed
Generate template file "D:\Code\git\GoWinSDR\FPGA\SDR_Final_CMOS\src\integer_division\temp\integer_division\integer_division_tmp.v" completed
[100%] Generate report file "D:\Code\git\GoWinSDR\FPGA\SDR_Final_CMOS\src\integer_division\temp\integer_division\integer_division_syn.rpt.html" completed
GowinSynthesis finish
