GowinSynthesis start
Running parser ...
Analyzing Verilog file 'E:\Program_File(x86)\Gowin\Gowin_V1.9.12_x64\IDE\ipcore\DDR\data\ddr_138k.v'
Analyzing included file 'ddr_param.v'("E:\Program_File(x86)\Gowin\Gowin_V1.9.12_x64\IDE\ipcore\DDR\data\ddr_138k.v":1)
Back to file 'E:\Program_File(x86)\Gowin\Gowin_V1.9.12_x64\IDE\ipcore\DDR\data\ddr_138k.v'("E:\Program_File(x86)\Gowin\Gowin_V1.9.12_x64\IDE\ipcore\DDR\data\ddr_138k.v":1)
Compiling module 'GMII2RGMII'("E:\Program_File(x86)\Gowin\Gowin_V1.9.12_x64\IDE\ipcore\DDR\data\ddr_138k.v":406)
NOTE  (EX0101) : Current top module is "GMII2RGMII"
[5%] Running netlist conversion ...
Running device independent optimization ...
[10%] Optimizing Phase 0 completed
[15%] Optimizing Phase 1 completed
[25%] Optimizing Phase 2 completed
Running inference ...
[30%] Inferring Phase 0 completed
[40%] Inferring Phase 1 completed
[50%] Inferring Phase 2 completed
[55%] Inferring Phase 3 completed
Running technical mapping ...
[60%] Tech-Mapping Phase 0 completed
[65%] Tech-Mapping Phase 1 completed
[75%] Tech-Mapping Phase 2 completed
[80%] Tech-Mapping Phase 3 completed
[90%] Tech-Mapping Phase 4 completed
[95%] Generate netlist file "D:\Code\git\GoWinSDR\FPGA\SDR_TANG_CMOS\src\gowin_ddr_GMII2RGMII\temp\DDR\GMII2RGMII.vg" completed
Generate template file "D:\Code\git\GoWinSDR\FPGA\SDR_TANG_CMOS\src\gowin_ddr_GMII2RGMII\temp\DDR\GMII2RGMII_tmp.v" completed
[100%] Generate report file "D:\Code\git\GoWinSDR\FPGA\SDR_TANG_CMOS\src\gowin_ddr_GMII2RGMII\temp\DDR\GMII2RGMII_syn.rpt.html" completed
GowinSynthesis finish
