Reading netlist file: "D:\Code\git\GoWinSDR\FPGA\SDR_Final_CMOS\impl\gwsynthesis\SDR_TANG_CMOS.vg"
Parsing netlist file "D:\Code\git\GoWinSDR\FPGA\SDR_Final_CMOS\impl\gwsynthesis\SDR_TANG_CMOS.vg" completed
Processing netlist completed
Reading constraint file: "D:\Code\git\GoWinSDR\FPGA\SDR_Final_CMOS\src\SDR_Test.cst"
Physical Constraint parsed completed
Running placement......
[10%] Placement Phase 0 completed
[20%] Placement Phase 1 completed
[30%] Placement Phase 2 completed
WARN  (TA1132) :  'tck_pad_i' was determined to be a clock but was not created.
WARN  (TA1132) :  'u_rf_rxt_4_4' was determined to be a clock but was not created.
WARN  (TA1132) :  'rx_clk_out' was determined to be a clock but was not created.
WARN  (TA1132) :  'u_rf_data_processor_2_6' was determined to be a clock but was not created.
WARN  (TA1118) : the clock "sys_clk"'s frequency does not match eth_inst/pll_inst/u_pll/PLLA_inst's param "FCLKIN = "50""
[50%] Placement Phase 3 completed
Running routing......
[60%] Routing Phase 0 completed
[70%] Routing Phase 1 completed
[80%] Routing Phase 2 completed
WARN  (PR1014) : Generic routing resource will be used to clock signal 'sys_clk_d' by the specified constraint. And then it may lead to the excessive delay or skew
[90%] Routing Phase 3 completed
Running timing analysis......
[95%] Timing analysis completed
Placement and routing completed
Bitstream generation in progress......
Bitstream generation completed
Running power analysis......
[100%] Power analysis completed
Generate file "D:\Code\git\GoWinSDR\FPGA\SDR_Final_CMOS\impl\pnr\SDR_TANG_CMOS.power.html" completed
Generate file "D:\Code\git\GoWinSDR\FPGA\SDR_Final_CMOS\impl\pnr\SDR_TANG_CMOS.pin.html" completed
Generate file "D:\Code\git\GoWinSDR\FPGA\SDR_Final_CMOS\impl\pnr\SDR_TANG_CMOS.rpt.html" completed
Generate file "D:\Code\git\GoWinSDR\FPGA\SDR_Final_CMOS\impl\pnr\SDR_TANG_CMOS.rpt.txt" completed
Generate file "D:\Code\git\GoWinSDR\FPGA\SDR_Final_CMOS\impl\pnr\SDR_TANG_CMOS.tr.html" completed
Fri Nov  7 06:46:03 2025

