GowinSynthesis start
Running parser ...
Analyzing Verilog file 'D:\Code\Gowin\SDR_TANG_CMOS\src\ad9363_dev_cmos.v'
Analyzing Verilog file 'D:\Code\Gowin\SDR_TANG_CMOS\src\top.v'
Undeclared symbol 'gclk_div', assumed default net type 'wire'("D:\Code\Gowin\SDR_TANG_CMOS\src\top.v":33)
Undeclared symbol 'dac_r1_mode', assumed default net type 'wire'("D:\Code\Gowin\SDR_TANG_CMOS\src\top.v":47)
Undeclared symbol 'adc_r1_mode', assumed default net type 'wire'("D:\Code\Gowin\SDR_TANG_CMOS\src\top.v":48)
Analyzing Verilog file 'D:\Code\Gowin\SDR_TANG_CMOS\src\gowin_pll\gowin_pll.v'
Analyzing Verilog file 'D:\Code\Gowin\SDR_TANG_CMOS\src\gowin_pll\gowin_pll_mod.v'
Analyzing Verilog file 'D:\Code\Gowin\SDR_TANG_CMOS\src\pll_init.v'
Analyzing Verilog file 'D:\Code\Gowin\SDR_TANG_CMOS\src\dds_ii\dds_ii.v'
Analyzing Verilog file 'E:\Program_File(x86)\Gowin\Gowin_V1.9.12_x64\IDE\data\ipcores\GAO\GW_AO_0\gw_ao_crc32.v'
Analyzing Verilog file 'E:\Program_File(x86)\Gowin\Gowin_V1.9.12_x64\IDE\data\ipcores\GAO\GW_AO_0\gw_ao_match.v'
Analyzing included file 'E:\Program_File(x86)\Gowin\Gowin_V1.9.12_x64\IDE\data\ipcores\GAO\GW_AO_0\gw_ao_define.v'("E:\Program_File(x86)\Gowin\Gowin_V1.9.12_x64\IDE\data\ipcores\GAO\GW_AO_0\gw_ao_match.v":374)
Back to file 'E:\Program_File(x86)\Gowin\Gowin_V1.9.12_x64\IDE\data\ipcores\GAO\GW_AO_0\gw_ao_match.v'("E:\Program_File(x86)\Gowin\Gowin_V1.9.12_x64\IDE\data\ipcores\GAO\GW_AO_0\gw_ao_match.v":374)
Analyzing included file 'D:\Code\Gowin\SDR_TANG_CMOS\impl\gwsynthesis\RTL_GAO\ao_0\gw_ao_top_define.v'("E:\Program_File(x86)\Gowin\Gowin_V1.9.12_x64\IDE\data\ipcores\GAO\GW_AO_0\gw_ao_match.v":374)
Back to file 'E:\Program_File(x86)\Gowin\Gowin_V1.9.12_x64\IDE\data\ipcores\GAO\GW_AO_0\gw_ao_match.v'("E:\Program_File(x86)\Gowin\Gowin_V1.9.12_x64\IDE\data\ipcores\GAO\GW_AO_0\gw_ao_match.v":374)
Analyzing included file 'D:\Code\Gowin\SDR_TANG_CMOS\impl\gwsynthesis\RTL_GAO\ao_0\gw_ao_init.v'("E:\Program_File(x86)\Gowin\Gowin_V1.9.12_x64\IDE\data\ipcores\GAO\GW_AO_0\gw_ao_match.v":374)
Back to file 'E:\Program_File(x86)\Gowin\Gowin_V1.9.12_x64\IDE\data\ipcores\GAO\GW_AO_0\gw_ao_match.v'("E:\Program_File(x86)\Gowin\Gowin_V1.9.12_x64\IDE\data\ipcores\GAO\GW_AO_0\gw_ao_match.v":374)
Analyzing Verilog file 'E:\Program_File(x86)\Gowin\Gowin_V1.9.12_x64\IDE\data\ipcores\GAO\GW_AO_0\gw_ao_mem_ctrl.v'
Analyzing included file 'D:\Code\Gowin\SDR_TANG_CMOS\impl\gwsynthesis\RTL_GAO\ao_0\gw_ao_top_define.v'("E:\Program_File(x86)\Gowin\Gowin_V1.9.12_x64\IDE\data\ipcores\GAO\GW_AO_0\gw_ao_mem_ctrl.v":1256)
Back to file 'E:\Program_File(x86)\Gowin\Gowin_V1.9.12_x64\IDE\data\ipcores\GAO\GW_AO_0\gw_ao_mem_ctrl.v'("E:\Program_File(x86)\Gowin\Gowin_V1.9.12_x64\IDE\data\ipcores\GAO\GW_AO_0\gw_ao_mem_ctrl.v":1256)
Analyzing Verilog file 'E:\Program_File(x86)\Gowin\Gowin_V1.9.12_x64\IDE\data\ipcores\GAO\GW_AO_0\gw_ao_top.v'
Analyzing included file 'E:\Program_File(x86)\Gowin\Gowin_V1.9.12_x64\IDE\data\ipcores\GAO\GW_AO_0\gw_ao_define.v'("E:\Program_File(x86)\Gowin\Gowin_V1.9.12_x64\IDE\data\ipcores\GAO\GW_AO_0\gw_ao_top.v":3042)
Back to file 'E:\Program_File(x86)\Gowin\Gowin_V1.9.12_x64\IDE\data\ipcores\GAO\GW_AO_0\gw_ao_top.v'("E:\Program_File(x86)\Gowin\Gowin_V1.9.12_x64\IDE\data\ipcores\GAO\GW_AO_0\gw_ao_top.v":3042)
Analyzing included file 'D:\Code\Gowin\SDR_TANG_CMOS\impl\gwsynthesis\RTL_GAO\ao_0\gw_ao_top_define.v'("E:\Program_File(x86)\Gowin\Gowin_V1.9.12_x64\IDE\data\ipcores\GAO\GW_AO_0\gw_ao_top.v":3042)
Back to file 'E:\Program_File(x86)\Gowin\Gowin_V1.9.12_x64\IDE\data\ipcores\GAO\GW_AO_0\gw_ao_top.v'("E:\Program_File(x86)\Gowin\Gowin_V1.9.12_x64\IDE\data\ipcores\GAO\GW_AO_0\gw_ao_top.v":3042)
Analyzing included file 'D:\Code\Gowin\SDR_TANG_CMOS\impl\gwsynthesis\RTL_GAO\ao_0\gw_ao_expression.v'("E:\Program_File(x86)\Gowin\Gowin_V1.9.12_x64\IDE\data\ipcores\GAO\GW_AO_0\gw_ao_top.v":3042)
Back to file 'E:\Program_File(x86)\Gowin\Gowin_V1.9.12_x64\IDE\data\ipcores\GAO\GW_AO_0\gw_ao_top.v'("E:\Program_File(x86)\Gowin\Gowin_V1.9.12_x64\IDE\data\ipcores\GAO\GW_AO_0\gw_ao_top.v":3042)
Analyzing included file 'D:\Code\Gowin\SDR_TANG_CMOS\impl\gwsynthesis\RTL_GAO\ao_0\gw_ao_parameter.v'("E:\Program_File(x86)\Gowin\Gowin_V1.9.12_x64\IDE\data\ipcores\GAO\GW_AO_0\gw_ao_top.v":3042)
Back to file 'E:\Program_File(x86)\Gowin\Gowin_V1.9.12_x64\IDE\data\ipcores\GAO\GW_AO_0\gw_ao_top.v'("E:\Program_File(x86)\Gowin\Gowin_V1.9.12_x64\IDE\data\ipcores\GAO\GW_AO_0\gw_ao_top.v":3042)
Analyzing included file 'D:\Code\Gowin\SDR_TANG_CMOS\impl\gwsynthesis\RTL_GAO\ao_0\gw_ao_init.v'("E:\Program_File(x86)\Gowin\Gowin_V1.9.12_x64\IDE\data\ipcores\GAO\GW_AO_0\gw_ao_top.v":3042)
Back to file 'E:\Program_File(x86)\Gowin\Gowin_V1.9.12_x64\IDE\data\ipcores\GAO\GW_AO_0\gw_ao_top.v'("E:\Program_File(x86)\Gowin\Gowin_V1.9.12_x64\IDE\data\ipcores\GAO\GW_AO_0\gw_ao_top.v":3042)
Analyzing Verilog file 'E:\Program_File(x86)\Gowin\Gowin_V1.9.12_x64\IDE\data\ipcores\GAO\GW_CON\gw_con_top.v'
Analyzing included file 'D:\Code\Gowin\SDR_TANG_CMOS\impl\gwsynthesis\RTL_GAO\ao_control\gw_con_top_define.v'("E:\Program_File(x86)\Gowin\Gowin_V1.9.12_x64\IDE\data\ipcores\GAO\GW_CON\gw_con_top.v":377)
Back to file 'E:\Program_File(x86)\Gowin\Gowin_V1.9.12_x64\IDE\data\ipcores\GAO\GW_CON\gw_con_top.v'("E:\Program_File(x86)\Gowin\Gowin_V1.9.12_x64\IDE\data\ipcores\GAO\GW_CON\gw_con_top.v":377)
Analyzing included file 'D:\Code\Gowin\SDR_TANG_CMOS\impl\gwsynthesis\RTL_GAO\ao_control\gw_con_parameter.v'("E:\Program_File(x86)\Gowin\Gowin_V1.9.12_x64\IDE\data\ipcores\GAO\GW_CON\gw_con_top.v":377)
Back to file 'E:\Program_File(x86)\Gowin\Gowin_V1.9.12_x64\IDE\data\ipcores\GAO\GW_CON\gw_con_top.v'("E:\Program_File(x86)\Gowin\Gowin_V1.9.12_x64\IDE\data\ipcores\GAO\GW_CON\gw_con_top.v":377)
Analyzing Verilog file 'E:\Program_File(x86)\Gowin\Gowin_V1.9.12_x64\IDE\data\ipcores\gw_jtag.v'
Analyzing Verilog file 'D:\Code\Gowin\SDR_TANG_CMOS\impl\gwsynthesis\RTL_GAO\gw_gao_top.v'
WARN  (EX3073) : Port 'Q1' remains unconnected for this instance("D:\Code\Gowin\SDR_TANG_CMOS\src\ad9363_dev_cmos.v":48)
WARN  (EX3073) : Port 'Q1' remains unconnected for this instance("D:\Code\Gowin\SDR_TANG_CMOS\src\ad9363_dev_cmos.v":49)
WARN  (EX3073) : Port 'Q1' remains unconnected for this instance("D:\Code\Gowin\SDR_TANG_CMOS\src\ad9363_dev_cmos.v":50)
WARN  (EX3073) : Port 'Q1' remains unconnected for this instance("D:\Code\Gowin\SDR_TANG_CMOS\src\ad9363_dev_cmos.v":51)
WARN  (EX3073) : Port 'Q1' remains unconnected for this instance("D:\Code\Gowin\SDR_TANG_CMOS\src\ad9363_dev_cmos.v":52)
WARN  (EX3073) : Port 'Q1' remains unconnected for this instance("D:\Code\Gowin\SDR_TANG_CMOS\src\ad9363_dev_cmos.v":53)
WARN  (EX3073) : Port 'Q1' remains unconnected for this instance("D:\Code\Gowin\SDR_TANG_CMOS\src\ad9363_dev_cmos.v":54)
WARN  (EX3073) : Port 'Q1' remains unconnected for this instance("D:\Code\Gowin\SDR_TANG_CMOS\src\ad9363_dev_cmos.v":55)
WARN  (EX3073) : Port 'Q1' remains unconnected for this instance("D:\Code\Gowin\SDR_TANG_CMOS\src\ad9363_dev_cmos.v":56)
WARN  (EX3073) : Port 'Q1' remains unconnected for this instance("D:\Code\Gowin\SDR_TANG_CMOS\src\ad9363_dev_cmos.v":57)
WARN  (EX3073) : Port 'Q1' remains unconnected for this instance("D:\Code\Gowin\SDR_TANG_CMOS\src\ad9363_dev_cmos.v":58)
WARN  (EX3073) : Port 'Q1' remains unconnected for this instance("D:\Code\Gowin\SDR_TANG_CMOS\src\ad9363_dev_cmos.v":59)
WARN  (EX3073) : Port 'Q1' remains unconnected for this instance("D:\Code\Gowin\SDR_TANG_CMOS\src\ad9363_dev_cmos.v":67)
Compiling module 'ad9363_dev_cmos'("D:\Code\Gowin\SDR_TANG_CMOS\src\ad9363_dev_cmos.v":1)
WARN  (EX3780) : Using initial value of 'tx_frame' since it is never assigned("D:\Code\Gowin\SDR_TANG_CMOS\src\ad9363_dev_cmos.v":31)
Compiling module 'top'("D:\Code\Gowin\SDR_TANG_CMOS\src\top.v":1)
Compiling module 'Gowin_PLL'("D:\Code\Gowin\SDR_TANG_CMOS\src\gowin_pll\gowin_pll.v":1)
Compiling module 'Gowin_PLL_MOD'("D:\Code\Gowin\SDR_TANG_CMOS\src\gowin_pll\gowin_pll_mod.v":10)
Compiling module 'PLL_INIT(MULTI_FAC=20)'("D:\Code\Gowin\SDR_TANG_CMOS\src\pll_init.v":4)
Compiling module 'DDS_II_Top'("D:\Code\Gowin\SDR_TANG_CMOS\src\dds_ii\dds_ii.v":2497)
Compiling module '**'("D:\Code\Gowin\SDR_TANG_CMOS\src\dds_ii\dds_ii.v":2496)
Compiling module '**'("E:\Program_File(x86)\Gowin\Gowin_V1.9.12_x64\IDE\data\ipcores\GAO\GW_AO_0\gw_ao_crc32.v":74)
Compiling module '**'("E:\Program_File(x86)\Gowin\Gowin_V1.9.12_x64\IDE\data\ipcores\GAO\GW_AO_0\gw_ao_match.v":374)
Compiling module '**'("E:\Program_File(x86)\Gowin\Gowin_V1.9.12_x64\IDE\data\ipcores\GAO\GW_AO_0\gw_ao_mem_ctrl.v":1256)
Extracting RAM for identifier '**'("E:\Program_File(x86)\Gowin\Gowin_V1.9.12_x64\IDE\data\ipcores\GAO\GW_AO_0\gw_ao_mem_ctrl.v":1256)
Compiling module '**'("E:\Program_File(x86)\Gowin\Gowin_V1.9.12_x64\IDE\data\ipcores\GAO\GW_AO_0\gw_ao_top.v":3042)
Compiling module '**'("E:\Program_File(x86)\Gowin\Gowin_V1.9.12_x64\IDE\data\ipcores\GAO\GW_CON\gw_con_top.v":377)
Compiling module 'GW_JTAG'("E:\Program_File(x86)\Gowin\Gowin_V1.9.12_x64\IDE\data\ipcores\gw_jtag.v":1)
Compiling module 'gw_gao'("D:\Code\Gowin\SDR_TANG_CMOS\impl\gwsynthesis\RTL_GAO\gw_gao_top.v":1)
Trying to combine GAO to RTL design
NOTE  (EX0101) : Current top module is "top"
[5%] Running netlist conversion ...
Running device independent optimization ...
[10%] Optimizing Phase 0 completed
[15%] Optimizing Phase 1 completed
[25%] Optimizing Phase 2 completed
Running inference ...
[30%] Inferring Phase 0 completed
[40%] Inferring Phase 1 completed
[50%] Inferring Phase 2 completed
[55%] Inferring Phase 3 completed
Running technical mapping ...
[60%] Tech-Mapping Phase 0 completed
[65%] Tech-Mapping Phase 1 completed
[75%] Tech-Mapping Phase 2 completed
[80%] Tech-Mapping Phase 3 completed
[90%] Tech-Mapping Phase 4 completed
WARN  (NL0002) : The module "Gowin_PLL" instantiated to "pll0" is swept in optimizing("D:\Code\Gowin\SDR_TANG_CMOS\src\top.v":30)
WARN  (NL0002) : The module "Gowin_PLL_MOD" instantiated to "u_pll" is swept in optimizing("D:\Code\Gowin\SDR_TANG_CMOS\src\gowin_pll\gowin_pll.v":31)
WARN  (NL0002) : The module "PLL_INIT" instantiated to "u_pll_init" is swept in optimizing("D:\Code\Gowin\SDR_TANG_CMOS\src\gowin_pll\gowin_pll.v":49)
[95%] Generate netlist file "D:\Code\Gowin\SDR_TANG_CMOS\impl\gwsynthesis\SDR_TANG_CMOS.vg" completed
[100%] Generate report file "D:\Code\Gowin\SDR_TANG_CMOS\impl\gwsynthesis\SDR_TANG_CMOS_syn.rpt.html" completed
GowinSynthesis finish
