GowinSynthesis start
Running parser ...
Analyzing Verilog file 'D:\Code\git\GoWinSDR\FPGA\Submodule\ETH_TransRecv_Const\src\arp_responder.v'
Analyzing Verilog file 'D:\Code\git\GoWinSDR\FPGA\Submodule\ETH_TransRecv_Const\src\crc.v'
Analyzing Verilog file 'D:\Code\git\GoWinSDR\FPGA\Submodule\ETH_TransRecv_Const\src\eth_transceiver.v'
Analyzing Verilog file 'D:\Code\git\GoWinSDR\FPGA\Submodule\ETH_TransRecv_Const\src\gowin_ddr\GMII2RGMII.v'
Analyzing Verilog file 'D:\Code\git\GoWinSDR\FPGA\Submodule\ETH_TransRecv_Const\src\gowin_pll\gowin_pll.v'
Analyzing Verilog file 'D:\Code\git\GoWinSDR\FPGA\Submodule\ETH_TransRecv_Const\src\gowin_pll\gowin_pll_mod.v'
Analyzing Verilog file 'D:\Code\git\GoWinSDR\FPGA\Submodule\ETH_TransRecv_Const\src\pll_init.v'
Analyzing Verilog file 'D:\Code\git\GoWinSDR\FPGA\Submodule\ETH_TransRecv_Const\src\top.v'
WARN  (EX3628) : Redeclaration of ANSI port 'ACT_LED' is not allowed("D:\Code\git\GoWinSDR\FPGA\Submodule\ETH_TransRecv_Const\src\top.v":26)
Undeclared symbol 'led_rx', assumed default net type 'wire'("D:\Code\git\GoWinSDR\FPGA\Submodule\ETH_TransRecv_Const\src\top.v":63)
Undeclared symbol 'led_tx', assumed default net type 'wire'("D:\Code\git\GoWinSDR\FPGA\Submodule\ETH_TransRecv_Const\src\top.v":64)
Analyzing Verilog file 'E:\Program_File(x86)\Gowin\Gowin_V1.9.12_x64\IDE\data\ipcores\GAO\GW_AO_0\gw_ao_crc32.v'
Analyzing Verilog file 'E:\Program_File(x86)\Gowin\Gowin_V1.9.12_x64\IDE\data\ipcores\GAO\GW_AO_0\gw_ao_match.v'
Analyzing included file 'E:\Program_File(x86)\Gowin\Gowin_V1.9.12_x64\IDE\data\ipcores\GAO\GW_AO_0\gw_ao_define.v'("E:\Program_File(x86)\Gowin\Gowin_V1.9.12_x64\IDE\data\ipcores\GAO\GW_AO_0\gw_ao_match.v":374)
Back to file 'E:\Program_File(x86)\Gowin\Gowin_V1.9.12_x64\IDE\data\ipcores\GAO\GW_AO_0\gw_ao_match.v'("E:\Program_File(x86)\Gowin\Gowin_V1.9.12_x64\IDE\data\ipcores\GAO\GW_AO_0\gw_ao_match.v":374)
Analyzing included file 'D:\Code\git\GoWinSDR\FPGA\Submodule\ETH_TransRecv_Const\impl\gwsynthesis\RTL_GAO\ao_0\gw_ao_top_define.v'("E:\Program_File(x86)\Gowin\Gowin_V1.9.12_x64\IDE\data\ipcores\GAO\GW_AO_0\gw_ao_match.v":374)
Back to file 'E:\Program_File(x86)\Gowin\Gowin_V1.9.12_x64\IDE\data\ipcores\GAO\GW_AO_0\gw_ao_match.v'("E:\Program_File(x86)\Gowin\Gowin_V1.9.12_x64\IDE\data\ipcores\GAO\GW_AO_0\gw_ao_match.v":374)
Analyzing included file 'D:\Code\git\GoWinSDR\FPGA\Submodule\ETH_TransRecv_Const\impl\gwsynthesis\RTL_GAO\ao_0\gw_ao_init.v'("E:\Program_File(x86)\Gowin\Gowin_V1.9.12_x64\IDE\data\ipcores\GAO\GW_AO_0\gw_ao_match.v":374)
Back to file 'E:\Program_File(x86)\Gowin\Gowin_V1.9.12_x64\IDE\data\ipcores\GAO\GW_AO_0\gw_ao_match.v'("E:\Program_File(x86)\Gowin\Gowin_V1.9.12_x64\IDE\data\ipcores\GAO\GW_AO_0\gw_ao_match.v":374)
Analyzing Verilog file 'E:\Program_File(x86)\Gowin\Gowin_V1.9.12_x64\IDE\data\ipcores\GAO\GW_AO_0\gw_ao_mem_ctrl.v'
Analyzing included file 'D:\Code\git\GoWinSDR\FPGA\Submodule\ETH_TransRecv_Const\impl\gwsynthesis\RTL_GAO\ao_0\gw_ao_top_define.v'("E:\Program_File(x86)\Gowin\Gowin_V1.9.12_x64\IDE\data\ipcores\GAO\GW_AO_0\gw_ao_mem_ctrl.v":1256)
Back to file 'E:\Program_File(x86)\Gowin\Gowin_V1.9.12_x64\IDE\data\ipcores\GAO\GW_AO_0\gw_ao_mem_ctrl.v'("E:\Program_File(x86)\Gowin\Gowin_V1.9.12_x64\IDE\data\ipcores\GAO\GW_AO_0\gw_ao_mem_ctrl.v":1256)
Analyzing Verilog file 'E:\Program_File(x86)\Gowin\Gowin_V1.9.12_x64\IDE\data\ipcores\GAO\GW_AO_0\gw_ao_top.v'
Analyzing included file 'E:\Program_File(x86)\Gowin\Gowin_V1.9.12_x64\IDE\data\ipcores\GAO\GW_AO_0\gw_ao_define.v'("E:\Program_File(x86)\Gowin\Gowin_V1.9.12_x64\IDE\data\ipcores\GAO\GW_AO_0\gw_ao_top.v":3042)
Back to file 'E:\Program_File(x86)\Gowin\Gowin_V1.9.12_x64\IDE\data\ipcores\GAO\GW_AO_0\gw_ao_top.v'("E:\Program_File(x86)\Gowin\Gowin_V1.9.12_x64\IDE\data\ipcores\GAO\GW_AO_0\gw_ao_top.v":3042)
Analyzing included file 'D:\Code\git\GoWinSDR\FPGA\Submodule\ETH_TransRecv_Const\impl\gwsynthesis\RTL_GAO\ao_0\gw_ao_top_define.v'("E:\Program_File(x86)\Gowin\Gowin_V1.9.12_x64\IDE\data\ipcores\GAO\GW_AO_0\gw_ao_top.v":3042)
Back to file 'E:\Program_File(x86)\Gowin\Gowin_V1.9.12_x64\IDE\data\ipcores\GAO\GW_AO_0\gw_ao_top.v'("E:\Program_File(x86)\Gowin\Gowin_V1.9.12_x64\IDE\data\ipcores\GAO\GW_AO_0\gw_ao_top.v":3042)
Analyzing included file 'D:\Code\git\GoWinSDR\FPGA\Submodule\ETH_TransRecv_Const\impl\gwsynthesis\RTL_GAO\ao_0\gw_ao_expression.v'("E:\Program_File(x86)\Gowin\Gowin_V1.9.12_x64\IDE\data\ipcores\GAO\GW_AO_0\gw_ao_top.v":3042)
Back to file 'E:\Program_File(x86)\Gowin\Gowin_V1.9.12_x64\IDE\data\ipcores\GAO\GW_AO_0\gw_ao_top.v'("E:\Program_File(x86)\Gowin\Gowin_V1.9.12_x64\IDE\data\ipcores\GAO\GW_AO_0\gw_ao_top.v":3042)
Analyzing included file 'D:\Code\git\GoWinSDR\FPGA\Submodule\ETH_TransRecv_Const\impl\gwsynthesis\RTL_GAO\ao_0\gw_ao_parameter.v'("E:\Program_File(x86)\Gowin\Gowin_V1.9.12_x64\IDE\data\ipcores\GAO\GW_AO_0\gw_ao_top.v":3042)
Back to file 'E:\Program_File(x86)\Gowin\Gowin_V1.9.12_x64\IDE\data\ipcores\GAO\GW_AO_0\gw_ao_top.v'("E:\Program_File(x86)\Gowin\Gowin_V1.9.12_x64\IDE\data\ipcores\GAO\GW_AO_0\gw_ao_top.v":3042)
Analyzing included file 'D:\Code\git\GoWinSDR\FPGA\Submodule\ETH_TransRecv_Const\impl\gwsynthesis\RTL_GAO\ao_0\gw_ao_init.v'("E:\Program_File(x86)\Gowin\Gowin_V1.9.12_x64\IDE\data\ipcores\GAO\GW_AO_0\gw_ao_top.v":3042)
Back to file 'E:\Program_File(x86)\Gowin\Gowin_V1.9.12_x64\IDE\data\ipcores\GAO\GW_AO_0\gw_ao_top.v'("E:\Program_File(x86)\Gowin\Gowin_V1.9.12_x64\IDE\data\ipcores\GAO\GW_AO_0\gw_ao_top.v":3042)
Analyzing Verilog file 'E:\Program_File(x86)\Gowin\Gowin_V1.9.12_x64\IDE\data\ipcores\GAO\GW_CON\gw_con_top.v'
Analyzing included file 'D:\Code\git\GoWinSDR\FPGA\Submodule\ETH_TransRecv_Const\impl\gwsynthesis\RTL_GAO\ao_control\gw_con_top_define.v'("E:\Program_File(x86)\Gowin\Gowin_V1.9.12_x64\IDE\data\ipcores\GAO\GW_CON\gw_con_top.v":377)
Back to file 'E:\Program_File(x86)\Gowin\Gowin_V1.9.12_x64\IDE\data\ipcores\GAO\GW_CON\gw_con_top.v'("E:\Program_File(x86)\Gowin\Gowin_V1.9.12_x64\IDE\data\ipcores\GAO\GW_CON\gw_con_top.v":377)
Analyzing included file 'D:\Code\git\GoWinSDR\FPGA\Submodule\ETH_TransRecv_Const\impl\gwsynthesis\RTL_GAO\ao_control\gw_con_parameter.v'("E:\Program_File(x86)\Gowin\Gowin_V1.9.12_x64\IDE\data\ipcores\GAO\GW_CON\gw_con_top.v":377)
Back to file 'E:\Program_File(x86)\Gowin\Gowin_V1.9.12_x64\IDE\data\ipcores\GAO\GW_CON\gw_con_top.v'("E:\Program_File(x86)\Gowin\Gowin_V1.9.12_x64\IDE\data\ipcores\GAO\GW_CON\gw_con_top.v":377)
Analyzing Verilog file 'E:\Program_File(x86)\Gowin\Gowin_V1.9.12_x64\IDE\data\ipcores\gw_jtag.v'
Analyzing Verilog file 'D:\Code\git\GoWinSDR\FPGA\Submodule\ETH_TransRecv_Const\impl\gwsynthesis\RTL_GAO\gw_gao_top.v'
Compiling module 'eth_loopback_demo'("D:\Code\git\GoWinSDR\FPGA\Submodule\ETH_TransRecv_Const\src\top.v":1)
Compiling module 'eth_transceiver(BOARD_IP=32'b11000000101010000000001100000010)'("D:\Code\git\GoWinSDR\FPGA\Submodule\ETH_TransRecv_Const\src\eth_transceiver.v":1)
Extracting RAM for identifier 'tx_buffer'("D:\Code\git\GoWinSDR\FPGA\Submodule\ETH_TransRecv_Const\src\eth_transceiver.v":311)
Compiling module 'GMII_PLL'("D:\Code\git\GoWinSDR\FPGA\Submodule\ETH_TransRecv_Const\src\gowin_pll\gowin_pll.v":1)
Compiling module 'GMII_PLL_MOD'("D:\Code\git\GoWinSDR\FPGA\Submodule\ETH_TransRecv_Const\src\gowin_pll\gowin_pll_mod.v":10)
Compiling module 'PLL_INIT(MULTI_FAC=15)'("D:\Code\git\GoWinSDR\FPGA\Submodule\ETH_TransRecv_Const\src\pll_init.v":4)
Compiling module 'crc'("D:\Code\git\GoWinSDR\FPGA\Submodule\ETH_TransRecv_Const\src\crc.v":3)
Compiling module 'GMII2RGMII'("D:\Code\git\GoWinSDR\FPGA\Submodule\ETH_TransRecv_Const\src\gowin_ddr\GMII2RGMII.v":9)
WARN  (EX2565) : Input 'mdclk' on this instance is undriven. Assigning to 0, simulation mismatch possible. Please assign the input or remove the declaration("D:\Code\git\GoWinSDR\FPGA\Submodule\ETH_TransRecv_Const\src\eth_transceiver.v":49)
Compiling module 'gw_gao'("D:\Code\git\GoWinSDR\FPGA\Submodule\ETH_TransRecv_Const\impl\gwsynthesis\RTL_GAO\gw_gao_top.v":1)
Compiling module 'GW_JTAG'("E:\Program_File(x86)\Gowin\Gowin_V1.9.12_x64\IDE\data\ipcores\gw_jtag.v":1)
Compiling module '**'("E:\Program_File(x86)\Gowin\Gowin_V1.9.12_x64\IDE\data\ipcores\GAO\GW_CON\gw_con_top.v":377)
Compiling module '**'("E:\Program_File(x86)\Gowin\Gowin_V1.9.12_x64\IDE\data\ipcores\GAO\GW_AO_0\gw_ao_top.v":3042)
Compiling module '**'("E:\Program_File(x86)\Gowin\Gowin_V1.9.12_x64\IDE\data\ipcores\GAO\GW_AO_0\gw_ao_mem_ctrl.v":1256)
Extracting RAM for identifier '**'("E:\Program_File(x86)\Gowin\Gowin_V1.9.12_x64\IDE\data\ipcores\GAO\GW_AO_0\gw_ao_mem_ctrl.v":1256)
Compiling module '**'("E:\Program_File(x86)\Gowin\Gowin_V1.9.12_x64\IDE\data\ipcores\GAO\GW_AO_0\gw_ao_crc32.v":74)
Compiling module '**'("E:\Program_File(x86)\Gowin\Gowin_V1.9.12_x64\IDE\data\ipcores\GAO\GW_AO_0\gw_ao_match.v":374)
Trying to combine GAO to RTL design
NOTE  (EX0101) : Current top module is "eth_loopback_demo"
[5%] Running netlist conversion ...
Running device independent optimization ...
[10%] Optimizing Phase 0 completed
[15%] Optimizing Phase 1 completed
[25%] Optimizing Phase 2 completed
Running inference ...
[30%] Inferring Phase 0 completed
[40%] Inferring Phase 1 completed
[50%] Inferring Phase 2 completed
[55%] Inferring Phase 3 completed
Running technical mapping ...
[60%] Tech-Mapping Phase 0 completed
[65%] Tech-Mapping Phase 1 completed
[75%] Tech-Mapping Phase 2 completed
[80%] Tech-Mapping Phase 3 completed
[90%] Tech-Mapping Phase 4 completed
WARN  (NL0002) : The module "PLL_INIT" instantiated to "u_pll_init" is swept in optimizing("D:\Code\git\GoWinSDR\FPGA\Submodule\ETH_TransRecv_Const\src\gowin_pll\gowin_pll.v":52)
[95%] Generate netlist file "D:\Code\git\GoWinSDR\FPGA\Submodule\ETH_TransRecv_Const\impl\gwsynthesis\ETH_TransRecv.vg" completed
[100%] Generate report file "D:\Code\git\GoWinSDR\FPGA\Submodule\ETH_TransRecv_Const\impl\gwsynthesis\ETH_TransRecv_syn.rpt.html" completed
GowinSynthesis finish
