GowinSynthesis start
Running parser ...
Analyzing Verilog file 'D:\Code\git\GoWinSDR\FPGA\SDR_Final_CMOS_wifi\src\FIR_Calib\advanced_fir_filter.v'
Analyzing Verilog file 'D:\Code\git\GoWinSDR\FPGA\SDR_Final_CMOS_wifi\src\ad9363_dev_cmos.v'
Analyzing Verilog file 'D:\Code\git\GoWinSDR\FPGA\SDR_Final_CMOS_wifi\src\advanced_fir_filter\advanced_fir_filter.v'
Analyzing Verilog file 'D:\Code\git\GoWinSDR\FPGA\SDR_Final_CMOS_wifi\src\arp_responder.v'
Analyzing Verilog file 'D:\Code\git\GoWinSDR\FPGA\SDR_Final_CMOS_wifi\src\calibration.v'
Analyzing Verilog file 'D:\Code\git\GoWinSDR\FPGA\SDR_Final_CMOS_wifi\src\com_fpga.v'
Analyzing Verilog file 'D:\Code\git\GoWinSDR\FPGA\SDR_Final_CMOS_wifi\src\costas.v'
Analyzing Verilog file 'D:\Code\git\GoWinSDR\FPGA\SDR_Final_CMOS_wifi\src\costas_loop_filter.v'
Analyzing Verilog file 'D:\Code\git\GoWinSDR\FPGA\SDR_Final_CMOS_wifi\src\crc.v'
Analyzing Verilog file 'D:\Code\git\GoWinSDR\FPGA\SDR_Final_CMOS_wifi\src\dds_ii\dds_ii.v'
Analyzing Verilog file 'D:\Code\git\GoWinSDR\FPGA\SDR_Final_CMOS_wifi\src\dds_ii_costas\dds_ii.v'
Analyzing Verilog file 'D:\Code\git\GoWinSDR\FPGA\SDR_Final_CMOS_wifi\src\eth_frame_buf\eth_frame_buf.v'
Analyzing Verilog file 'D:\Code\git\GoWinSDR\FPGA\SDR_Final_CMOS_wifi\src\eth_frame_gene.v'
Analyzing Verilog file 'D:\Code\git\GoWinSDR\FPGA\SDR_Final_CMOS_wifi\src\eth_pack.v'
Analyzing Verilog file 'D:\Code\git\GoWinSDR\FPGA\SDR_Final_CMOS_wifi\src\eth_transceiver.v'
Analyzing Verilog file 'D:\Code\git\GoWinSDR\FPGA\SDR_Final_CMOS_wifi\src\fifo_eth_rx\fifo_top.v'
Analyzing Verilog file 'D:\Code\git\GoWinSDR\FPGA\SDR_Final_CMOS_wifi\src\fifo_eth_tx\fifo_eth_tx.v'
Analyzing Verilog file 'D:\Code\git\GoWinSDR\FPGA\SDR_Final_CMOS_wifi\src\fifo_top\fifo_top.v'
Analyzing Verilog file 'D:\Code\git\GoWinSDR\FPGA\SDR_Final_CMOS_wifi\src\fifo_top_rx\fifo_top_rx.v'
Analyzing Verilog file 'D:\Code\git\GoWinSDR\FPGA\SDR_Final_CMOS_wifi\src\fifo_wifi\fifo_top.v'
Analyzing Verilog file 'D:\Code\git\GoWinSDR\FPGA\SDR_Final_CMOS_wifi\src\gardner_sync.v'
Analyzing Verilog file 'D:\Code\git\GoWinSDR\FPGA\SDR_Final_CMOS_wifi\src\gardner_ted.v'
Analyzing Verilog file 'D:\Code\git\GoWinSDR\FPGA\SDR_Final_CMOS_wifi\src\gowin_ddr\gowin_ddr.v'
Analyzing Verilog file 'D:\Code\git\GoWinSDR\FPGA\SDR_Final_CMOS_wifi\src\gowin_ddr_GMII2RGMII\GMII2RGMII.v'
Analyzing Verilog file 'D:\Code\git\GoWinSDR\FPGA\SDR_Final_CMOS_wifi\src\gowin_mult\gowin_mult.v'
Analyzing Verilog file 'D:\Code\git\GoWinSDR\FPGA\SDR_Final_CMOS_wifi\src\gowin_mult_1212\gowin_mult.v'
Analyzing Verilog file 'D:\Code\git\GoWinSDR\FPGA\SDR_Final_CMOS_wifi\src\gowin_pll\gowin_pll.v'
Analyzing Verilog file 'D:\Code\git\GoWinSDR\FPGA\SDR_Final_CMOS_wifi\src\gowin_pll\gowin_pll_mod.v'
Analyzing Verilog file 'D:\Code\git\GoWinSDR\FPGA\SDR_Final_CMOS_wifi\src\gowin_pll_eth\gowin_pll_eth.v'
Analyzing Verilog file 'D:\Code\git\GoWinSDR\FPGA\SDR_Final_CMOS_wifi\src\gowin_pll_eth\gowin_pll_eth_mod.v'
Analyzing Verilog file 'D:\Code\git\GoWinSDR\FPGA\SDR_Final_CMOS_wifi\src\integer_division\integer_division.v'
Analyzing Verilog file 'D:\Code\git\GoWinSDR\FPGA\SDR_Final_CMOS_wifi\src\interpolate_filter.v'
Analyzing Verilog file 'D:\Code\git\GoWinSDR\FPGA\SDR_Final_CMOS_wifi\src\nco.v'
Analyzing Verilog file 'D:\Code\git\GoWinSDR\FPGA\SDR_Final_CMOS_wifi\src\phase_detector.v'
Analyzing Verilog file 'D:\Code\git\GoWinSDR\FPGA\SDR_Final_CMOS_wifi\src\pll_init.v'
Analyzing Verilog file 'D:\Code\git\GoWinSDR\FPGA\SDR_Final_CMOS_wifi\src\rf_diff_decode.v'
Analyzing Verilog file 'D:\Code\git\GoWinSDR\FPGA\SDR_Final_CMOS_wifi\src\rf_diff_encode.v'
Analyzing Verilog file 'D:\Code\git\GoWinSDR\FPGA\SDR_Final_CMOS_wifi\src\rf_rxt.v'
Analyzing Verilog file 'D:\Code\git\GoWinSDR\FPGA\SDR_Final_CMOS_wifi\src\sys_pll\sys_pll.v'
Analyzing Verilog file 'D:\Code\git\GoWinSDR\FPGA\SDR_Final_CMOS_wifi\src\sys_pll\sys_pll_mod.v'
Analyzing Verilog file 'D:\Code\git\GoWinSDR\FPGA\SDR_Final_CMOS_wifi\src\top.v'
Undeclared symbol 'gclk_div', assumed default net type 'wire'("D:\Code\git\GoWinSDR\FPGA\SDR_Final_CMOS_wifi\src\top.v":53)
Undeclared symbol 'dac_r1_mode', assumed default net type 'wire'("D:\Code\git\GoWinSDR\FPGA\SDR_Final_CMOS_wifi\src\top.v":66)
Undeclared symbol 'adc_r1_mode', assumed default net type 'wire'("D:\Code\git\GoWinSDR\FPGA\SDR_Final_CMOS_wifi\src\top.v":67)
Analyzing Verilog file 'E:\Program_File(x86)\Gowin\Gowin_V1.9.12_x64\IDE\data\ipcores\GAO\GW_AO_0\gw_ao_crc32.v'
Analyzing Verilog file 'E:\Program_File(x86)\Gowin\Gowin_V1.9.12_x64\IDE\data\ipcores\GAO\GW_AO_0\gw_ao_match.v'
Analyzing included file 'E:\Program_File(x86)\Gowin\Gowin_V1.9.12_x64\IDE\data\ipcores\GAO\GW_AO_0\gw_ao_define.v'("E:\Program_File(x86)\Gowin\Gowin_V1.9.12_x64\IDE\data\ipcores\GAO\GW_AO_0\gw_ao_match.v":374)
Back to file 'E:\Program_File(x86)\Gowin\Gowin_V1.9.12_x64\IDE\data\ipcores\GAO\GW_AO_0\gw_ao_match.v'("E:\Program_File(x86)\Gowin\Gowin_V1.9.12_x64\IDE\data\ipcores\GAO\GW_AO_0\gw_ao_match.v":374)
Analyzing included file 'D:\Code\git\GoWinSDR\FPGA\SDR_Final_CMOS_wifi\impl\gwsynthesis\RTL_GAO\ao_0\gw_ao_top_define.v'("E:\Program_File(x86)\Gowin\Gowin_V1.9.12_x64\IDE\data\ipcores\GAO\GW_AO_0\gw_ao_match.v":374)
Back to file 'E:\Program_File(x86)\Gowin\Gowin_V1.9.12_x64\IDE\data\ipcores\GAO\GW_AO_0\gw_ao_match.v'("E:\Program_File(x86)\Gowin\Gowin_V1.9.12_x64\IDE\data\ipcores\GAO\GW_AO_0\gw_ao_match.v":374)
Analyzing included file 'D:\Code\git\GoWinSDR\FPGA\SDR_Final_CMOS_wifi\impl\gwsynthesis\RTL_GAO\ao_0\gw_ao_init.v'("E:\Program_File(x86)\Gowin\Gowin_V1.9.12_x64\IDE\data\ipcores\GAO\GW_AO_0\gw_ao_match.v":374)
Back to file 'E:\Program_File(x86)\Gowin\Gowin_V1.9.12_x64\IDE\data\ipcores\GAO\GW_AO_0\gw_ao_match.v'("E:\Program_File(x86)\Gowin\Gowin_V1.9.12_x64\IDE\data\ipcores\GAO\GW_AO_0\gw_ao_match.v":374)
Analyzing Verilog file 'E:\Program_File(x86)\Gowin\Gowin_V1.9.12_x64\IDE\data\ipcores\GAO\GW_AO_0\gw_ao_mem_ctrl.v'
Analyzing included file 'D:\Code\git\GoWinSDR\FPGA\SDR_Final_CMOS_wifi\impl\gwsynthesis\RTL_GAO\ao_0\gw_ao_top_define.v'("E:\Program_File(x86)\Gowin\Gowin_V1.9.12_x64\IDE\data\ipcores\GAO\GW_AO_0\gw_ao_mem_ctrl.v":1256)
Back to file 'E:\Program_File(x86)\Gowin\Gowin_V1.9.12_x64\IDE\data\ipcores\GAO\GW_AO_0\gw_ao_mem_ctrl.v'("E:\Program_File(x86)\Gowin\Gowin_V1.9.12_x64\IDE\data\ipcores\GAO\GW_AO_0\gw_ao_mem_ctrl.v":1256)
Analyzing Verilog file 'E:\Program_File(x86)\Gowin\Gowin_V1.9.12_x64\IDE\data\ipcores\GAO\GW_AO_0\gw_ao_top.v'
Analyzing included file 'E:\Program_File(x86)\Gowin\Gowin_V1.9.12_x64\IDE\data\ipcores\GAO\GW_AO_0\gw_ao_define.v'("E:\Program_File(x86)\Gowin\Gowin_V1.9.12_x64\IDE\data\ipcores\GAO\GW_AO_0\gw_ao_top.v":3042)
Back to file 'E:\Program_File(x86)\Gowin\Gowin_V1.9.12_x64\IDE\data\ipcores\GAO\GW_AO_0\gw_ao_top.v'("E:\Program_File(x86)\Gowin\Gowin_V1.9.12_x64\IDE\data\ipcores\GAO\GW_AO_0\gw_ao_top.v":3042)
Analyzing included file 'D:\Code\git\GoWinSDR\FPGA\SDR_Final_CMOS_wifi\impl\gwsynthesis\RTL_GAO\ao_0\gw_ao_top_define.v'("E:\Program_File(x86)\Gowin\Gowin_V1.9.12_x64\IDE\data\ipcores\GAO\GW_AO_0\gw_ao_top.v":3042)
Back to file 'E:\Program_File(x86)\Gowin\Gowin_V1.9.12_x64\IDE\data\ipcores\GAO\GW_AO_0\gw_ao_top.v'("E:\Program_File(x86)\Gowin\Gowin_V1.9.12_x64\IDE\data\ipcores\GAO\GW_AO_0\gw_ao_top.v":3042)
Analyzing included file 'D:\Code\git\GoWinSDR\FPGA\SDR_Final_CMOS_wifi\impl\gwsynthesis\RTL_GAO\ao_0\gw_ao_expression.v'("E:\Program_File(x86)\Gowin\Gowin_V1.9.12_x64\IDE\data\ipcores\GAO\GW_AO_0\gw_ao_top.v":3042)
Back to file 'E:\Program_File(x86)\Gowin\Gowin_V1.9.12_x64\IDE\data\ipcores\GAO\GW_AO_0\gw_ao_top.v'("E:\Program_File(x86)\Gowin\Gowin_V1.9.12_x64\IDE\data\ipcores\GAO\GW_AO_0\gw_ao_top.v":3042)
Analyzing included file 'D:\Code\git\GoWinSDR\FPGA\SDR_Final_CMOS_wifi\impl\gwsynthesis\RTL_GAO\ao_0\gw_ao_parameter.v'("E:\Program_File(x86)\Gowin\Gowin_V1.9.12_x64\IDE\data\ipcores\GAO\GW_AO_0\gw_ao_top.v":3042)
Back to file 'E:\Program_File(x86)\Gowin\Gowin_V1.9.12_x64\IDE\data\ipcores\GAO\GW_AO_0\gw_ao_top.v'("E:\Program_File(x86)\Gowin\Gowin_V1.9.12_x64\IDE\data\ipcores\GAO\GW_AO_0\gw_ao_top.v":3042)
Analyzing included file 'D:\Code\git\GoWinSDR\FPGA\SDR_Final_CMOS_wifi\impl\gwsynthesis\RTL_GAO\ao_0\gw_ao_init.v'("E:\Program_File(x86)\Gowin\Gowin_V1.9.12_x64\IDE\data\ipcores\GAO\GW_AO_0\gw_ao_top.v":3042)
Back to file 'E:\Program_File(x86)\Gowin\Gowin_V1.9.12_x64\IDE\data\ipcores\GAO\GW_AO_0\gw_ao_top.v'("E:\Program_File(x86)\Gowin\Gowin_V1.9.12_x64\IDE\data\ipcores\GAO\GW_AO_0\gw_ao_top.v":3042)
Analyzing Verilog file 'E:\Program_File(x86)\Gowin\Gowin_V1.9.12_x64\IDE\data\ipcores\GAO\GW_CON\gw_con_top.v'
Analyzing included file 'D:\Code\git\GoWinSDR\FPGA\SDR_Final_CMOS_wifi\impl\gwsynthesis\RTL_GAO\ao_control\gw_con_top_define.v'("E:\Program_File(x86)\Gowin\Gowin_V1.9.12_x64\IDE\data\ipcores\GAO\GW_CON\gw_con_top.v":377)
Back to file 'E:\Program_File(x86)\Gowin\Gowin_V1.9.12_x64\IDE\data\ipcores\GAO\GW_CON\gw_con_top.v'("E:\Program_File(x86)\Gowin\Gowin_V1.9.12_x64\IDE\data\ipcores\GAO\GW_CON\gw_con_top.v":377)
Analyzing included file 'D:\Code\git\GoWinSDR\FPGA\SDR_Final_CMOS_wifi\impl\gwsynthesis\RTL_GAO\ao_control\gw_con_parameter.v'("E:\Program_File(x86)\Gowin\Gowin_V1.9.12_x64\IDE\data\ipcores\GAO\GW_CON\gw_con_top.v":377)
Back to file 'E:\Program_File(x86)\Gowin\Gowin_V1.9.12_x64\IDE\data\ipcores\GAO\GW_CON\gw_con_top.v'("E:\Program_File(x86)\Gowin\Gowin_V1.9.12_x64\IDE\data\ipcores\GAO\GW_CON\gw_con_top.v":377)
Analyzing Verilog file 'E:\Program_File(x86)\Gowin\Gowin_V1.9.12_x64\IDE\data\ipcores\gw_jtag.v'
Analyzing Verilog file 'D:\Code\git\GoWinSDR\FPGA\SDR_Final_CMOS_wifi\impl\gwsynthesis\RTL_GAO\gw_gao_top.v'
Compiling module 'top'("D:\Code\git\GoWinSDR\FPGA\SDR_Final_CMOS_wifi\src\top.v":1)
WARN  (EX3073) : Port 'Q1' remains unconnected for this instance("D:\Code\git\GoWinSDR\FPGA\SDR_Final_CMOS_wifi\src\ad9363_dev_cmos.v":48)
WARN  (EX3073) : Port 'Q1' remains unconnected for this instance("D:\Code\git\GoWinSDR\FPGA\SDR_Final_CMOS_wifi\src\ad9363_dev_cmos.v":49)
WARN  (EX3073) : Port 'Q1' remains unconnected for this instance("D:\Code\git\GoWinSDR\FPGA\SDR_Final_CMOS_wifi\src\ad9363_dev_cmos.v":50)
WARN  (EX3073) : Port 'Q1' remains unconnected for this instance("D:\Code\git\GoWinSDR\FPGA\SDR_Final_CMOS_wifi\src\ad9363_dev_cmos.v":51)
WARN  (EX3073) : Port 'Q1' remains unconnected for this instance("D:\Code\git\GoWinSDR\FPGA\SDR_Final_CMOS_wifi\src\ad9363_dev_cmos.v":52)
WARN  (EX3073) : Port 'Q1' remains unconnected for this instance("D:\Code\git\GoWinSDR\FPGA\SDR_Final_CMOS_wifi\src\ad9363_dev_cmos.v":53)
WARN  (EX3073) : Port 'Q1' remains unconnected for this instance("D:\Code\git\GoWinSDR\FPGA\SDR_Final_CMOS_wifi\src\ad9363_dev_cmos.v":54)
WARN  (EX3073) : Port 'Q1' remains unconnected for this instance("D:\Code\git\GoWinSDR\FPGA\SDR_Final_CMOS_wifi\src\ad9363_dev_cmos.v":55)
WARN  (EX3073) : Port 'Q1' remains unconnected for this instance("D:\Code\git\GoWinSDR\FPGA\SDR_Final_CMOS_wifi\src\ad9363_dev_cmos.v":56)
WARN  (EX3073) : Port 'Q1' remains unconnected for this instance("D:\Code\git\GoWinSDR\FPGA\SDR_Final_CMOS_wifi\src\ad9363_dev_cmos.v":57)
WARN  (EX3073) : Port 'Q1' remains unconnected for this instance("D:\Code\git\GoWinSDR\FPGA\SDR_Final_CMOS_wifi\src\ad9363_dev_cmos.v":58)
WARN  (EX3073) : Port 'Q1' remains unconnected for this instance("D:\Code\git\GoWinSDR\FPGA\SDR_Final_CMOS_wifi\src\ad9363_dev_cmos.v":59)
WARN  (EX3073) : Port 'Q1' remains unconnected for this instance("D:\Code\git\GoWinSDR\FPGA\SDR_Final_CMOS_wifi\src\ad9363_dev_cmos.v":67)
Compiling module 'ad9363_dev_cmos'("D:\Code\git\GoWinSDR\FPGA\SDR_Final_CMOS_wifi\src\ad9363_dev_cmos.v":1)
WARN  (EX3780) : Using initial value of 'tx_frame' since it is never assigned("D:\Code\git\GoWinSDR\FPGA\SDR_Final_CMOS_wifi\src\ad9363_dev_cmos.v":31)
Compiling module 'eth_transceiver(BOARD_IP=32'b11000000101010000000001100000010)'("D:\Code\git\GoWinSDR\FPGA\SDR_Final_CMOS_wifi\src\eth_transceiver.v":1)
Extracting RAM for identifier 'tx_buffer'("D:\Code\git\GoWinSDR\FPGA\SDR_Final_CMOS_wifi\src\eth_transceiver.v":317)
Compiling module 'GMII_PLL'("D:\Code\git\GoWinSDR\FPGA\SDR_Final_CMOS_wifi\src\gowin_pll_eth\gowin_pll_eth.v":1)
Compiling module 'GMII_PLL_MOD'("D:\Code\git\GoWinSDR\FPGA\SDR_Final_CMOS_wifi\src\gowin_pll_eth\gowin_pll_eth_mod.v":10)
Compiling module 'PLL_INIT(MULTI_FAC=15)'("D:\Code\git\GoWinSDR\FPGA\SDR_Final_CMOS_wifi\src\pll_init.v":4)
Compiling module 'crc'("D:\Code\git\GoWinSDR\FPGA\SDR_Final_CMOS_wifi\src\crc.v":3)
Compiling module 'GMII2RGMII'("D:\Code\git\GoWinSDR\FPGA\SDR_Final_CMOS_wifi\src\gowin_ddr_GMII2RGMII\GMII2RGMII.v":9)
WARN  (EX2565) : Input 'mdclk' on this instance is undriven. Assigning to 0, simulation mismatch possible. Please assign the input or remove the declaration("D:\Code\git\GoWinSDR\FPGA\SDR_Final_CMOS_wifi\src\eth_transceiver.v":49)
Compiling module 'fifo_wifi'("D:\Code\git\GoWinSDR\FPGA\SDR_Final_CMOS_wifi\src\fifo_wifi\fifo_top.v":1204)
Compiling module '**'("D:\Code\git\GoWinSDR\FPGA\SDR_Final_CMOS_wifi\src\fifo_wifi\fifo_top.v":1203)
WARN  (EX1998) : Net 'eth_tx_data[7]' does not have a driver("D:\Code\git\GoWinSDR\FPGA\SDR_Final_CMOS_wifi\src\top.v":218)
WARN  (EX1998) : Net 'eth_tx_data_valid' does not have a driver("D:\Code\git\GoWinSDR\FPGA\SDR_Final_CMOS_wifi\src\top.v":219)
WARN  (EX1998) : Net 'eth_tx_frame_start' does not have a driver("D:\Code\git\GoWinSDR\FPGA\SDR_Final_CMOS_wifi\src\top.v":220)
Compiling module 'gw_gao'("D:\Code\git\GoWinSDR\FPGA\SDR_Final_CMOS_wifi\impl\gwsynthesis\RTL_GAO\gw_gao_top.v":1)
Compiling module 'GW_JTAG'("E:\Program_File(x86)\Gowin\Gowin_V1.9.12_x64\IDE\data\ipcores\gw_jtag.v":1)
Compiling module '**'("E:\Program_File(x86)\Gowin\Gowin_V1.9.12_x64\IDE\data\ipcores\GAO\GW_CON\gw_con_top.v":377)
Compiling module '**'("E:\Program_File(x86)\Gowin\Gowin_V1.9.12_x64\IDE\data\ipcores\GAO\GW_AO_0\gw_ao_top.v":3042)
Compiling module '**'("E:\Program_File(x86)\Gowin\Gowin_V1.9.12_x64\IDE\data\ipcores\GAO\GW_AO_0\gw_ao_mem_ctrl.v":1256)
Extracting RAM for identifier '**'("E:\Program_File(x86)\Gowin\Gowin_V1.9.12_x64\IDE\data\ipcores\GAO\GW_AO_0\gw_ao_mem_ctrl.v":1256)
Compiling module '**'("E:\Program_File(x86)\Gowin\Gowin_V1.9.12_x64\IDE\data\ipcores\GAO\GW_AO_0\gw_ao_crc32.v":74)
Compiling module '**'("E:\Program_File(x86)\Gowin\Gowin_V1.9.12_x64\IDE\data\ipcores\GAO\GW_AO_0\gw_ao_match.v":374)
Trying to combine GAO to RTL design
NOTE  (EX0101) : Current top module is "top"
WARN  (EX0211) : The output port "cal_data_out[7]" of module "top" has no driver, assigning undriven bits to Z, simulation mismatch possible("D:\Code\git\GoWinSDR\FPGA\SDR_Final_CMOS_wifi\src\top.v":34)
WARN  (EX0211) : The output port "cal_data_out[6]" of module "top" has no driver, assigning undriven bits to Z, simulation mismatch possible("D:\Code\git\GoWinSDR\FPGA\SDR_Final_CMOS_wifi\src\top.v":34)
WARN  (EX0211) : The output port "cal_data_out[5]" of module "top" has no driver, assigning undriven bits to Z, simulation mismatch possible("D:\Code\git\GoWinSDR\FPGA\SDR_Final_CMOS_wifi\src\top.v":34)
WARN  (EX0211) : The output port "cal_data_out[4]" of module "top" has no driver, assigning undriven bits to Z, simulation mismatch possible("D:\Code\git\GoWinSDR\FPGA\SDR_Final_CMOS_wifi\src\top.v":34)
WARN  (EX0211) : The output port "cal_data_out[3]" of module "top" has no driver, assigning undriven bits to Z, simulation mismatch possible("D:\Code\git\GoWinSDR\FPGA\SDR_Final_CMOS_wifi\src\top.v":34)
WARN  (EX0211) : The output port "cal_data_out[2]" of module "top" has no driver, assigning undriven bits to Z, simulation mismatch possible("D:\Code\git\GoWinSDR\FPGA\SDR_Final_CMOS_wifi\src\top.v":34)
WARN  (EX0211) : The output port "cal_data_out[1]" of module "top" has no driver, assigning undriven bits to Z, simulation mismatch possible("D:\Code\git\GoWinSDR\FPGA\SDR_Final_CMOS_wifi\src\top.v":34)
WARN  (EX0211) : The output port "cal_data_out[0]" of module "top" has no driver, assigning undriven bits to Z, simulation mismatch possible("D:\Code\git\GoWinSDR\FPGA\SDR_Final_CMOS_wifi\src\top.v":34)
WARN  (EX0211) : The output port "cal_data_clk" of module "top" has no driver, assigning undriven bits to Z, simulation mismatch possible("D:\Code\git\GoWinSDR\FPGA\SDR_Final_CMOS_wifi\src\top.v":35)
WARN  (EX0211) : The output port "cal_valid" of module "top" has no driver, assigning undriven bits to Z, simulation mismatch possible("D:\Code\git\GoWinSDR\FPGA\SDR_Final_CMOS_wifi\src\top.v":36)
WARN  (EX0211) : The output port "trig_out" of module "top" has no driver, assigning undriven bits to Z, simulation mismatch possible("D:\Code\git\GoWinSDR\FPGA\SDR_Final_CMOS_wifi\src\top.v":40)
[5%] Running netlist conversion ...
WARN  (CV0016) : Input rx_frame_in_p is unused("D:\Code\git\GoWinSDR\FPGA\SDR_Final_CMOS_wifi\src\top.v":11)
WARN  (CV0016) : Input cal_request is unused("D:\Code\git\GoWinSDR\FPGA\SDR_Final_CMOS_wifi\src\top.v":37)
Running device independent optimization ...
[10%] Optimizing Phase 0 completed
[15%] Optimizing Phase 1 completed
[25%] Optimizing Phase 2 completed
Running inference ...
[30%] Inferring Phase 0 completed
[40%] Inferring Phase 1 completed
[50%] Inferring Phase 2 completed
[55%] Inferring Phase 3 completed
Running technical mapping ...
[60%] Tech-Mapping Phase 0 completed
[65%] Tech-Mapping Phase 1 completed
[75%] Tech-Mapping Phase 2 completed
[80%] Tech-Mapping Phase 3 completed
[90%] Tech-Mapping Phase 4 completed
WARN  (NL0002) : The module "PLL_INIT" instantiated to "u_pll_init" is swept in optimizing("D:\Code\git\GoWinSDR\FPGA\SDR_Final_CMOS_wifi\src\gowin_pll_eth\gowin_pll_eth.v":52)
[95%] Generate netlist file "D:\Code\git\GoWinSDR\FPGA\SDR_Final_CMOS_wifi\impl\gwsynthesis\SDR_TANG_CMOS.vg" completed
[100%] Generate report file "D:\Code\git\GoWinSDR\FPGA\SDR_Final_CMOS_wifi\impl\gwsynthesis\SDR_TANG_CMOS_syn.rpt.html" completed
GowinSynthesis finish
