*** Using Compiler 'V6.21', folder: 'E:\Hardware\MDK\Core\ARM\ARMCLANG\Bin'
Build target 'GoWinSDR'
compiling main.c...
compiling gpio.c...
compiling stm32f4xx_it.c...
compiling stm32f4xx_hal_msp.c...
compiling stm32f4xx_hal_dma.c...
compiling spi.c...
compiling stm32f4xx_hal_flash_ramfunc.c...
compiling stm32f4xx_hal_dma_ex.c...
compiling stm32f4xx_hal_rcc_ex.c...
compiling stm32f4xx_hal_flash.c...
compiling stm32f4xx_hal_flash_ex.c...
compiling stm32f4xx_hal_pwr.c...
compiling stm32f4xx_hal_gpio.c...
compiling stm32f4xx_hal_rcc.c...
compiling stm32f4xx_hal_pwr_ex.c...
compiling stm32f4xx_hal_cortex.c...
compiling stm32f4xx_hal.c...
compiling stm32f4xx_hal_exti.c...
compiling stm32f4xx_hal_tim.c...
compiling stm32f4xx_hal_tim_ex.c...
compiling stm32f4xx_hal_spi.c...
compiling system_stm32f4xx.c...
compiling no_os_alloc.c...
compiling app_config.c...
compiling no_os_delay.c...
../Hardware/ad9361/ad9361_api.c(35): warning: In file included from...../Hardware/ad9361/ad9361_api.h(268): error: field has incomplete type 'struct no_os_gpio_init_param'
  268 |         struct no_os_gpio_init_param    gpio_resetb;    /* reset-gpios */
      |                                         ^
../Hardware/ad9361/ad9361_api.h(268): note: forward declaration of 'struct no_os_gpio_init_param'
  268 |         struct no_os_gpio_init_param    gpio_resetb;    /* reset-gpios */
      |                ^
../Hardware/ad9361/ad9361_api.h(270): error: field has incomplete type 'struct no_os_gpio_init_param'
  270 |         struct no_os_gpio_init_param    gpio_sync;      /* sync-gpios */
      |                                         ^
../Hardware/ad9361/ad9361_api.h(268): note: forward declaration of 'struct no_os_gpio_init_param'
  268 |         struct no_os_gpio_init_param    gpio_resetb;    /* reset-gpios */
      |                ^
../Hardware/ad9361/ad9361_api.h(271): error: field has incomplete type 'struct no_os_gpio_init_param'
  271 |         struct no_os_gpio_init_param    gpio_cal_sw1;   /* cal-sw1-gpios */
      |                                         ^
../Hardware/ad9361/ad9361_api.h(268): note: forward declaration of 'struct no_os_gpio_init_param'
  268 |         struct no_os_gpio_init_param    gpio_resetb;    /* reset-gpios */
      |                ^
../Hardware/ad9361/ad9361_api.h(272): error: field has incomplete type 'struct no_os_gpio_init_param'
  272 |         struct no_os_gpio_init_param    gpio_cal_sw2;   /* cal-sw2-gpios */
      |                                         ^
../Hardware/ad9361/ad9361_api.h(268): note: forward declaration of 'struct no_os_gpio_init_param'
  268 |         struct no_os_gpio_init_param    gpio_resetb;    /* reset-gpios */
      |                ^
../Hardware/ad9361/ad9361_api.h(274): error: field has incomplete type 'struct no_os_spi_init_param'
  274 |         struct no_os_spi_init_param     spi_param;
      |                                         ^
../Hardware/ad9361/ad9361_api.h(274): note: forward declaration of 'struct no_os_spi_init_param'
  274 |         struct no_os_spi_init_param     spi_param;
      |                ^
../Hardware/ad9361/ad9361_api.c(38): warning: In file included from...../Hardware/api\no_os_util.h(68): warning: 'CLK_IGNORE_UNUSED' macro redefined [-Wmacro-redefined]
   68 | #define CLK_IGNORE_UNUSED                                               BIT(3)
      |         ^
../Hardware/ad9361/ad9361_util.h(44): note: previous definition is here
   44 | #define CLK_IGNORE_UNUSED                                               NO_OS_BIT(3)
      |         ^
../Hardware/ad9361/ad9361_api.c(38): warning: In file included from...../Hardware/api\no_os_util.h(69): warning: 'CLK_GET_RATE_NOCACHE' macro redefined [-Wmacro-redefined]
   69 | #define CLK_GET_RATE_NOCACHE                                    BIT(6)
      |         ^
../Hardware/ad9361/ad9361_util.h(45): note: previous definition is here
   45 | #define CLK_GET_RATE_NOCACHE                                    NO_OS_BIT(6)
      |         ^
../Hardware/ad9361/ad9361_api.c(38): warning: In file included from...../Hardware/api\no_os_util.h(95): error: redefinition of 'device'
   95 | struct device {
      |        ^
../Hardware/ad9361/ad9361_util.h(63): note: previous definition is here
   63 | struct device {
      |        ^
../Hardware/ad9361/ad9361_api.c(38): warning: In file included from...../Hardware/api\no_os_util.h(99): error: redefinition of 'spi_device'
   99 | struct spi_device {
      |        ^
../Hardware/ad9361/ad9361_util.h(66): note: previous definition is here
   66 | struct spi_device {
      |        ^
../Hardware/ad9361/ad9361_api.c(38): warning: In file included from...../Hardware/api\no_os_util.h(104): error: redefinition of 'axiadc_state'
  104 | struct axiadc_state {
      |        ^
../Hardware/ad9361/ad9361_util.h(71): note: previous definition is here
   71 | struct axiadc_state {
      |        ^
../Hardware/ad9361/ad9361_api.c(38): warning: In file included from...../Hardware/api\no_os_util.h(109): error: redefinition of 'axiadc_chip_info'
  109 | struct axiadc_chip_info {
      |        ^
../Hardware/ad9361/ad9361_util.h(76): note: previous definition is here
   76 | struct axiadc_chip_info {
      |        ^
../Hardware/ad9361/ad9361_api.c(38): warning: In file included from...../Hardware/api\no_os_util.h(114): error: redefinition of 'axiadc_converter'
  114 | struct axiadc_converter {
      |        ^
../Hardware/ad9361/ad9361_util.h(81): note: previous definition is here
   81 | struct axiadc_converter {
      |        ^
../Hardware/ad9361/ad9361_api.c(38): warning: In file included from...../Hardware/api\no_os_util.h(130): warning: declaration of 'struct clk' will not be visible outside of this function [-Wvisibility]
  130 | int32_t clk_prepare_enable(struct clk *clk);
      |                                   ^
../Hardware/api\no_os_util.h(130): error: conflicting types for 'clk_prepare_enable'
  130 | int32_t clk_prepare_enable(struct clk *clk);
      |         ^
../Hardware/ad9361/ad9361_util.h(94): note: previous declaration is here
   94 | int32_t clk_prepare_enable(struct no_os_clk *clk);
      |         ^
../Hardware/ad9361/ad9361_api.c(43): error: 'axi_adc_core.h' file not found
   43 | #include "axi_adc_core.h"
      |          ^~~~~~~~~~~~~~~~
3 warnings and 12 errors generated.
compiling ad9361_api.c...
../Hardware/ad9361/ad9361_conv.c(39): error: 'axi_adc_core.h' file not found
   39 | #include "axi_adc_core.h"
      |          ^~~~~~~~~~~~~~~~
1 error generated.
compiling ad9361_conv.c...
compiling no_os_gpio.c...
compiling no_os_spi.c...
../Hardware/ad9361/ad9361.c(44): warning: In file included from...../Hardware/api\no_os_util.h(68): warning: 'CLK_IGNORE_UNUSED' macro redefined [-Wmacro-redefined]
   68 | #define CLK_IGNORE_UNUSED                                               BIT(3)
      |         ^
../Hardware/ad9361/ad9361_util.h(44): note: previous definition is here
   44 | #define CLK_IGNORE_UNUSED                                               NO_OS_BIT(3)
      |         ^
../Hardware/ad9361/ad9361.c(44): warning: In file included from...../Hardware/api\no_os_util.h(69): warning: 'CLK_GET_RATE_NOCACHE' macro redefined [-Wmacro-redefined]
   69 | #define CLK_GET_RATE_NOCACHE                                    BIT(6)
      |         ^
../Hardware/ad9361/ad9361_util.h(45): note: previous definition is here
   45 | #define CLK_GET_RATE_NOCACHE                                    NO_OS_BIT(6)
      |         ^
../Hardware/ad9361/ad9361.c(44): warning: In file included from...../Hardware/api\no_os_util.h(95): error: redefinition of 'device'
   95 | struct device {
      |        ^
../Hardware/ad9361/ad9361_util.h(63): note: previous definition is here
   63 | struct device {
      |        ^
../Hardware/ad9361/ad9361.c(44): warning: In file included from...../Hardware/api\no_os_util.h(99): error: redefinition of 'spi_device'
   99 | struct spi_device {
      |        ^
../Hardware/ad9361/ad9361_util.h(66): note: previous definition is here
   66 | struct spi_device {
      |        ^
../Hardware/ad9361/ad9361.c(44): warning: In file included from...../Hardware/api\no_os_util.h(104): error: redefinition of 'axiadc_state'
  104 | struct axiadc_state {
      |        ^
../Hardware/ad9361/ad9361_util.h(71): note: previous definition is here
   71 | struct axiadc_state {
      |        ^
../Hardware/ad9361/ad9361.c(44): warning: In file included from...../Hardware/api\no_os_util.h(109): error: redefinition of 'axiadc_chip_info'
  109 | struct axiadc_chip_info {
      |        ^
../Hardware/ad9361/ad9361_util.h(76): note: previous definition is here
   76 | struct axiadc_chip_info {
      |        ^
../Hardware/ad9361/ad9361.c(44): warning: In file included from...../Hardware/api\no_os_util.h(114): error: redefinition of 'axiadc_converter'
  114 | struct axiadc_converter {
      |        ^
../Hardware/ad9361/ad9361_util.h(81): note: previous definition is here
   81 | struct axiadc_converter {
      |        ^
../Hardware/ad9361/ad9361.c(44): warning: In file included from...../Hardware/api\no_os_util.h(130): warning: declaration of 'struct clk' will not be visible outside of this function [-Wvisibility]
  130 | int32_t clk_prepare_enable(struct clk *clk);
      |                                   ^
../Hardware/api\no_os_util.h(130): error: conflicting types for 'clk_prepare_enable'
  130 | int32_t clk_prepare_enable(struct clk *clk);
      |         ^
../Hardware/ad9361/ad9361_util.h(94): note: previous declaration is here
   94 | int32_t clk_prepare_enable(struct no_os_clk *clk);
      |         ^
../Hardware/ad9361/ad9361.c(703): error: call to undeclared function 'no_os_spi_write_and_read'; ISO C99 and later do not support implicit function declarations [-Wimplicit-function-declaration]
  703 |         ret = no_os_spi_write_and_read(spi, &rbuffer[0], 2 + num);
      |               ^
../Hardware/ad9361/ad9361.c(711): error: call to undeclared function 'no_os_free'; ISO C99 and later do not support implicit function declarations [-Wimplicit-function-declaration]
  711 |         no_os_free(rbuffer);
      |         ^
../Hardware/ad9361/ad9361.c(818): error: call to undeclared function 'no_os_spi_write_and_read'; ISO C99 and later do not support implicit function declarations [-Wimplicit-function-declaration]
  818 |         ret = no_os_spi_write_and_read(spi, buf, 3);
      |               ^
../Hardware/ad9361/ad9361.c(912): error: call to undeclared function 'no_os_spi_write_and_read'; ISO C99 and later do not support implicit function declarations [-Wimplicit-function-declaration]
  912 |         ret = no_os_spi_write_and_read(spi, buf, num + 2);
      |               ^
../Hardware/ad9361/ad9361.c(1040): error: call to undeclared function 'no_os_gpio_set_value'; ISO C99 and later do not support implicit function declarations [-Wimplicit-function-declaration]
 1040 |                 no_os_gpio_set_value(phy->gpio_desc_resetb, 0);
      |                 ^
../Hardware/ad9361/ad9361.c(1258): error: call to undeclared function 'NO_OS_DIV_ROUND_CLOSEST'; ISO C99 and later do not support implicit function declarations [-Wimplicit-function-declaration]
 1258 |                         reg |= TONE_FREQ(NO_OS_DIV_ROUND_CLOSEST(freq_Hz * 32, clk) - 1);
      |                                          ^
../Hardware/ad9361/ad9361.c(1310): error: call to undeclared function 'no_os_udelay'; ISO C99 and later do not support implicit function declarations [-Wimplicit-function-declaration]
 1310 |                         no_os_udelay(1200);
      |                         ^
../Hardware/ad9361/ad9361.c(1600): error: call to undeclared function 'NO_OS_ARRAY_SIZE'; ISO C99 and later do not support implicit function declarations [-Wimplicit-function-declaration]
 1600 |         for (i = 0, addr = NO_OS_ARRAY_SIZE(gm_st_ctrl);
      |                            ^
../Hardware/ad9361/ad9361.c(1760): warning: incompatible pointer types passing 'uint64_t *' (aka 'unsigned long long *') to parameter of type 'uint32_t *' (aka 'unsigned int *') [-Wincompatible-pointer-types]
 1760 |         no_os_do_div(&vco_freq, 1000000UL); /* vco_freq in MHz */
      |                      ^~~~~~~~~
../Hardware/api\no_os_api.h(7): note: passing argument to parameter 'n' here
    7 | uint16_t no_os_do_div(uint32_t *n, uint32_t d);
      |                                 ^
../Hardware/ad9361/ad9361.c(2281): error: call to undeclared function 'NO_OS_DIV_ROUND_UP'; ISO C99 and later do not support implicit function declarations [-Wimplicit-function-declaration]
 2281 |         reg = NO_OS_DIV_ROUND_UP(reg, 1000UL) +
      |               ^
../Hardware/ad9361/ad9361.c(2314): error: call to undeclared function 'NO_OS_DIV_ROUND_CLOSEST'; ISO C99 and later do not support implicit function declarations [-Wimplicit-function-declaration]
 2314 |         reg = NO_OS_DIV_ROUND_CLOSEST(reg, 2000UL);
      |               ^
../Hardware/ad9361/ad9361.c(2448): error: call to undeclared function 'NO_OS_ARRAY_SIZE'; ISO C99 and later do not support implicit function declarations [-Wimplicit-function-declaration]
 2448 |                               reg_val_buf, NO_OS_ARRAY_SIZE(reg_val_buf));
      |                                            ^
../Hardware/ad9361/ad9361.c(2501): warning: incompatible pointer types passing 'uint64_t *' (aka 'unsigned long long *') to parameter of type 'uint32_t *' (aka 'unsigned int *') [-Wincompatible-pointer-types]
 2501 |         no_os_do_div(&tmp, 126906UL * phy->rxbbf_div);
      |                      ^~~~
../Hardware/api\no_os_api.h(7): note: passing argument to parameter 'n' here
    7 | uint16_t no_os_do_div(uint32_t *n, uint32_t d);
      |                                 ^
../Hardware/ad9361/ad9361.c(2510): error: call to undeclared function 'no_os_clamp'; ISO C99 and later do not support implicit function declarations [-Wimplicit-function-declaration]
 2510 |         bb_bw_Hz = no_os_clamp(bb_bw_Hz, 200000UL, 28000000UL);
      |                    ^
../Hardware/ad9361/ad9361.c(2522): warning: incompatible pointer types passing 'uint64_t *' (aka 'unsigned long long *') to parameter of type 'uint32_t *' (aka 'unsigned int *') [-Wincompatible-pointer-types]
 2522 |                 no_os_do_div(&invrc_tconst_1e6, 1000UL);
      |                              ^~~~~~~~~~~~~~~~~
../Hardware/api\no_os_api.h(7): note: passing argument to parameter 'n' here
    7 | uint16_t no_os_do_div(uint32_t *n, uint32_t d);
      |                                 ^
../Hardware/ad9361/ad9361.c(2530): warning: incompatible pointer types passing 'uint64_t *' (aka 'unsigned long long *') to parameter of type 'uint32_t *' (aka 'unsigned int *') [-Wincompatible-pointer-types]
 2530 |         no_os_do_div(&invrc_tconst_1e6, 1000000000UL);
      |                      ^~~~~~~~~~~~~~~~~
../Hardware/api\no_os_api.h(7): note: passing argument to parameter 'n' here
    7 | uint16_t no_os_do_div(uint32_t *n, uint32_t d);
      |                                 ^
../Hardware/ad9361/ad9361.c(2537): error: call to undeclared function 'NO_OS_DIV_ROUND_CLOSEST'; ISO C99 and later do not support implicit function declarations [-Wimplicit-function-declaration]
 2537 |         scaled_adc_clk_1e6 = NO_OS_DIV_ROUND_CLOSEST(adc_sampl_freq_Hz, 640);
      |                              ^
../Hardware/ad9361/ad9361.c(2566): warning: incompatible pointer types passing 'uint64_t *' (aka 'unsigned long long *') to parameter of type 'uint32_t *' (aka 'unsigned int *') [-Wincompatible-pointer-types]
 2566 |         no_os_do_div(&tmp, 100000000UL);
      |                      ^~~~
../Hardware/api\no_os_api.h(7): note: passing argument to parameter 'n' here
    7 | uint16_t no_os_do_div(uint32_t *n, uint32_t d);
      |                                 ^
../Hardware/ad9361/ad9361.c(2571): warning: incompatible pointer types passing 'uint64_t *' (aka 'unsigned long long *') to parameter of type 'uint32_t *' (aka 'unsigned int *') [-Wincompatible-pointer-types]
 2571 |         no_os_do_div(&tmp, invrc_tconst_1e6);
      |                      ^~~~
../Hardware/api\no_os_api.h(7): note: passing argument to parameter 'n' here
    7 | uint16_t no_os_do_div(uint32_t *n, uint32_t d);
      |                                 ^
../Hardware/ad9361/ad9361.c(2575): warning: incompatible pointer types passing 'uint64_t *' (aka 'unsigned long long *') to parameter of type 'uint32_t *' (aka 'unsigned int *') [-Wincompatible-pointer-types]
 2575 |         no_os_do_div(&tmp, 1000000UL);
      |                      ^~~~
../Hardware/api\no_os_api.h(7): note: passing argument to parameter 'n' here
    7 | uint16_t no_os_do_div(uint32_t *n, uint32_t d);
      |                                 ^
../Hardware/ad9361/ad9361.c(2581): warning: incompatible pointer types passing 'uint64_t *' (aka 'unsigned long long *') to parameter of type 'uint32_t *' (aka 'unsigned int *') [-Wincompatible-pointer-types]
 2581 |         no_os_do_div(&tmp, invrc_tconst_1e6 * 77);
      |                      ^~~~
../Hardware/api\no_os_api.h(7): note: passing argument to parameter 'n' here
    7 | uint16_t no_os_do_div(uint32_t *n, uint32_t d);
      |                                 ^
../Hardware/ad9361/ad9361.c(2588): warning: incompatible pointer types passing 'uint64_t *' (aka 'unsigned long long *') to parameter of type 'uint32_t *' (aka 'unsigned int *') [-Wincompatible-pointer-types]
 2588 |         no_os_do_div(&tmp, invrc_tconst_1e6);
      |                      ^~~~
../Hardware/api\no_os_api.h(7): note: passing argument to parameter 'n' here
    7 | uint16_t no_os_do_div(uint32_t *n, uint32_t d);
      |                                 ^
fatal error: too many errors emitted, stopping now [-ferror-limit=]
12 warnings and 20 errors generated.
compiling ad9361.c...
../Hardware/ad9361/iio_ad9361.c(38): warning: In file included from...../Hardware/ad9361/iio_ad9361.h(54): error: field has incomplete type 'struct iio_device'
   54 |         struct iio_device dev_descriptor;
      |                           ^
../Hardware/ad9361/iio_ad9361.h(54): note: forward declaration of 'struct iio_device'
   54 |         struct iio_device dev_descriptor;
      |                ^
../Hardware/ad9361/iio_ad9361.c(39): warning: In file included from...../Hardware/ad9361/ad9361_api.h(36): warning: In file included from...../Hardware/ad9361/ad9361_util.h(40): warning: In file included from...../Hardware/ad9361/ad9361.h(36): warning: In file included from...../Hardware/api\no_os_gpio.h(5): warning: In file included from...../Hardware/ad9361\common.h(47): warning: 'ENOMEM' macro redefined [-Wmacro-redefined]
   47 | #define ENOMEM          12      /* Out of memory */
      |         ^
E:\Hardware\MDK\Core\ARM\ARMCLANG\Bin\..\include\errno.h(122): note: previous definition is here
  122 | #define ENOMEM  6
      |         ^
../Hardware/ad9361/iio_ad9361.c(39): warning: In file included from...../Hardware/ad9361/ad9361_api.h(36): warning: In file included from...../Hardware/ad9361/ad9361_util.h(40): warning: In file included from...../Hardware/ad9361/ad9361.h(36): warning: In file included from...../Hardware/api\no_os_gpio.h(5): warning: In file included from...../Hardware/ad9361\common.h(50): warning: 'EINVAL' macro redefined [-Wmacro-redefined]
   50 | #define EINVAL          22      /* Invalid argument */
      |         ^
E:\Hardware\MDK\Core\ARM\ARMCLANG\Bin\..\include\errno.h(121): note: previous definition is here
  121 | #define EINVAL  5
      |         ^
../Hardware/ad9361/iio_ad9361.c(39): warning: In file included from...../Hardware/ad9361/ad9361_api.h(268): error: field has incomplete type 'struct no_os_gpio_init_param'
  268 |         struct no_os_gpio_init_param    gpio_resetb;    /* reset-gpios */
      |                                         ^
../Hardware/ad9361/ad9361_api.h(268): note: forward declaration of 'struct no_os_gpio_init_param'
  268 |         struct no_os_gpio_init_param    gpio_resetb;    /* reset-gpios */
      |                ^
../Hardware/ad9361/ad9361_api.h(270): error: field has incomplete type 'struct no_os_gpio_init_param'
  270 |         struct no_os_gpio_init_param    gpio_sync;      /* sync-gpios */
      |                                         ^
../Hardware/ad9361/ad9361_api.h(268): note: forward declaration of 'struct no_os_gpio_init_param'
  268 |         struct no_os_gpio_init_param    gpio_resetb;    /* reset-gpios */
      |                ^
../Hardware/ad9361/ad9361_api.h(271): error: field has incomplete type 'struct no_os_gpio_init_param'
  271 |         struct no_os_gpio_init_param    gpio_cal_sw1;   /* cal-sw1-gpios */
      |                                         ^
../Hardware/ad9361/ad9361_api.h(268): note: forward declaration of 'struct no_os_gpio_init_param'
  268 |         struct no_os_gpio_init_param    gpio_resetb;    /* reset-gpios */
      |                ^
../Hardware/ad9361/ad9361_api.h(272): error: field has incomplete type 'struct no_os_gpio_init_param'
  272 |         struct no_os_gpio_init_param    gpio_cal_sw2;   /* cal-sw2-gpios */
      |                                         ^
../Hardware/ad9361/ad9361_api.h(268): note: forward declaration of 'struct no_os_gpio_init_param'
  268 |         struct no_os_gpio_init_param    gpio_resetb;    /* reset-gpios */
      |                ^
../Hardware/ad9361/ad9361_api.h(274): error: field has incomplete type 'struct no_os_spi_init_param'
  274 |         struct no_os_spi_init_param     spi_param;
      |                                         ^
../Hardware/ad9361/ad9361_api.h(274): note: forward declaration of 'struct no_os_spi_init_param'
  274 |         struct no_os_spi_init_param     spi_param;
      |                ^
../Hardware/ad9361/iio_ad9361.c(40): warning: In file included from...../Hardware/api\no_os_util.h(68): warning: 'CLK_IGNORE_UNUSED' macro redefined [-Wmacro-redefined]
   68 | #define CLK_IGNORE_UNUSED                                               BIT(3)
      |         ^
../Hardware/ad9361/ad9361_util.h(44): note: previous definition is here
   44 | #define CLK_IGNORE_UNUSED                                               NO_OS_BIT(3)
      |         ^
../Hardware/ad9361/iio_ad9361.c(40): warning: In file included from...../Hardware/api\no_os_util.h(69): warning: 'CLK_GET_RATE_NOCACHE' macro redefined [-Wmacro-redefined]
   69 | #define CLK_GET_RATE_NOCACHE                                    BIT(6)
      |         ^
../Hardware/ad9361/ad9361_util.h(45): note: previous definition is here
   45 | #define CLK_GET_RATE_NOCACHE                                    NO_OS_BIT(6)
      |         ^
../Hardware/ad9361/iio_ad9361.c(40): warning: In file included from...../Hardware/api\no_os_util.h(95): error: redefinition of 'device'
   95 | struct device {
      |        ^
../Hardware/ad9361/ad9361_util.h(63): note: previous definition is here
   63 | struct device {
      |        ^
../Hardware/ad9361/iio_ad9361.c(40): warning: In file included from...../Hardware/api\no_os_util.h(99): error: redefinition of 'spi_device'
   99 | struct spi_device {
      |        ^
../Hardware/ad9361/ad9361_util.h(66): note: previous definition is here
   66 | struct spi_device {
      |        ^
../Hardware/ad9361/iio_ad9361.c(40): warning: In file included from...../Hardware/api\no_os_util.h(104): error: redefinition of 'axiadc_state'
  104 | struct axiadc_state {
      |        ^
../Hardware/ad9361/ad9361_util.h(71): note: previous definition is here
   71 | struct axiadc_state {
      |        ^
../Hardware/ad9361/iio_ad9361.c(40): warning: In file included from...../Hardware/api\no_os_util.h(109): error: redefinition of 'axiadc_chip_info'
  109 | struct axiadc_chip_info {
      |        ^
../Hardware/ad9361/ad9361_util.h(76): note: previous definition is here
   76 | struct axiadc_chip_info {
      |        ^
../Hardware/ad9361/iio_ad9361.c(40): warning: In file included from...../Hardware/api\no_os_util.h(114): error: redefinition of 'axiadc_converter'
  114 | struct axiadc_converter {
      |        ^
../Hardware/ad9361/ad9361_util.h(81): note: previous definition is here
   81 | struct axiadc_converter {
      |        ^
../Hardware/ad9361/iio_ad9361.c(40): warning: In file included from...../Hardware/api\no_os_util.h(130): warning: declaration of 'struct clk' will not be visible outside of this function [-Wvisibility]
  130 | int32_t clk_prepare_enable(struct clk *clk);
      |                                   ^
../Hardware/api\no_os_util.h(130): error: conflicting types for 'clk_prepare_enable'
  130 | int32_t clk_prepare_enable(struct clk *clk);
      |         ^
../Hardware/ad9361/ad9361_util.h(94): note: previous declaration is here
   94 | int32_t clk_prepare_enable(struct no_os_clk *clk);
      |         ^
../Hardware/ad9361/iio_ad9361.c(84): warning: declaration of 'struct iio_ch_info' will not be visible outside of this function [-Wvisibility]
   84 |                               const struct iio_ch_info *channel, intptr_t priv)
      |                                            ^
../Hardware/ad9361/iio_ad9361.c(90): error: incomplete definition of type 'struct iio_ch_info'
   90 |         if (channel->ch_out) {
      |             ~~~~~~~^
../Hardware/ad9361/iio_ad9361.c(84): note: forward declaration of 'struct iio_ch_info'
   84 |                               const struct iio_ch_info *channel, intptr_t priv)
      |                                            ^
../Hardware/ad9361/iio_ad9361.c(108): warning: declaration of 'struct iio_ch_info' will not be visible outside of this function [-Wvisibility]
  108 |                             const struct iio_ch_info *channel, intptr_t priv)
      |                                          ^
../Hardware/ad9361/iio_ad9361.c(114): error: incomplete definition of type 'struct iio_ch_info'
  114 |         if (channel->ch_out) {
      |             ~~~~~~~^
../Hardware/ad9361/iio_ad9361.c(108): note: forward declaration of 'struct iio_ch_info'
  108 |                             const struct iio_ch_info *channel, intptr_t priv)
      |                                          ^
../Hardware/ad9361/iio_ad9361.c(115): error: incomplete definition of type 'struct iio_ch_info'
  115 |                 ret = ad9361_get_tx_atten(ad9361_phy, channel->ch_num + 1);
      |                                                       ~~~~~~~^
../Hardware/ad9361/iio_ad9361.c(108): note: forward declaration of 'struct iio_ch_info'
  108 |                             const struct iio_ch_info *channel, intptr_t priv)
      |                                          ^
../Hardware/ad9361/iio_ad9361.c(136): error: incomplete definition of type 'struct iio_ch_info'
  136 |                                                          false, channel->ch_num + 1), &rx_gain);
      |                                                                 ~~~~~~~^
../Hardware/ad9361/iio_ad9361.c(108): note: forward declaration of 'struct iio_ch_info'
  108 |                             const struct iio_ch_info *channel, intptr_t priv)
      |                                          ^
../Hardware/ad9361/iio_ad9361.c(154): warning: declaration of 'struct iio_ch_info' will not be visible outside of this function [-Wvisibility]
  154 |                     const struct iio_ch_info *channel, intptr_t priv)
      |                                  ^
../Hardware/ad9361/iio_ad9361.c(159): error: incomplete definition of type 'struct iio_ch_info'
  159 |         if (channel->ch_out) {
      |             ~~~~~~~^
../Hardware/ad9361/iio_ad9361.c(154): note: forward declaration of 'struct iio_ch_info'
  154 |                     const struct iio_ch_info *channel, intptr_t priv)
      |                                  ^
../Hardware/ad9361/iio_ad9361.c(161): error: incomplete definition of type 'struct iio_ch_info'
  161 |                 ret = ad9361_get_tx_rssi(ad9361_phy, channel->ch_num, &rssi_db_x_1000);
      |                                                      ~~~~~~~^
../Hardware/ad9361/iio_ad9361.c(154): note: forward declaration of 'struct iio_ch_info'
  154 |                     const struct iio_ch_info *channel, intptr_t priv)
      |                                  ^
../Hardware/ad9361/iio_ad9361.c(168): error: incomplete definition of type 'struct iio_ch_info'
  168 |                 ret = ad9361_get_rx_rssi(ad9361_phy, channel->ch_num, &rssi);
      |                                                      ~~~~~~~^
../Hardware/ad9361/iio_ad9361.c(154): note: forward declaration of 'struct iio_ch_info'
  154 |                     const struct iio_ch_info *channel, intptr_t priv)
      |                                  ^
../Hardware/ad9361/iio_ad9361.c(183): warning: declaration of 'struct iio_ch_info' will not be visible outside of this function [-Wvisibility]
  183 |                                       const struct iio_ch_info *channel,
      |                                                    ^
fatal error: too many errors emitted, stopping now [-ferror-limit=]
9 warnings and 20 errors generated.
compiling iio_ad9361.c...
compiling no_os_error.c...
compiling ad9361_util.c...
../Hardware/api/no_os_util.c(43): warning: In file included from...../Hardware/api/no_os_util.h(130): warning: declaration of 'struct clk' will not be visible outside of this function [-Wvisibility]
  130 | int32_t clk_prepare_enable(struct clk *clk);
      |                                   ^
1 warning generated.
compiling no_os_util.c...
compiling no_os_api.c...
"GoWinSDR\GoWinSDR.axf" - 51 Error(s), 25 Warning(s).
Target not created.
Build Time Elapsed:  00:00:03
