GowinSynthesis start
Running parser ...
Analyzing Verilog file 'D:\Code\git\GoWinSDR\FPGA\SDR_Final_CMOS\src\FIR_Calib\advanced_fir_filter.v'
Analyzing Verilog file 'D:\Code\git\GoWinSDR\FPGA\SDR_Final_CMOS\src\ad9363_dev_cmos.v'
Analyzing Verilog file 'D:\Code\git\GoWinSDR\FPGA\SDR_Final_CMOS\src\advanced_fir_filter\advanced_fir_filter.v'
Analyzing Verilog file 'D:\Code\git\GoWinSDR\FPGA\SDR_Final_CMOS\src\arp_responder.v'
Analyzing Verilog file 'D:\Code\git\GoWinSDR\FPGA\SDR_Final_CMOS\src\calibration.v'
Analyzing Verilog file 'D:\Code\git\GoWinSDR\FPGA\SDR_Final_CMOS\src\com_fpga.v'
Analyzing Verilog file 'D:\Code\git\GoWinSDR\FPGA\SDR_Final_CMOS\src\costas.v'
Analyzing Verilog file 'D:\Code\git\GoWinSDR\FPGA\SDR_Final_CMOS\src\costas_loop_filter.v'
Analyzing Verilog file 'D:\Code\git\GoWinSDR\FPGA\SDR_Final_CMOS\src\crc.v'
Analyzing Verilog file 'D:\Code\git\GoWinSDR\FPGA\SDR_Final_CMOS\src\dds_ii\dds_ii.v'
Analyzing Verilog file 'D:\Code\git\GoWinSDR\FPGA\SDR_Final_CMOS\src\dds_ii_costas\dds_ii.v'
Analyzing Verilog file 'D:\Code\git\GoWinSDR\FPGA\SDR_Final_CMOS\src\eth_frame_buf\eth_frame_buf.v'
Analyzing Verilog file 'D:\Code\git\GoWinSDR\FPGA\SDR_Final_CMOS\src\eth_frame_gene.v'
Analyzing Verilog file 'D:\Code\git\GoWinSDR\FPGA\SDR_Final_CMOS\src\eth_pack.v'
Analyzing Verilog file 'D:\Code\git\GoWinSDR\FPGA\SDR_Final_CMOS\src\eth_transceiver.v'
Analyzing Verilog file 'D:\Code\git\GoWinSDR\FPGA\SDR_Final_CMOS\src\fifo_eth_rx\fifo_top.v'
Analyzing Verilog file 'D:\Code\git\GoWinSDR\FPGA\SDR_Final_CMOS\src\fifo_eth_tx\fifo_eth_tx.v'
Analyzing Verilog file 'D:\Code\git\GoWinSDR\FPGA\SDR_Final_CMOS\src\fifo_top\fifo_top.v'
Analyzing Verilog file 'D:\Code\git\GoWinSDR\FPGA\SDR_Final_CMOS\src\fifo_top_rx\fifo_top_rx.v'
Analyzing Verilog file 'D:\Code\git\GoWinSDR\FPGA\SDR_Final_CMOS\src\gardner_sync.v'
Analyzing Verilog file 'D:\Code\git\GoWinSDR\FPGA\SDR_Final_CMOS\src\gardner_ted.v'
Analyzing Verilog file 'D:\Code\git\GoWinSDR\FPGA\SDR_Final_CMOS\src\gowin_ddr\gowin_ddr.v'
Analyzing Verilog file 'D:\Code\git\GoWinSDR\FPGA\SDR_Final_CMOS\src\gowin_ddr_GMII2RGMII\GMII2RGMII.v'
Analyzing Verilog file 'D:\Code\git\GoWinSDR\FPGA\SDR_Final_CMOS\src\gowin_mult\gowin_mult.v'
Analyzing Verilog file 'D:\Code\git\GoWinSDR\FPGA\SDR_Final_CMOS\src\gowin_mult_1212\gowin_mult.v'
Analyzing Verilog file 'D:\Code\git\GoWinSDR\FPGA\SDR_Final_CMOS\src\gowin_pll\gowin_pll.v'
Analyzing Verilog file 'D:\Code\git\GoWinSDR\FPGA\SDR_Final_CMOS\src\gowin_pll\gowin_pll_mod.v'
Analyzing Verilog file 'D:\Code\git\GoWinSDR\FPGA\SDR_Final_CMOS\src\gowin_pll_eth\gowin_pll_eth.v'
Analyzing Verilog file 'D:\Code\git\GoWinSDR\FPGA\SDR_Final_CMOS\src\gowin_pll_eth\gowin_pll_eth_mod.v'
Analyzing Verilog file 'D:\Code\git\GoWinSDR\FPGA\SDR_Final_CMOS\src\integer_division\integer_division.v'
Analyzing Verilog file 'D:\Code\git\GoWinSDR\FPGA\SDR_Final_CMOS\src\interpolate_filter.v'
Analyzing Verilog file 'D:\Code\git\GoWinSDR\FPGA\SDR_Final_CMOS\src\nco.v'
Analyzing Verilog file 'D:\Code\git\GoWinSDR\FPGA\SDR_Final_CMOS\src\phase_detector.v'
Analyzing Verilog file 'D:\Code\git\GoWinSDR\FPGA\SDR_Final_CMOS\src\pll_init.v'
Analyzing Verilog file 'D:\Code\git\GoWinSDR\FPGA\SDR_Final_CMOS\src\rf_diff_decode.v'
Analyzing Verilog file 'D:\Code\git\GoWinSDR\FPGA\SDR_Final_CMOS\src\rf_diff_encode.v'
Analyzing Verilog file 'D:\Code\git\GoWinSDR\FPGA\SDR_Final_CMOS\src\rf_rxt.v'
Analyzing Verilog file 'D:\Code\git\GoWinSDR\FPGA\SDR_Final_CMOS\src\sys_pll\sys_pll.v'
Analyzing Verilog file 'D:\Code\git\GoWinSDR\FPGA\SDR_Final_CMOS\src\sys_pll\sys_pll_mod.v'
Analyzing Verilog file 'D:\Code\git\GoWinSDR\FPGA\SDR_Final_CMOS\src\top.v'
Undeclared symbol 'gclk_div', assumed default net type 'wire'("D:\Code\git\GoWinSDR\FPGA\SDR_Final_CMOS\src\top.v":53)
Undeclared symbol 'dac_r1_mode', assumed default net type 'wire'("D:\Code\git\GoWinSDR\FPGA\SDR_Final_CMOS\src\top.v":66)
Undeclared symbol 'adc_r1_mode', assumed default net type 'wire'("D:\Code\git\GoWinSDR\FPGA\SDR_Final_CMOS\src\top.v":67)
Analyzing Verilog file 'D:\Code\git\GoWinSDR\FPGA\SDR_Final_CMOS\src\costas_flt_new.v'
Analyzing Verilog file 'E:\Program_File(x86)\Gowin\Gowin_V1.9.12_x64\IDE\data\ipcores\GAO\GW_AO_0\gw_ao_crc32.v'
Analyzing Verilog file 'E:\Program_File(x86)\Gowin\Gowin_V1.9.12_x64\IDE\data\ipcores\GAO\GW_AO_0\gw_ao_match.v'
Analyzing included file 'E:\Program_File(x86)\Gowin\Gowin_V1.9.12_x64\IDE\data\ipcores\GAO\GW_AO_0\gw_ao_define.v'("E:\Program_File(x86)\Gowin\Gowin_V1.9.12_x64\IDE\data\ipcores\GAO\GW_AO_0\gw_ao_match.v":374)
Back to file 'E:\Program_File(x86)\Gowin\Gowin_V1.9.12_x64\IDE\data\ipcores\GAO\GW_AO_0\gw_ao_match.v'("E:\Program_File(x86)\Gowin\Gowin_V1.9.12_x64\IDE\data\ipcores\GAO\GW_AO_0\gw_ao_match.v":374)
Analyzing included file 'D:\Code\git\GoWinSDR\FPGA\SDR_Final_CMOS\impl\gwsynthesis\RTL_GAO\ao_0\gw_ao_top_define.v'("E:\Program_File(x86)\Gowin\Gowin_V1.9.12_x64\IDE\data\ipcores\GAO\GW_AO_0\gw_ao_match.v":374)
Back to file 'E:\Program_File(x86)\Gowin\Gowin_V1.9.12_x64\IDE\data\ipcores\GAO\GW_AO_0\gw_ao_match.v'("E:\Program_File(x86)\Gowin\Gowin_V1.9.12_x64\IDE\data\ipcores\GAO\GW_AO_0\gw_ao_match.v":374)
Analyzing included file 'D:\Code\git\GoWinSDR\FPGA\SDR_Final_CMOS\impl\gwsynthesis\RTL_GAO\ao_0\gw_ao_init.v'("E:\Program_File(x86)\Gowin\Gowin_V1.9.12_x64\IDE\data\ipcores\GAO\GW_AO_0\gw_ao_match.v":374)
Back to file 'E:\Program_File(x86)\Gowin\Gowin_V1.9.12_x64\IDE\data\ipcores\GAO\GW_AO_0\gw_ao_match.v'("E:\Program_File(x86)\Gowin\Gowin_V1.9.12_x64\IDE\data\ipcores\GAO\GW_AO_0\gw_ao_match.v":374)
Analyzing Verilog file 'E:\Program_File(x86)\Gowin\Gowin_V1.9.12_x64\IDE\data\ipcores\GAO\GW_AO_0\gw_ao_mem_ctrl.v'
Analyzing included file 'D:\Code\git\GoWinSDR\FPGA\SDR_Final_CMOS\impl\gwsynthesis\RTL_GAO\ao_0\gw_ao_top_define.v'("E:\Program_File(x86)\Gowin\Gowin_V1.9.12_x64\IDE\data\ipcores\GAO\GW_AO_0\gw_ao_mem_ctrl.v":1256)
Back to file 'E:\Program_File(x86)\Gowin\Gowin_V1.9.12_x64\IDE\data\ipcores\GAO\GW_AO_0\gw_ao_mem_ctrl.v'("E:\Program_File(x86)\Gowin\Gowin_V1.9.12_x64\IDE\data\ipcores\GAO\GW_AO_0\gw_ao_mem_ctrl.v":1256)
Analyzing Verilog file 'E:\Program_File(x86)\Gowin\Gowin_V1.9.12_x64\IDE\data\ipcores\GAO\GW_AO_0\gw_ao_top.v'
Analyzing included file 'E:\Program_File(x86)\Gowin\Gowin_V1.9.12_x64\IDE\data\ipcores\GAO\GW_AO_0\gw_ao_define.v'("E:\Program_File(x86)\Gowin\Gowin_V1.9.12_x64\IDE\data\ipcores\GAO\GW_AO_0\gw_ao_top.v":3042)
Back to file 'E:\Program_File(x86)\Gowin\Gowin_V1.9.12_x64\IDE\data\ipcores\GAO\GW_AO_0\gw_ao_top.v'("E:\Program_File(x86)\Gowin\Gowin_V1.9.12_x64\IDE\data\ipcores\GAO\GW_AO_0\gw_ao_top.v":3042)
Analyzing included file 'D:\Code\git\GoWinSDR\FPGA\SDR_Final_CMOS\impl\gwsynthesis\RTL_GAO\ao_0\gw_ao_top_define.v'("E:\Program_File(x86)\Gowin\Gowin_V1.9.12_x64\IDE\data\ipcores\GAO\GW_AO_0\gw_ao_top.v":3042)
Back to file 'E:\Program_File(x86)\Gowin\Gowin_V1.9.12_x64\IDE\data\ipcores\GAO\GW_AO_0\gw_ao_top.v'("E:\Program_File(x86)\Gowin\Gowin_V1.9.12_x64\IDE\data\ipcores\GAO\GW_AO_0\gw_ao_top.v":3042)
Analyzing included file 'D:\Code\git\GoWinSDR\FPGA\SDR_Final_CMOS\impl\gwsynthesis\RTL_GAO\ao_0\gw_ao_expression.v'("E:\Program_File(x86)\Gowin\Gowin_V1.9.12_x64\IDE\data\ipcores\GAO\GW_AO_0\gw_ao_top.v":3042)
Back to file 'E:\Program_File(x86)\Gowin\Gowin_V1.9.12_x64\IDE\data\ipcores\GAO\GW_AO_0\gw_ao_top.v'("E:\Program_File(x86)\Gowin\Gowin_V1.9.12_x64\IDE\data\ipcores\GAO\GW_AO_0\gw_ao_top.v":3042)
Analyzing included file 'D:\Code\git\GoWinSDR\FPGA\SDR_Final_CMOS\impl\gwsynthesis\RTL_GAO\ao_0\gw_ao_parameter.v'("E:\Program_File(x86)\Gowin\Gowin_V1.9.12_x64\IDE\data\ipcores\GAO\GW_AO_0\gw_ao_top.v":3042)
Back to file 'E:\Program_File(x86)\Gowin\Gowin_V1.9.12_x64\IDE\data\ipcores\GAO\GW_AO_0\gw_ao_top.v'("E:\Program_File(x86)\Gowin\Gowin_V1.9.12_x64\IDE\data\ipcores\GAO\GW_AO_0\gw_ao_top.v":3042)
Analyzing included file 'D:\Code\git\GoWinSDR\FPGA\SDR_Final_CMOS\impl\gwsynthesis\RTL_GAO\ao_0\gw_ao_init.v'("E:\Program_File(x86)\Gowin\Gowin_V1.9.12_x64\IDE\data\ipcores\GAO\GW_AO_0\gw_ao_top.v":3042)
Back to file 'E:\Program_File(x86)\Gowin\Gowin_V1.9.12_x64\IDE\data\ipcores\GAO\GW_AO_0\gw_ao_top.v'("E:\Program_File(x86)\Gowin\Gowin_V1.9.12_x64\IDE\data\ipcores\GAO\GW_AO_0\gw_ao_top.v":3042)
Analyzing Verilog file 'E:\Program_File(x86)\Gowin\Gowin_V1.9.12_x64\IDE\data\ipcores\GAO\GW_CON\gw_con_top.v'
Analyzing included file 'D:\Code\git\GoWinSDR\FPGA\SDR_Final_CMOS\impl\gwsynthesis\RTL_GAO\ao_control\gw_con_top_define.v'("E:\Program_File(x86)\Gowin\Gowin_V1.9.12_x64\IDE\data\ipcores\GAO\GW_CON\gw_con_top.v":377)
Back to file 'E:\Program_File(x86)\Gowin\Gowin_V1.9.12_x64\IDE\data\ipcores\GAO\GW_CON\gw_con_top.v'("E:\Program_File(x86)\Gowin\Gowin_V1.9.12_x64\IDE\data\ipcores\GAO\GW_CON\gw_con_top.v":377)
Analyzing included file 'D:\Code\git\GoWinSDR\FPGA\SDR_Final_CMOS\impl\gwsynthesis\RTL_GAO\ao_control\gw_con_parameter.v'("E:\Program_File(x86)\Gowin\Gowin_V1.9.12_x64\IDE\data\ipcores\GAO\GW_CON\gw_con_top.v":377)
Back to file 'E:\Program_File(x86)\Gowin\Gowin_V1.9.12_x64\IDE\data\ipcores\GAO\GW_CON\gw_con_top.v'("E:\Program_File(x86)\Gowin\Gowin_V1.9.12_x64\IDE\data\ipcores\GAO\GW_CON\gw_con_top.v":377)
Analyzing Verilog file 'E:\Program_File(x86)\Gowin\Gowin_V1.9.12_x64\IDE\data\ipcores\gw_jtag.v'
Analyzing Verilog file 'D:\Code\git\GoWinSDR\FPGA\SDR_Final_CMOS\impl\gwsynthesis\RTL_GAO\gw_gao_top.v'
Compiling module 'top'("D:\Code\git\GoWinSDR\FPGA\SDR_Final_CMOS\src\top.v":1)
WARN  (EX3073) : Port 'Q1' remains unconnected for this instance("D:\Code\git\GoWinSDR\FPGA\SDR_Final_CMOS\src\ad9363_dev_cmos.v":48)
WARN  (EX3073) : Port 'Q1' remains unconnected for this instance("D:\Code\git\GoWinSDR\FPGA\SDR_Final_CMOS\src\ad9363_dev_cmos.v":49)
WARN  (EX3073) : Port 'Q1' remains unconnected for this instance("D:\Code\git\GoWinSDR\FPGA\SDR_Final_CMOS\src\ad9363_dev_cmos.v":50)
WARN  (EX3073) : Port 'Q1' remains unconnected for this instance("D:\Code\git\GoWinSDR\FPGA\SDR_Final_CMOS\src\ad9363_dev_cmos.v":51)
WARN  (EX3073) : Port 'Q1' remains unconnected for this instance("D:\Code\git\GoWinSDR\FPGA\SDR_Final_CMOS\src\ad9363_dev_cmos.v":52)
WARN  (EX3073) : Port 'Q1' remains unconnected for this instance("D:\Code\git\GoWinSDR\FPGA\SDR_Final_CMOS\src\ad9363_dev_cmos.v":53)
WARN  (EX3073) : Port 'Q1' remains unconnected for this instance("D:\Code\git\GoWinSDR\FPGA\SDR_Final_CMOS\src\ad9363_dev_cmos.v":54)
WARN  (EX3073) : Port 'Q1' remains unconnected for this instance("D:\Code\git\GoWinSDR\FPGA\SDR_Final_CMOS\src\ad9363_dev_cmos.v":55)
WARN  (EX3073) : Port 'Q1' remains unconnected for this instance("D:\Code\git\GoWinSDR\FPGA\SDR_Final_CMOS\src\ad9363_dev_cmos.v":56)
WARN  (EX3073) : Port 'Q1' remains unconnected for this instance("D:\Code\git\GoWinSDR\FPGA\SDR_Final_CMOS\src\ad9363_dev_cmos.v":57)
WARN  (EX3073) : Port 'Q1' remains unconnected for this instance("D:\Code\git\GoWinSDR\FPGA\SDR_Final_CMOS\src\ad9363_dev_cmos.v":58)
WARN  (EX3073) : Port 'Q1' remains unconnected for this instance("D:\Code\git\GoWinSDR\FPGA\SDR_Final_CMOS\src\ad9363_dev_cmos.v":59)
WARN  (EX3073) : Port 'Q1' remains unconnected for this instance("D:\Code\git\GoWinSDR\FPGA\SDR_Final_CMOS\src\ad9363_dev_cmos.v":67)
Compiling module 'ad9363_dev_cmos'("D:\Code\git\GoWinSDR\FPGA\SDR_Final_CMOS\src\ad9363_dev_cmos.v":1)
WARN  (EX3780) : Using initial value of 'tx_frame' since it is never assigned("D:\Code\git\GoWinSDR\FPGA\SDR_Final_CMOS\src\ad9363_dev_cmos.v":31)
Compiling module 'DDS_II_Top'("D:\Code\git\GoWinSDR\FPGA\SDR_Final_CMOS\src\dds_ii\dds_ii.v":2497)
Compiling module '**'("D:\Code\git\GoWinSDR\FPGA\SDR_Final_CMOS\src\dds_ii\dds_ii.v":2496)
Compiling module 'rf_rxt(SAMPLE_RATE=32'b00000001110101001100000000000000,BIT_RATE=32'b00000000011110100001001000000000)'("D:\Code\git\GoWinSDR\FPGA\SDR_Final_CMOS\src\rf_rxt.v":1)
Compiling module 'costas'("D:\Code\git\GoWinSDR\FPGA\SDR_Final_CMOS\src\costas.v":1)
Compiling module 'DDS_Costas'("D:\Code\git\GoWinSDR\FPGA\SDR_Final_CMOS\src\dds_ii_costas\dds_ii.v":1853)
Compiling module '**'("D:\Code\git\GoWinSDR\FPGA\SDR_Final_CMOS\src\dds_ii_costas\dds_ii.v":1852)
Compiling module 'Gowin_MULT_1212'("D:\Code\git\GoWinSDR\FPGA\SDR_Final_CMOS\src\gowin_mult_1212\gowin_mult.v":10)
Compiling module 'costas_loop_filter_new(PHASE_WIDTH=25)'("D:\Code\git\GoWinSDR\FPGA\SDR_Final_CMOS\src\costas_flt_new.v":1)
WARN  (EX3791) : Expression size 50 truncated to fit in target size 25("D:\Code\git\GoWinSDR\FPGA\SDR_Final_CMOS\src\costas_flt_new.v":51)
Compiling module 'gardner_sync'("D:\Code\git\GoWinSDR\FPGA\SDR_Final_CMOS\src\gardner_sync.v":1)
Compiling module 'interpolate_filter'("D:\Code\git\GoWinSDR\FPGA\SDR_Final_CMOS\src\interpolate_filter.v":2)
Compiling module 'Gowin_MULT'("D:\Code\git\GoWinSDR\FPGA\SDR_Final_CMOS\src\gowin_mult\gowin_mult.v":10)
Compiling module 'gardner_ted'("D:\Code\git\GoWinSDR\FPGA\SDR_Final_CMOS\src\gardner_ted.v":3)
Compiling module 'nco'("D:\Code\git\GoWinSDR\FPGA\SDR_Final_CMOS\src\nco.v":2)
WARN  (EX3791) : Expression size 17 truncated to fit in target size 16("D:\Code\git\GoWinSDR\FPGA\SDR_Final_CMOS\src\nco.v":28)
Compiling module 'Advanced_FIR_Filter_Top'("D:\Code\git\GoWinSDR\FPGA\SDR_Final_CMOS\src\advanced_fir_filter\advanced_fir_filter.v":11548)
Compiling module '**'("D:\Code\git\GoWinSDR\FPGA\SDR_Final_CMOS\src\advanced_fir_filter\advanced_fir_filter.v":11547)
Compiling module 'fifo_tx'("D:\Code\git\GoWinSDR\FPGA\SDR_Final_CMOS\src\fifo_top\fifo_top.v":711)
Compiling module '**'("D:\Code\git\GoWinSDR\FPGA\SDR_Final_CMOS\src\fifo_top\fifo_top.v":710)
Compiling module 'qpsk_differential_encoder'("D:\Code\git\GoWinSDR\FPGA\SDR_Final_CMOS\src\rf_diff_encode.v":1)
Compiling module 'qpsk_differential_decoder'("D:\Code\git\GoWinSDR\FPGA\SDR_Final_CMOS\src\rf_diff_decode.v":1)
Compiling module 'eth_transceiver(BOARD_IP=32'b11000000101010000000001100000010)'("D:\Code\git\GoWinSDR\FPGA\SDR_Final_CMOS\src\eth_transceiver.v":1)
Extracting RAM for identifier 'tx_buffer'("D:\Code\git\GoWinSDR\FPGA\SDR_Final_CMOS\src\eth_transceiver.v":317)
Compiling module 'GMII_PLL'("D:\Code\git\GoWinSDR\FPGA\SDR_Final_CMOS\src\gowin_pll_eth\gowin_pll_eth.v":1)
Compiling module 'GMII_PLL_MOD'("D:\Code\git\GoWinSDR\FPGA\SDR_Final_CMOS\src\gowin_pll_eth\gowin_pll_eth_mod.v":10)
Compiling module 'PLL_INIT(MULTI_FAC=15)'("D:\Code\git\GoWinSDR\FPGA\SDR_Final_CMOS\src\pll_init.v":4)
Compiling module 'crc'("D:\Code\git\GoWinSDR\FPGA\SDR_Final_CMOS\src\crc.v":3)
Compiling module 'GMII2RGMII'("D:\Code\git\GoWinSDR\FPGA\SDR_Final_CMOS\src\gowin_ddr_GMII2RGMII\GMII2RGMII.v":9)
WARN  (EX2565) : Input 'mdclk' on this instance is undriven. Assigning to 0, simulation mismatch possible. Please assign the input or remove the declaration("D:\Code\git\GoWinSDR\FPGA\SDR_Final_CMOS\src\eth_transceiver.v":49)
Compiling module 'rf_data_processor'("D:\Code\git\GoWinSDR\FPGA\SDR_Final_CMOS\src\eth_frame_gene.v":1)
Compiling module 'fifo_eth_rx'("D:\Code\git\GoWinSDR\FPGA\SDR_Final_CMOS\src\fifo_eth_rx\fifo_top.v":662)
Compiling module '**'("D:\Code\git\GoWinSDR\FPGA\SDR_Final_CMOS\src\fifo_eth_rx\fifo_top.v":661)
Compiling module 'rf_data_depacketizer(TIMEOUT_CNT=32'd65535)'("D:\Code\git\GoWinSDR\FPGA\SDR_Final_CMOS\src\eth_pack.v":1)
Compiling module 'fifo_eth_tx'("D:\Code\git\GoWinSDR\FPGA\SDR_Final_CMOS\src\fifo_eth_tx\fifo_eth_tx.v":662)
Compiling module '**'("D:\Code\git\GoWinSDR\FPGA\SDR_Final_CMOS\src\fifo_eth_tx\fifo_eth_tx.v":661)
Compiling module 'calibration'("D:\Code\git\GoWinSDR\FPGA\SDR_Final_CMOS\src\calibration.v":1)
Compiling module 'FIR_Calib'("D:\Code\git\GoWinSDR\FPGA\SDR_Final_CMOS\src\FIR_Calib\advanced_fir_filter.v":30028)
Compiling module '**'("D:\Code\git\GoWinSDR\FPGA\SDR_Final_CMOS\src\FIR_Calib\advanced_fir_filter.v":30027)
Compiling module 'sine_frequency_meter'("D:\Code\git\GoWinSDR\FPGA\SDR_Final_CMOS\src\calibration.v":62)
WARN  (EX3791) : Expression size 27 truncated to fit in target size 26("D:\Code\git\GoWinSDR\FPGA\SDR_Final_CMOS\src\calibration.v":88)
WARN  (EX3791) : Expression size 5 truncated to fit in target size 4("D:\Code\git\GoWinSDR\FPGA\SDR_Final_CMOS\src\calibration.v":133)
WARN  (EX3791) : Expression size 31 truncated to fit in target size 24("D:\Code\git\GoWinSDR\FPGA\SDR_Final_CMOS\src\calibration.v":137)
WARN  (EX3791) : Expression size 7 truncated to fit in target size 6("D:\Code\git\GoWinSDR\FPGA\SDR_Final_CMOS\src\calibration.v":146)
Compiling module 'Integer_Division'("D:\Code\git\GoWinSDR\FPGA\SDR_Final_CMOS\src\integer_division\integer_division.v":6332)
Compiling module '**'("D:\Code\git\GoWinSDR\FPGA\SDR_Final_CMOS\src\integer_division\integer_division.v":6331)
Compiling module 'data_sender_24bit'("D:\Code\git\GoWinSDR\FPGA\SDR_Final_CMOS\src\com_fpga.v":1)
WARN  (EX3791) : Expression size 8 truncated to fit in target size 7("D:\Code\git\GoWinSDR\FPGA\SDR_Final_CMOS\src\com_fpga.v":29)
WARN  (EX3791) : Expression size 3 truncated to fit in target size 2("D:\Code\git\GoWinSDR\FPGA\SDR_Final_CMOS\src\com_fpga.v":76)
Compiling module 'gw_gao'("D:\Code\git\GoWinSDR\FPGA\SDR_Final_CMOS\impl\gwsynthesis\RTL_GAO\gw_gao_top.v":1)
Compiling module 'GW_JTAG'("E:\Program_File(x86)\Gowin\Gowin_V1.9.12_x64\IDE\data\ipcores\gw_jtag.v":1)
Compiling module '**'("E:\Program_File(x86)\Gowin\Gowin_V1.9.12_x64\IDE\data\ipcores\GAO\GW_CON\gw_con_top.v":377)
Compiling module '**'("E:\Program_File(x86)\Gowin\Gowin_V1.9.12_x64\IDE\data\ipcores\GAO\GW_AO_0\gw_ao_top.v":3042)
Compiling module '**'("E:\Program_File(x86)\Gowin\Gowin_V1.9.12_x64\IDE\data\ipcores\GAO\GW_AO_0\gw_ao_mem_ctrl.v":1256)
Extracting RAM for identifier '**'("E:\Program_File(x86)\Gowin\Gowin_V1.9.12_x64\IDE\data\ipcores\GAO\GW_AO_0\gw_ao_mem_ctrl.v":1256)
Compiling module '**'("E:\Program_File(x86)\Gowin\Gowin_V1.9.12_x64\IDE\data\ipcores\GAO\GW_AO_0\gw_ao_crc32.v":74)
Compiling module '**'("E:\Program_File(x86)\Gowin\Gowin_V1.9.12_x64\IDE\data\ipcores\GAO\GW_AO_0\gw_ao_match.v":374)
Trying to combine GAO to RTL design
NOTE  (EX0101) : Current top module is "top"
WARN  (EX0211) : The output port "rx_data_missing" of module "rf_rxt(SAMPLE_RATE=32'b00000001110101001100000000000000,BIT_RATE=32'b00000000011110100001001000000000)" has no driver, assigning undriven bits to Z, simulation mismatch possible("D:\Code\git\GoWinSDR\FPGA\SDR_Final_CMOS\src\rf_rxt.v":13)
[5%] Running netlist conversion ...
WARN  (CV0016) : Input rx_frame_in_p is unused("D:\Code\git\GoWinSDR\FPGA\SDR_Final_CMOS\src\top.v":11)
Running device independent optimization ...
[10%] Optimizing Phase 0 completed
[15%] Optimizing Phase 1 completed
[25%] Optimizing Phase 2 completed
Running inference ...
[30%] Inferring Phase 0 completed
[40%] Inferring Phase 1 completed
[50%] Inferring Phase 2 completed
[55%] Inferring Phase 3 completed
Running technical mapping ...
[60%] Tech-Mapping Phase 0 completed
[65%] Tech-Mapping Phase 1 completed
[75%] Tech-Mapping Phase 2 completed
[80%] Tech-Mapping Phase 3 completed
[90%] Tech-Mapping Phase 4 completed
WARN  (NL0002) : The module "PLL_INIT" instantiated to "u_pll_init" is swept in optimizing("D:\Code\git\GoWinSDR\FPGA\SDR_Final_CMOS\src\gowin_pll_eth\gowin_pll_eth.v":52)
WARN  (NL0002) : The module "(non_restoring_division)/(Integer_Division)(K=32)_30" instantiated to "gen_non_restoring[31].non_restoring_division_inst" is swept in optimizing("D:\Code\git\GoWinSDR\FPGA\SDR_Final_CMOS\src\integer_division\integer_division.v":6331)
WARN  (NL0002) : The module "gardner_sync" instantiated to "gardner_sync_u0" is swept in optimizing("D:\Code\git\GoWinSDR\FPGA\SDR_Final_CMOS\src\rf_rxt.v":99)
WARN  (NL0002) : The module "gardner_ted" instantiated to "gardner_ted_inst" is swept in optimizing("D:\Code\git\GoWinSDR\FPGA\SDR_Final_CMOS\src\gardner_sync.v":46)
WARN  (NL0002) : The module "interpolate_filter" instantiated to "interpolate_filter_inst" is swept in optimizing("D:\Code\git\GoWinSDR\FPGA\SDR_Final_CMOS\src\gardner_sync.v":30)
WARN  (NL0002) : The module "Gowin_MULT" instantiated to "mult_interploate_f1_1_I" is swept in optimizing("D:\Code\git\GoWinSDR\FPGA\SDR_Final_CMOS\src\interpolate_filter.v":104)
WARN  (NL0002) : The module "Gowin_MULT" instantiated to "mult_interploate_f1_1_Q" is swept in optimizing("D:\Code\git\GoWinSDR\FPGA\SDR_Final_CMOS\src\interpolate_filter.v":141)
WARN  (NL0002) : The module "Gowin_MULT" instantiated to "mult_interploate_f1_2_I" is swept in optimizing("D:\Code\git\GoWinSDR\FPGA\SDR_Final_CMOS\src\interpolate_filter.v":116)
WARN  (NL0002) : The module "Gowin_MULT" instantiated to "mult_interploate_f1_2_Q" is swept in optimizing("D:\Code\git\GoWinSDR\FPGA\SDR_Final_CMOS\src\interpolate_filter.v":153)
WARN  (NL0002) : The module "Gowin_MULT" instantiated to "mult_interploate_f2_1_I" is swept in optimizing("D:\Code\git\GoWinSDR\FPGA\SDR_Final_CMOS\src\interpolate_filter.v":126)
WARN  (NL0002) : The module "Gowin_MULT" instantiated to "mult_interploate_f2_1_Q" is swept in optimizing("D:\Code\git\GoWinSDR\FPGA\SDR_Final_CMOS\src\interpolate_filter.v":163)
WARN  (NL0002) : The module "nco" instantiated to "nco_inst" is swept in optimizing("D:\Code\git\GoWinSDR\FPGA\SDR_Final_CMOS\src\gardner_sync.v":57)
WARN  (NL0002) : The module "DDS_II_Top" instantiated to "your_instance_name" is swept in optimizing("D:\Code\git\GoWinSDR\FPGA\SDR_Final_CMOS\src\top.v":147)
WARN  (NL0002) : The module "~dds_ii_core.DDS_II_Top" instantiated to "u_dds_compiler_core" is swept in optimizing("D:\Code\git\GoWinSDR\FPGA\SDR_Final_CMOS\src\dds_ii\dds_ii.v":2515)
WARN  (NL0002) : The module "~dds_lut_table.DDS_II_Top" instantiated to "u_dds_lut_table" is swept in optimizing("D:\Code\git\GoWinSDR\FPGA\SDR_Final_CMOS\src\dds_ii\dds_ii.v":2496)
WARN  (NL0002) : The module "~rom_style.DDS_II_Top" instantiated to "U_rom_style" is swept in optimizing("D:\Code\git\GoWinSDR\FPGA\SDR_Final_CMOS\src\dds_ii\dds_ii.v":2496)
WARN  (NL0002) : The module "~dds_pha_cfg.DDS_II_Top" instantiated to "u_dds_pha_cfg" is swept in optimizing("D:\Code\git\GoWinSDR\FPGA\SDR_Final_CMOS\src\dds_ii\dds_ii.v":2496)
WARN  (NL0002) : The module "~dds_pha_gen.DDS_II_Top" instantiated to "u_dds_pha_gen" is swept in optimizing("D:\Code\git\GoWinSDR\FPGA\SDR_Final_CMOS\src\dds_ii\dds_ii.v":2496)
[95%] Generate netlist file "D:\Code\git\GoWinSDR\FPGA\SDR_Final_CMOS\impl\gwsynthesis\SDR_TANG_CMOS.vg" completed
[100%] Generate report file "D:\Code\git\GoWinSDR\FPGA\SDR_Final_CMOS\impl\gwsynthesis\SDR_TANG_CMOS_syn.rpt.html" completed
GowinSynthesis finish
