Vivado Simulator v2024.2.0
Copyright 1986-2022 Xilinx, Inc. All Rights Reserved.
Copyright 2022-2024 Advanced Micro Devices, Inc. All Rights Reserved.
Running: C:/Xilinx/Vivado/2024.2/bin/unwrapped/win64.o/xelab.exe --incr --debug typical --relax --mt 2 -L xil_defaultlib -L unisims_ver -L unimacro_ver -L secureip --snapshot tb_top_encdec_behav xil_defaultlib.tb_top_encdec xil_defaultlib.glbl -log elaborate.log 
Using 2 slave threads.
Starting static elaboration
Pass Through NonSizing Optimizer
Completed static elaboration
Starting simulation data flow analysis
Completed simulation data flow analysis
Time Resolution for simulation is 1ps
Compiling module xil_defaultlib.sec_encoder
Compiling module xil_defaultlib.parral_ser_trans_default
Compiling module xil_defaultlib.top_sec_encode
Compiling module xil_defaultlib.ser_parral_trans(PARRAL_WIDTH=72...
Compiling module xil_defaultlib.sec_decoder
Compiling module xil_defaultlib.top_sec_decode
Compiling module xil_defaultlib.tb_top_encdec
Compiling module xil_defaultlib.glbl
Built simulation snapshot tb_top_encdec_behav
