GowinSynthesis start
Running parser ...
Analyzing Verilog file 'E:\Program_File(x86)\Gowin\Gowin_V1.9.12_x64\IDE\ipcore\ADVANCED_FIR\data\advanced_fir_filter.v'
Analyzing included file 'define.vh'("E:\Program_File(x86)\Gowin\Gowin_V1.9.12_x64\IDE\ipcore\ADVANCED_FIR\data\advanced_fir_filter.v":5499)
Back to file 'E:\Program_File(x86)\Gowin\Gowin_V1.9.12_x64\IDE\ipcore\ADVANCED_FIR\data\advanced_fir_filter.v'("E:\Program_File(x86)\Gowin\Gowin_V1.9.12_x64\IDE\ipcore\ADVANCED_FIR\data\advanced_fir_filter.v":5499)
Analyzing included file 'E:\Program_File(x86)\Gowin\Gowin_V1.9.12_x64\IDE\ipcore\ADVANCED_FIR\data\static_macro_define.v'("E:\Program_File(x86)\Gowin\Gowin_V1.9.12_x64\IDE\ipcore\ADVANCED_FIR\data\advanced_fir_filter.v":5499)
Back to file 'E:\Program_File(x86)\Gowin\Gowin_V1.9.12_x64\IDE\ipcore\ADVANCED_FIR\data\advanced_fir_filter.v'("E:\Program_File(x86)\Gowin\Gowin_V1.9.12_x64\IDE\ipcore\ADVANCED_FIR\data\advanced_fir_filter.v":5499)
Analyzing Verilog file 'E:\Program_File(x86)\Gowin\Gowin_V1.9.12_x64\IDE\ipcore\ADVANCED_FIR\data\advanced_fir_filter_wrap.v'
Analyzing included file 'define.vh'("E:\Program_File(x86)\Gowin\Gowin_V1.9.12_x64\IDE\ipcore\ADVANCED_FIR\data\advanced_fir_filter_wrap.v":1)
Back to file 'E:\Program_File(x86)\Gowin\Gowin_V1.9.12_x64\IDE\ipcore\ADVANCED_FIR\data\advanced_fir_filter_wrap.v'("E:\Program_File(x86)\Gowin\Gowin_V1.9.12_x64\IDE\ipcore\ADVANCED_FIR\data\advanced_fir_filter_wrap.v":1)
Analyzing included file 'E:\Program_File(x86)\Gowin\Gowin_V1.9.12_x64\IDE\ipcore\ADVANCED_FIR\data\static_macro_define.v'("E:\Program_File(x86)\Gowin\Gowin_V1.9.12_x64\IDE\ipcore\ADVANCED_FIR\data\advanced_fir_filter_wrap.v":2)
Back to file 'E:\Program_File(x86)\Gowin\Gowin_V1.9.12_x64\IDE\ipcore\ADVANCED_FIR\data\advanced_fir_filter_wrap.v'("E:\Program_File(x86)\Gowin\Gowin_V1.9.12_x64\IDE\ipcore\ADVANCED_FIR\data\advanced_fir_filter_wrap.v":2)
Analyzing included file 'parameter.vh'("E:\Program_File(x86)\Gowin\Gowin_V1.9.12_x64\IDE\ipcore\ADVANCED_FIR\data\advanced_fir_filter_wrap.v":29)
Back to file 'E:\Program_File(x86)\Gowin\Gowin_V1.9.12_x64\IDE\ipcore\ADVANCED_FIR\data\advanced_fir_filter_wrap.v'("E:\Program_File(x86)\Gowin\Gowin_V1.9.12_x64\IDE\ipcore\ADVANCED_FIR\data\advanced_fir_filter_wrap.v":29)
Analyzing Verilog file 'E:\Program_File(x86)\Gowin\Gowin_V1.9.12_x64\IDE\ipcore\ADVANCED_FIR\data\static_macro_define.v'
Compiling module 'FIR_Calib'("E:\Program_File(x86)\Gowin\Gowin_V1.9.12_x64\IDE\ipcore\ADVANCED_FIR\data\advanced_fir_filter_wrap.v":4)
Compiling module '**'("E:\Program_File(x86)\Gowin\Gowin_V1.9.12_x64\IDE\ipcore\ADVANCED_FIR\data\advanced_fir_filter.v":5499)
Extracting RAM for identifier '**'("E:\Program_File(x86)\Gowin\Gowin_V1.9.12_x64\IDE\ipcore\ADVANCED_FIR\data\advanced_fir_filter.v":5499)
WARN  (EX3791) : Expression size ** truncated to fit in target size **("E:\Program_File(x86)\Gowin\Gowin_V1.9.12_x64\IDE\ipcore\ADVANCED_FIR\data\advanced_fir_filter.v":5499)
WARN  (EX3670) : Actual bit length ** differs from formal bit length *** for port '**'("E:\Program_File(x86)\Gowin\Gowin_V1.9.12_x64\IDE\ipcore\ADVANCED_FIR\data\advanced_fir_filter.v":5499)
NOTE  (EX0101) : Current top module is "FIR_Calib"
[5%] Running netlist conversion ...
Running device independent optimization ...
[10%] Optimizing Phase 0 completed
[15%] Optimizing Phase 1 completed
[25%] Optimizing Phase 2 completed
Running inference ...
[30%] Inferring Phase 0 completed
[40%] Inferring Phase 1 completed
[50%] Inferring Phase 2 completed
[55%] Inferring Phase 3 completed
Running technical mapping ...
[60%] Tech-Mapping Phase 0 completed
[65%] Tech-Mapping Phase 1 completed
[75%] Tech-Mapping Phase 2 completed
[80%] Tech-Mapping Phase 3 completed
[90%] Tech-Mapping Phase 4 completed
WARN  (NL0002) : The module "adder_4input/FIR_Calib" instantiated to "gen_adder_tree_layer4[0].adder_inst" is swept in optimizing("E:\Program_File(x86)\Gowin\Gowin_V1.9.12_x64\IDE\ipcore\ADVANCED_FIR\data\advanced_fir_filter.v":5499)
[95%] Generate netlist file "D:\Code\Gowin\SDR_Final_CMOS_rcv\src\FIR_Calib\temp\ADVANCED_FIR\advanced_fir_filter.vg" completed
Generate template file "D:\Code\Gowin\SDR_Final_CMOS_rcv\src\FIR_Calib\temp\ADVANCED_FIR\advanced_fir_filter_tmp.v" completed
[100%] Generate report file "D:\Code\Gowin\SDR_Final_CMOS_rcv\src\FIR_Calib\temp\ADVANCED_FIR\advanced_fir_filter_syn.rpt.html" completed
GowinSynthesis finish
