Reading netlist file: "D:\Code\Gowin\ETH_TransRecv\impl\gwsynthesis\ETH_TransRecv.vg"
Parsing netlist file "D:\Code\Gowin\ETH_TransRecv\impl\gwsynthesis\ETH_TransRecv.vg" completed
Processing netlist completed
Reading constraint file: "D:\Code\Gowin\ETH_TransRecv\src\ETH_TransRecv.cst"
Physical Constraint parsed completed
Running placement......
[10%] Placement Phase 0 completed
[20%] Placement Phase 1 completed
[30%] Placement Phase 2 completed
WARN  (TA1132) :  'RGMII_RXCLK' was determined to be a clock but was not created.
WARN  (TA1132) :  'tck_pad_i' was determined to be a clock but was not created.
[50%] Placement Phase 3 completed
Running routing......
[60%] Routing Phase 0 completed
[70%] Routing Phase 1 completed
[80%] Routing Phase 2 completed
WARN  (PR1014) : Generic routing resource will be used to clock signal 'RGMII_RXCLK_d' by the specified constraint. And then it may lead to the excessive delay or skew
WARN  (PR1014) : Generic routing resource will be used to clock signal 'sys_clk_d' by the specified constraint. And then it may lead to the excessive delay or skew
[90%] Routing Phase 3 completed
Running timing analysis......
[95%] Timing analysis completed
Placement and routing completed
Bitstream generation in progress......
Bitstream generation completed
Running power analysis......
[100%] Power analysis completed
Generate file "D:\Code\Gowin\ETH_TransRecv\impl\pnr\ETH_TransRecv.power.html" completed
Generate file "D:\Code\Gowin\ETH_TransRecv\impl\pnr\ETH_TransRecv.pin.html" completed
Generate file "D:\Code\Gowin\ETH_TransRecv\impl\pnr\ETH_TransRecv.rpt.html" completed
Generate file "D:\Code\Gowin\ETH_TransRecv\impl\pnr\ETH_TransRecv.rpt.txt" completed
Generate file "D:\Code\Gowin\ETH_TransRecv\impl\pnr\ETH_TransRecv.tr.html" completed
Tue Oct 28 20:14:12 2025

