GowinSynthesis start
Running parser ...
Analyzing Verilog file 'D:\Code\git\GoWinSDR\FPGA\Submodule\SDR_Tune\src\ad9363_dev_cmos.v'
Analyzing Verilog file 'D:\Code\git\GoWinSDR\FPGA\Submodule\SDR_Tune\src\top.v'
Undeclared symbol 'gclk_div', assumed default net type 'wire'("D:\Code\git\GoWinSDR\FPGA\Submodule\SDR_Tune\src\top.v":34)
Undeclared symbol 'dac_r1_mode', assumed default net type 'wire'("D:\Code\git\GoWinSDR\FPGA\Submodule\SDR_Tune\src\top.v":47)
Undeclared symbol 'adc_r1_mode', assumed default net type 'wire'("D:\Code\git\GoWinSDR\FPGA\Submodule\SDR_Tune\src\top.v":48)
Compiling module 'top'("D:\Code\git\GoWinSDR\FPGA\Submodule\SDR_Tune\src\top.v":1)
WARN  (EX3073) : Port 'Q1' remains unconnected for this instance("D:\Code\git\GoWinSDR\FPGA\Submodule\SDR_Tune\src\ad9363_dev_cmos.v":102)
WARN  (EX3073) : Port 'Q1' remains unconnected for this instance("D:\Code\git\GoWinSDR\FPGA\Submodule\SDR_Tune\src\ad9363_dev_cmos.v":108)
WARN  (EX3073) : Port 'Q1' remains unconnected for this instance("D:\Code\git\GoWinSDR\FPGA\Submodule\SDR_Tune\src\ad9363_dev_cmos.v":109)
WARN  (EX3073) : Port 'Q1' remains unconnected for this instance("D:\Code\git\GoWinSDR\FPGA\Submodule\SDR_Tune\src\ad9363_dev_cmos.v":110)
WARN  (EX3073) : Port 'Q1' remains unconnected for this instance("D:\Code\git\GoWinSDR\FPGA\Submodule\SDR_Tune\src\ad9363_dev_cmos.v":111)
WARN  (EX3073) : Port 'Q1' remains unconnected for this instance("D:\Code\git\GoWinSDR\FPGA\Submodule\SDR_Tune\src\ad9363_dev_cmos.v":112)
WARN  (EX3073) : Port 'Q1' remains unconnected for this instance("D:\Code\git\GoWinSDR\FPGA\Submodule\SDR_Tune\src\ad9363_dev_cmos.v":113)
WARN  (EX3073) : Port 'Q1' remains unconnected for this instance("D:\Code\git\GoWinSDR\FPGA\Submodule\SDR_Tune\src\ad9363_dev_cmos.v":114)
WARN  (EX3073) : Port 'Q1' remains unconnected for this instance("D:\Code\git\GoWinSDR\FPGA\Submodule\SDR_Tune\src\ad9363_dev_cmos.v":115)
WARN  (EX3073) : Port 'Q1' remains unconnected for this instance("D:\Code\git\GoWinSDR\FPGA\Submodule\SDR_Tune\src\ad9363_dev_cmos.v":116)
WARN  (EX3073) : Port 'Q1' remains unconnected for this instance("D:\Code\git\GoWinSDR\FPGA\Submodule\SDR_Tune\src\ad9363_dev_cmos.v":117)
WARN  (EX3073) : Port 'Q1' remains unconnected for this instance("D:\Code\git\GoWinSDR\FPGA\Submodule\SDR_Tune\src\ad9363_dev_cmos.v":118)
WARN  (EX3073) : Port 'Q1' remains unconnected for this instance("D:\Code\git\GoWinSDR\FPGA\Submodule\SDR_Tune\src\ad9363_dev_cmos.v":119)
Compiling module 'ad9363_dev_cmos'("D:\Code\git\GoWinSDR\FPGA\Submodule\SDR_Tune\src\ad9363_dev_cmos.v":1)
NOTE  (EX0101) : Current top module is "top"
WARN  (EX0211) : The output port "RGMII_GTXCLK" of module "top" has no driver, assigning undriven bits to Z, simulation mismatch possible("D:\Code\git\GoWinSDR\FPGA\Submodule\SDR_Tune\src\top.v":25)
WARN  (EX0211) : The output port "RGMII_TXD[3]" of module "top" has no driver, assigning undriven bits to Z, simulation mismatch possible("D:\Code\git\GoWinSDR\FPGA\Submodule\SDR_Tune\src\top.v":26)
WARN  (EX0211) : The output port "RGMII_TXD[2]" of module "top" has no driver, assigning undriven bits to Z, simulation mismatch possible("D:\Code\git\GoWinSDR\FPGA\Submodule\SDR_Tune\src\top.v":26)
WARN  (EX0211) : The output port "RGMII_TXD[1]" of module "top" has no driver, assigning undriven bits to Z, simulation mismatch possible("D:\Code\git\GoWinSDR\FPGA\Submodule\SDR_Tune\src\top.v":26)
WARN  (EX0211) : The output port "RGMII_TXD[0]" of module "top" has no driver, assigning undriven bits to Z, simulation mismatch possible("D:\Code\git\GoWinSDR\FPGA\Submodule\SDR_Tune\src\top.v":26)
WARN  (EX0211) : The output port "RGMII_TXEN" of module "top" has no driver, assigning undriven bits to Z, simulation mismatch possible("D:\Code\git\GoWinSDR\FPGA\Submodule\SDR_Tune\src\top.v":27)
WARN  (EX0211) : The output port "RGMII_RST_N" of module "top" has no driver, assigning undriven bits to Z, simulation mismatch possible("D:\Code\git\GoWinSDR\FPGA\Submodule\SDR_Tune\src\top.v":28)
[5%] Running netlist conversion ...
WARN  (CV0016) : Input RGMII_RXCLK is unused("D:\Code\git\GoWinSDR\FPGA\Submodule\SDR_Tune\src\top.v":22)
WARN  (CV0016) : Input RGMII_RXD is unused("D:\Code\git\GoWinSDR\FPGA\Submodule\SDR_Tune\src\top.v":23)
WARN  (CV0016) : Input RGMII_RXDV is unused("D:\Code\git\GoWinSDR\FPGA\Submodule\SDR_Tune\src\top.v":24)
Running device independent optimization ...
[10%] Optimizing Phase 0 completed
[15%] Optimizing Phase 1 completed
[25%] Optimizing Phase 2 completed
Running inference ...
[30%] Inferring Phase 0 completed
[40%] Inferring Phase 1 completed
[50%] Inferring Phase 2 completed
[55%] Inferring Phase 3 completed
Running technical mapping ...
[60%] Tech-Mapping Phase 0 completed
[65%] Tech-Mapping Phase 1 completed
[75%] Tech-Mapping Phase 2 completed
[80%] Tech-Mapping Phase 3 completed
[90%] Tech-Mapping Phase 4 completed
[95%] Generate netlist file "D:\Code\git\GoWinSDR\FPGA\Submodule\SDR_Tune\impl\gwsynthesis\SDR_Tune.vg" completed
[100%] Generate report file "D:\Code\git\GoWinSDR\FPGA\Submodule\SDR_Tune\impl\gwsynthesis\SDR_Tune_syn.rpt.html" completed
GowinSynthesis finish
