GowinSynthesis start
Running parser ...
Analyzing Verilog file 'E:\Program_File(x86)\Gowin\Gowin_V1.9.12_x64\IDE\ipcore\DDR3\data\ddr3_1_4code_hs\ddr3_1_4code_hs.v'
Analyzing included file 'ddr3_name.v'("E:\Program_File(x86)\Gowin\Gowin_V1.9.12_x64\IDE\ipcore\DDR3\data\ddr3_1_4code_hs\ddr3_1_4code_hs.v":6975)
Back to file 'E:\Program_File(x86)\Gowin\Gowin_V1.9.12_x64\IDE\ipcore\DDR3\data\ddr3_1_4code_hs\ddr3_1_4code_hs.v'("E:\Program_File(x86)\Gowin\Gowin_V1.9.12_x64\IDE\ipcore\DDR3\data\ddr3_1_4code_hs\ddr3_1_4code_hs.v":6975)
Analyzing included file 'DDR3_define.v'("E:\Program_File(x86)\Gowin\Gowin_V1.9.12_x64\IDE\ipcore\DDR3\data\ddr3_1_4code_hs\ddr3_1_4code_hs.v":6975)
Back to file 'E:\Program_File(x86)\Gowin\Gowin_V1.9.12_x64\IDE\ipcore\DDR3\data\ddr3_1_4code_hs\ddr3_1_4code_hs.v'("E:\Program_File(x86)\Gowin\Gowin_V1.9.12_x64\IDE\ipcore\DDR3\data\ddr3_1_4code_hs\ddr3_1_4code_hs.v":6975)
Analyzing included file 'gwmc_param.v'("E:\Program_File(x86)\Gowin\Gowin_V1.9.12_x64\IDE\ipcore\DDR3\data\ddr3_1_4code_hs\ddr3_1_4code_hs.v":6975)
Back to file 'E:\Program_File(x86)\Gowin\Gowin_V1.9.12_x64\IDE\ipcore\DDR3\data\ddr3_1_4code_hs\ddr3_1_4code_hs.v'("E:\Program_File(x86)\Gowin\Gowin_V1.9.12_x64\IDE\ipcore\DDR3\data\ddr3_1_4code_hs\ddr3_1_4code_hs.v":6975)
Analyzing included file 'E:\Program_File(x86)\Gowin\Gowin_V1.9.12_x64\IDE\ipcore\DDR3\data\ddr3_1_4code_hs\gwmc_local_param.v'("E:\Program_File(x86)\Gowin\Gowin_V1.9.12_x64\IDE\ipcore\DDR3\data\ddr3_1_4code_hs\ddr3_1_4code_hs.v":6975)
Back to file 'E:\Program_File(x86)\Gowin\Gowin_V1.9.12_x64\IDE\ipcore\DDR3\data\ddr3_1_4code_hs\ddr3_1_4code_hs.v'("E:\Program_File(x86)\Gowin\Gowin_V1.9.12_x64\IDE\ipcore\DDR3\data\ddr3_1_4code_hs\ddr3_1_4code_hs.v":6975)
Analyzing included file 'gwmc_param.v'("E:\Program_File(x86)\Gowin\Gowin_V1.9.12_x64\IDE\ipcore\DDR3\data\ddr3_1_4code_hs\ddr3_1_4code_hs.v":6975)
Back to file 'E:\Program_File(x86)\Gowin\Gowin_V1.9.12_x64\IDE\ipcore\DDR3\data\ddr3_1_4code_hs\ddr3_1_4code_hs.v'("E:\Program_File(x86)\Gowin\Gowin_V1.9.12_x64\IDE\ipcore\DDR3\data\ddr3_1_4code_hs\ddr3_1_4code_hs.v":6975)
Analyzing included file 'E:\Program_File(x86)\Gowin\Gowin_V1.9.12_x64\IDE\ipcore\DDR3\data\ddr3_1_4code_hs\gwmc_local_param.v'("E:\Program_File(x86)\Gowin\Gowin_V1.9.12_x64\IDE\ipcore\DDR3\data\ddr3_1_4code_hs\ddr3_1_4code_hs.v":6975)
Back to file 'E:\Program_File(x86)\Gowin\Gowin_V1.9.12_x64\IDE\ipcore\DDR3\data\ddr3_1_4code_hs\ddr3_1_4code_hs.v'("E:\Program_File(x86)\Gowin\Gowin_V1.9.12_x64\IDE\ipcore\DDR3\data\ddr3_1_4code_hs\ddr3_1_4code_hs.v":6975)
Undeclared symbol 'refresh_request', assumed default net type 'wire'("E:\Program_File(x86)\Gowin\Gowin_V1.9.12_x64\IDE\ipcore\DDR3\data\ddr3_1_4code_hs\ddr3_1_4code_hs.v":6975)
Analyzing included file 'gwmc_param.v'("E:\Program_File(x86)\Gowin\Gowin_V1.9.12_x64\IDE\ipcore\DDR3\data\ddr3_1_4code_hs\ddr3_1_4code_hs.v":6975)
Back to file 'E:\Program_File(x86)\Gowin\Gowin_V1.9.12_x64\IDE\ipcore\DDR3\data\ddr3_1_4code_hs\ddr3_1_4code_hs.v'("E:\Program_File(x86)\Gowin\Gowin_V1.9.12_x64\IDE\ipcore\DDR3\data\ddr3_1_4code_hs\ddr3_1_4code_hs.v":6975)
Analyzing included file 'E:\Program_File(x86)\Gowin\Gowin_V1.9.12_x64\IDE\ipcore\DDR3\data\ddr3_1_4code_hs\gwmc_local_param.v'("E:\Program_File(x86)\Gowin\Gowin_V1.9.12_x64\IDE\ipcore\DDR3\data\ddr3_1_4code_hs\ddr3_1_4code_hs.v":6975)
Back to file 'E:\Program_File(x86)\Gowin\Gowin_V1.9.12_x64\IDE\ipcore\DDR3\data\ddr3_1_4code_hs\ddr3_1_4code_hs.v'("E:\Program_File(x86)\Gowin\Gowin_V1.9.12_x64\IDE\ipcore\DDR3\data\ddr3_1_4code_hs\ddr3_1_4code_hs.v":6975)
Analyzing included file 'gwmc_param.v'("E:\Program_File(x86)\Gowin\Gowin_V1.9.12_x64\IDE\ipcore\DDR3\data\ddr3_1_4code_hs\ddr3_1_4code_hs.v":6975)
Back to file 'E:\Program_File(x86)\Gowin\Gowin_V1.9.12_x64\IDE\ipcore\DDR3\data\ddr3_1_4code_hs\ddr3_1_4code_hs.v'("E:\Program_File(x86)\Gowin\Gowin_V1.9.12_x64\IDE\ipcore\DDR3\data\ddr3_1_4code_hs\ddr3_1_4code_hs.v":6975)
Analyzing included file 'E:\Program_File(x86)\Gowin\Gowin_V1.9.12_x64\IDE\ipcore\DDR3\data\ddr3_1_4code_hs\gwmc_local_param.v'("E:\Program_File(x86)\Gowin\Gowin_V1.9.12_x64\IDE\ipcore\DDR3\data\ddr3_1_4code_hs\ddr3_1_4code_hs.v":6975)
Back to file 'E:\Program_File(x86)\Gowin\Gowin_V1.9.12_x64\IDE\ipcore\DDR3\data\ddr3_1_4code_hs\ddr3_1_4code_hs.v'("E:\Program_File(x86)\Gowin\Gowin_V1.9.12_x64\IDE\ipcore\DDR3\data\ddr3_1_4code_hs\ddr3_1_4code_hs.v":6975)
Analyzing included file 'ddr3_name.v'("E:\Program_File(x86)\Gowin\Gowin_V1.9.12_x64\IDE\ipcore\DDR3\data\ddr3_1_4code_hs\ddr3_1_4code_hs.v":6975)
Back to file 'E:\Program_File(x86)\Gowin\Gowin_V1.9.12_x64\IDE\ipcore\DDR3\data\ddr3_1_4code_hs\ddr3_1_4code_hs.v'("E:\Program_File(x86)\Gowin\Gowin_V1.9.12_x64\IDE\ipcore\DDR3\data\ddr3_1_4code_hs\ddr3_1_4code_hs.v":6975)
Analyzing included file 'DDR3_define.v'("E:\Program_File(x86)\Gowin\Gowin_V1.9.12_x64\IDE\ipcore\DDR3\data\ddr3_1_4code_hs\ddr3_1_4code_hs.v":6975)
Back to file 'E:\Program_File(x86)\Gowin\Gowin_V1.9.12_x64\IDE\ipcore\DDR3\data\ddr3_1_4code_hs\ddr3_1_4code_hs.v'("E:\Program_File(x86)\Gowin\Gowin_V1.9.12_x64\IDE\ipcore\DDR3\data\ddr3_1_4code_hs\ddr3_1_4code_hs.v":6975)
Analyzing included file 'gwmc_param.v'("E:\Program_File(x86)\Gowin\Gowin_V1.9.12_x64\IDE\ipcore\DDR3\data\ddr3_1_4code_hs\ddr3_1_4code_hs.v":6975)
Back to file 'E:\Program_File(x86)\Gowin\Gowin_V1.9.12_x64\IDE\ipcore\DDR3\data\ddr3_1_4code_hs\ddr3_1_4code_hs.v'("E:\Program_File(x86)\Gowin\Gowin_V1.9.12_x64\IDE\ipcore\DDR3\data\ddr3_1_4code_hs\ddr3_1_4code_hs.v":6975)
Analyzing included file 'E:\Program_File(x86)\Gowin\Gowin_V1.9.12_x64\IDE\ipcore\DDR3\data\ddr3_1_4code_hs\gwmc_local_param.v'("E:\Program_File(x86)\Gowin\Gowin_V1.9.12_x64\IDE\ipcore\DDR3\data\ddr3_1_4code_hs\ddr3_1_4code_hs.v":6975)
Back to file 'E:\Program_File(x86)\Gowin\Gowin_V1.9.12_x64\IDE\ipcore\DDR3\data\ddr3_1_4code_hs\ddr3_1_4code_hs.v'("E:\Program_File(x86)\Gowin\Gowin_V1.9.12_x64\IDE\ipcore\DDR3\data\ddr3_1_4code_hs\ddr3_1_4code_hs.v":6975)
Analyzing included file 'gwmc_param.v'("E:\Program_File(x86)\Gowin\Gowin_V1.9.12_x64\IDE\ipcore\DDR3\data\ddr3_1_4code_hs\ddr3_1_4code_hs.v":6975)
Back to file 'E:\Program_File(x86)\Gowin\Gowin_V1.9.12_x64\IDE\ipcore\DDR3\data\ddr3_1_4code_hs\ddr3_1_4code_hs.v'("E:\Program_File(x86)\Gowin\Gowin_V1.9.12_x64\IDE\ipcore\DDR3\data\ddr3_1_4code_hs\ddr3_1_4code_hs.v":6975)
Analyzing included file 'E:\Program_File(x86)\Gowin\Gowin_V1.9.12_x64\IDE\ipcore\DDR3\data\ddr3_1_4code_hs\gwmc_local_param.v'("E:\Program_File(x86)\Gowin\Gowin_V1.9.12_x64\IDE\ipcore\DDR3\data\ddr3_1_4code_hs\ddr3_1_4code_hs.v":6975)
Back to file 'E:\Program_File(x86)\Gowin\Gowin_V1.9.12_x64\IDE\ipcore\DDR3\data\ddr3_1_4code_hs\ddr3_1_4code_hs.v'("E:\Program_File(x86)\Gowin\Gowin_V1.9.12_x64\IDE\ipcore\DDR3\data\ddr3_1_4code_hs\ddr3_1_4code_hs.v":6975)
Analyzing included file 'gwmc_param.v'("E:\Program_File(x86)\Gowin\Gowin_V1.9.12_x64\IDE\ipcore\DDR3\data\ddr3_1_4code_hs\ddr3_1_4code_hs.v":6975)
Back to file 'E:\Program_File(x86)\Gowin\Gowin_V1.9.12_x64\IDE\ipcore\DDR3\data\ddr3_1_4code_hs\ddr3_1_4code_hs.v'("E:\Program_File(x86)\Gowin\Gowin_V1.9.12_x64\IDE\ipcore\DDR3\data\ddr3_1_4code_hs\ddr3_1_4code_hs.v":6975)
Analyzing included file 'E:\Program_File(x86)\Gowin\Gowin_V1.9.12_x64\IDE\ipcore\DDR3\data\ddr3_1_4code_hs\gwmc_local_param.v'("E:\Program_File(x86)\Gowin\Gowin_V1.9.12_x64\IDE\ipcore\DDR3\data\ddr3_1_4code_hs\ddr3_1_4code_hs.v":6975)
Back to file 'E:\Program_File(x86)\Gowin\Gowin_V1.9.12_x64\IDE\ipcore\DDR3\data\ddr3_1_4code_hs\ddr3_1_4code_hs.v'("E:\Program_File(x86)\Gowin\Gowin_V1.9.12_x64\IDE\ipcore\DDR3\data\ddr3_1_4code_hs\ddr3_1_4code_hs.v":6975)
Analyzing included file 'gwmc_param.v'("E:\Program_File(x86)\Gowin\Gowin_V1.9.12_x64\IDE\ipcore\DDR3\data\ddr3_1_4code_hs\ddr3_1_4code_hs.v":6975)
Back to file 'E:\Program_File(x86)\Gowin\Gowin_V1.9.12_x64\IDE\ipcore\DDR3\data\ddr3_1_4code_hs\ddr3_1_4code_hs.v'("E:\Program_File(x86)\Gowin\Gowin_V1.9.12_x64\IDE\ipcore\DDR3\data\ddr3_1_4code_hs\ddr3_1_4code_hs.v":6975)
Analyzing included file 'E:\Program_File(x86)\Gowin\Gowin_V1.9.12_x64\IDE\ipcore\DDR3\data\ddr3_1_4code_hs\gwmc_local_param.v'("E:\Program_File(x86)\Gowin\Gowin_V1.9.12_x64\IDE\ipcore\DDR3\data\ddr3_1_4code_hs\ddr3_1_4code_hs.v":6975)
Back to file 'E:\Program_File(x86)\Gowin\Gowin_V1.9.12_x64\IDE\ipcore\DDR3\data\ddr3_1_4code_hs\ddr3_1_4code_hs.v'("E:\Program_File(x86)\Gowin\Gowin_V1.9.12_x64\IDE\ipcore\DDR3\data\ddr3_1_4code_hs\ddr3_1_4code_hs.v":6975)
Analyzing included file 'gwmc_param.v'("E:\Program_File(x86)\Gowin\Gowin_V1.9.12_x64\IDE\ipcore\DDR3\data\ddr3_1_4code_hs\ddr3_1_4code_hs.v":6975)
Back to file 'E:\Program_File(x86)\Gowin\Gowin_V1.9.12_x64\IDE\ipcore\DDR3\data\ddr3_1_4code_hs\ddr3_1_4code_hs.v'("E:\Program_File(x86)\Gowin\Gowin_V1.9.12_x64\IDE\ipcore\DDR3\data\ddr3_1_4code_hs\ddr3_1_4code_hs.v":6975)
Analyzing included file 'E:\Program_File(x86)\Gowin\Gowin_V1.9.12_x64\IDE\ipcore\DDR3\data\ddr3_1_4code_hs\gwmc_local_param.v'("E:\Program_File(x86)\Gowin\Gowin_V1.9.12_x64\IDE\ipcore\DDR3\data\ddr3_1_4code_hs\ddr3_1_4code_hs.v":6975)
Back to file 'E:\Program_File(x86)\Gowin\Gowin_V1.9.12_x64\IDE\ipcore\DDR3\data\ddr3_1_4code_hs\ddr3_1_4code_hs.v'("E:\Program_File(x86)\Gowin\Gowin_V1.9.12_x64\IDE\ipcore\DDR3\data\ddr3_1_4code_hs\ddr3_1_4code_hs.v":6975)
Analyzing included file 'gwmc_param.v'("E:\Program_File(x86)\Gowin\Gowin_V1.9.12_x64\IDE\ipcore\DDR3\data\ddr3_1_4code_hs\ddr3_1_4code_hs.v":6975)
Back to file 'E:\Program_File(x86)\Gowin\Gowin_V1.9.12_x64\IDE\ipcore\DDR3\data\ddr3_1_4code_hs\ddr3_1_4code_hs.v'("E:\Program_File(x86)\Gowin\Gowin_V1.9.12_x64\IDE\ipcore\DDR3\data\ddr3_1_4code_hs\ddr3_1_4code_hs.v":6975)
Analyzing included file 'E:\Program_File(x86)\Gowin\Gowin_V1.9.12_x64\IDE\ipcore\DDR3\data\ddr3_1_4code_hs\gwmc_local_param.v'("E:\Program_File(x86)\Gowin\Gowin_V1.9.12_x64\IDE\ipcore\DDR3\data\ddr3_1_4code_hs\ddr3_1_4code_hs.v":6975)
Back to file 'E:\Program_File(x86)\Gowin\Gowin_V1.9.12_x64\IDE\ipcore\DDR3\data\ddr3_1_4code_hs\ddr3_1_4code_hs.v'("E:\Program_File(x86)\Gowin\Gowin_V1.9.12_x64\IDE\ipcore\DDR3\data\ddr3_1_4code_hs\ddr3_1_4code_hs.v":6975)
Undeclared symbol 'wrlvl_complete', assumed default net type 'wire'("E:\Program_File(x86)\Gowin\Gowin_V1.9.12_x64\IDE\ipcore\DDR3\data\ddr3_1_4code_hs\ddr3_1_4code_hs.v":6975)
Analyzing included file 'gwmc_param.v'("E:\Program_File(x86)\Gowin\Gowin_V1.9.12_x64\IDE\ipcore\DDR3\data\ddr3_1_4code_hs\ddr3_1_4code_hs.v":6975)
Back to file 'E:\Program_File(x86)\Gowin\Gowin_V1.9.12_x64\IDE\ipcore\DDR3\data\ddr3_1_4code_hs\ddr3_1_4code_hs.v'("E:\Program_File(x86)\Gowin\Gowin_V1.9.12_x64\IDE\ipcore\DDR3\data\ddr3_1_4code_hs\ddr3_1_4code_hs.v":6975)
Analyzing included file 'E:\Program_File(x86)\Gowin\Gowin_V1.9.12_x64\IDE\ipcore\DDR3\data\ddr3_1_4code_hs\gwmc_local_param.v'("E:\Program_File(x86)\Gowin\Gowin_V1.9.12_x64\IDE\ipcore\DDR3\data\ddr3_1_4code_hs\ddr3_1_4code_hs.v":6975)
Back to file 'E:\Program_File(x86)\Gowin\Gowin_V1.9.12_x64\IDE\ipcore\DDR3\data\ddr3_1_4code_hs\ddr3_1_4code_hs.v'("E:\Program_File(x86)\Gowin\Gowin_V1.9.12_x64\IDE\ipcore\DDR3\data\ddr3_1_4code_hs\ddr3_1_4code_hs.v":6975)
Analyzing included file 'gwmc_param.v'("E:\Program_File(x86)\Gowin\Gowin_V1.9.12_x64\IDE\ipcore\DDR3\data\ddr3_1_4code_hs\ddr3_1_4code_hs.v":6975)
Back to file 'E:\Program_File(x86)\Gowin\Gowin_V1.9.12_x64\IDE\ipcore\DDR3\data\ddr3_1_4code_hs\ddr3_1_4code_hs.v'("E:\Program_File(x86)\Gowin\Gowin_V1.9.12_x64\IDE\ipcore\DDR3\data\ddr3_1_4code_hs\ddr3_1_4code_hs.v":6975)
Analyzing included file 'E:\Program_File(x86)\Gowin\Gowin_V1.9.12_x64\IDE\ipcore\DDR3\data\ddr3_1_4code_hs\gwmc_local_param.v'("E:\Program_File(x86)\Gowin\Gowin_V1.9.12_x64\IDE\ipcore\DDR3\data\ddr3_1_4code_hs\ddr3_1_4code_hs.v":6975)
Back to file 'E:\Program_File(x86)\Gowin\Gowin_V1.9.12_x64\IDE\ipcore\DDR3\data\ddr3_1_4code_hs\ddr3_1_4code_hs.v'("E:\Program_File(x86)\Gowin\Gowin_V1.9.12_x64\IDE\ipcore\DDR3\data\ddr3_1_4code_hs\ddr3_1_4code_hs.v":6975)
Analyzing included file 'gwmc_param.v'("E:\Program_File(x86)\Gowin\Gowin_V1.9.12_x64\IDE\ipcore\DDR3\data\ddr3_1_4code_hs\ddr3_1_4code_hs.v":6975)
Back to file 'E:\Program_File(x86)\Gowin\Gowin_V1.9.12_x64\IDE\ipcore\DDR3\data\ddr3_1_4code_hs\ddr3_1_4code_hs.v'("E:\Program_File(x86)\Gowin\Gowin_V1.9.12_x64\IDE\ipcore\DDR3\data\ddr3_1_4code_hs\ddr3_1_4code_hs.v":6975)
Analyzing included file 'E:\Program_File(x86)\Gowin\Gowin_V1.9.12_x64\IDE\ipcore\DDR3\data\ddr3_1_4code_hs\gwmc_local_param.v'("E:\Program_File(x86)\Gowin\Gowin_V1.9.12_x64\IDE\ipcore\DDR3\data\ddr3_1_4code_hs\ddr3_1_4code_hs.v":6975)
Back to file 'E:\Program_File(x86)\Gowin\Gowin_V1.9.12_x64\IDE\ipcore\DDR3\data\ddr3_1_4code_hs\ddr3_1_4code_hs.v'("E:\Program_File(x86)\Gowin\Gowin_V1.9.12_x64\IDE\ipcore\DDR3\data\ddr3_1_4code_hs\ddr3_1_4code_hs.v":6975)
Analyzing included file 'gwmc_param.v'("E:\Program_File(x86)\Gowin\Gowin_V1.9.12_x64\IDE\ipcore\DDR3\data\ddr3_1_4code_hs\ddr3_1_4code_hs.v":6975)
Back to file 'E:\Program_File(x86)\Gowin\Gowin_V1.9.12_x64\IDE\ipcore\DDR3\data\ddr3_1_4code_hs\ddr3_1_4code_hs.v'("E:\Program_File(x86)\Gowin\Gowin_V1.9.12_x64\IDE\ipcore\DDR3\data\ddr3_1_4code_hs\ddr3_1_4code_hs.v":6975)
Analyzing included file 'E:\Program_File(x86)\Gowin\Gowin_V1.9.12_x64\IDE\ipcore\DDR3\data\ddr3_1_4code_hs\gwmc_local_param.v'("E:\Program_File(x86)\Gowin\Gowin_V1.9.12_x64\IDE\ipcore\DDR3\data\ddr3_1_4code_hs\ddr3_1_4code_hs.v":6975)
Back to file 'E:\Program_File(x86)\Gowin\Gowin_V1.9.12_x64\IDE\ipcore\DDR3\data\ddr3_1_4code_hs\ddr3_1_4code_hs.v'("E:\Program_File(x86)\Gowin\Gowin_V1.9.12_x64\IDE\ipcore\DDR3\data\ddr3_1_4code_hs\ddr3_1_4code_hs.v":6975)
Analyzing included file 'gwmc_param.v'("E:\Program_File(x86)\Gowin\Gowin_V1.9.12_x64\IDE\ipcore\DDR3\data\ddr3_1_4code_hs\ddr3_1_4code_hs.v":6975)
Back to file 'E:\Program_File(x86)\Gowin\Gowin_V1.9.12_x64\IDE\ipcore\DDR3\data\ddr3_1_4code_hs\ddr3_1_4code_hs.v'("E:\Program_File(x86)\Gowin\Gowin_V1.9.12_x64\IDE\ipcore\DDR3\data\ddr3_1_4code_hs\ddr3_1_4code_hs.v":6975)
Analyzing included file 'E:\Program_File(x86)\Gowin\Gowin_V1.9.12_x64\IDE\ipcore\DDR3\data\ddr3_1_4code_hs\gwmc_local_param.v'("E:\Program_File(x86)\Gowin\Gowin_V1.9.12_x64\IDE\ipcore\DDR3\data\ddr3_1_4code_hs\ddr3_1_4code_hs.v":6975)
Back to file 'E:\Program_File(x86)\Gowin\Gowin_V1.9.12_x64\IDE\ipcore\DDR3\data\ddr3_1_4code_hs\ddr3_1_4code_hs.v'("E:\Program_File(x86)\Gowin\Gowin_V1.9.12_x64\IDE\ipcore\DDR3\data\ddr3_1_4code_hs\ddr3_1_4code_hs.v":6975)
Analyzing included file 'gwmc_param.v'("E:\Program_File(x86)\Gowin\Gowin_V1.9.12_x64\IDE\ipcore\DDR3\data\ddr3_1_4code_hs\ddr3_1_4code_hs.v":6975)
Back to file 'E:\Program_File(x86)\Gowin\Gowin_V1.9.12_x64\IDE\ipcore\DDR3\data\ddr3_1_4code_hs\ddr3_1_4code_hs.v'("E:\Program_File(x86)\Gowin\Gowin_V1.9.12_x64\IDE\ipcore\DDR3\data\ddr3_1_4code_hs\ddr3_1_4code_hs.v":6975)
Analyzing included file 'E:\Program_File(x86)\Gowin\Gowin_V1.9.12_x64\IDE\ipcore\DDR3\data\ddr3_1_4code_hs\gwmc_local_param.v'("E:\Program_File(x86)\Gowin\Gowin_V1.9.12_x64\IDE\ipcore\DDR3\data\ddr3_1_4code_hs\ddr3_1_4code_hs.v":6975)
Back to file 'E:\Program_File(x86)\Gowin\Gowin_V1.9.12_x64\IDE\ipcore\DDR3\data\ddr3_1_4code_hs\ddr3_1_4code_hs.v'("E:\Program_File(x86)\Gowin\Gowin_V1.9.12_x64\IDE\ipcore\DDR3\data\ddr3_1_4code_hs\ddr3_1_4code_hs.v":6975)
WARN  (EX3801) : Parameter 'AssertEmptyTh' becomes localparam in '~fifo_sc.DDR3_Memory_Interface_Top' with formal parameter declaration list("E:\Program_File(x86)\Gowin\Gowin_V1.9.12_x64\IDE\ipcore\DDR3\data\ddr3_1_4code_hs\ddr3_1_4code_hs.v":6975)
Analyzing included file 'gwmc_param.v'("E:\Program_File(x86)\Gowin\Gowin_V1.9.12_x64\IDE\ipcore\DDR3\data\ddr3_1_4code_hs\ddr3_1_4code_hs.v":6975)
Back to file 'E:\Program_File(x86)\Gowin\Gowin_V1.9.12_x64\IDE\ipcore\DDR3\data\ddr3_1_4code_hs\ddr3_1_4code_hs.v'("E:\Program_File(x86)\Gowin\Gowin_V1.9.12_x64\IDE\ipcore\DDR3\data\ddr3_1_4code_hs\ddr3_1_4code_hs.v":6975)
Analyzing included file 'E:\Program_File(x86)\Gowin\Gowin_V1.9.12_x64\IDE\ipcore\DDR3\data\ddr3_1_4code_hs\gwmc_local_param.v'("E:\Program_File(x86)\Gowin\Gowin_V1.9.12_x64\IDE\ipcore\DDR3\data\ddr3_1_4code_hs\ddr3_1_4code_hs.v":6975)
Back to file 'E:\Program_File(x86)\Gowin\Gowin_V1.9.12_x64\IDE\ipcore\DDR3\data\ddr3_1_4code_hs\ddr3_1_4code_hs.v'("E:\Program_File(x86)\Gowin\Gowin_V1.9.12_x64\IDE\ipcore\DDR3\data\ddr3_1_4code_hs\ddr3_1_4code_hs.v":6975)
Undeclared symbol 'act_one_bank', assumed default net type 'wire'("E:\Program_File(x86)\Gowin\Gowin_V1.9.12_x64\IDE\ipcore\DDR3\data\ddr3_1_4code_hs\ddr3_1_4code_hs.v":6975)
Analyzing included file 'gwmc_param.v'("E:\Program_File(x86)\Gowin\Gowin_V1.9.12_x64\IDE\ipcore\DDR3\data\ddr3_1_4code_hs\ddr3_1_4code_hs.v":6975)
Back to file 'E:\Program_File(x86)\Gowin\Gowin_V1.9.12_x64\IDE\ipcore\DDR3\data\ddr3_1_4code_hs\ddr3_1_4code_hs.v'("E:\Program_File(x86)\Gowin\Gowin_V1.9.12_x64\IDE\ipcore\DDR3\data\ddr3_1_4code_hs\ddr3_1_4code_hs.v":6975)
Analyzing included file 'E:\Program_File(x86)\Gowin\Gowin_V1.9.12_x64\IDE\ipcore\DDR3\data\ddr3_1_4code_hs\gwmc_local_param.v'("E:\Program_File(x86)\Gowin\Gowin_V1.9.12_x64\IDE\ipcore\DDR3\data\ddr3_1_4code_hs\ddr3_1_4code_hs.v":6975)
Back to file 'E:\Program_File(x86)\Gowin\Gowin_V1.9.12_x64\IDE\ipcore\DDR3\data\ddr3_1_4code_hs\ddr3_1_4code_hs.v'("E:\Program_File(x86)\Gowin\Gowin_V1.9.12_x64\IDE\ipcore\DDR3\data\ddr3_1_4code_hs\ddr3_1_4code_hs.v":6975)
Analyzing included file 'gwmc_param.v'("E:\Program_File(x86)\Gowin\Gowin_V1.9.12_x64\IDE\ipcore\DDR3\data\ddr3_1_4code_hs\ddr3_1_4code_hs.v":6975)
Back to file 'E:\Program_File(x86)\Gowin\Gowin_V1.9.12_x64\IDE\ipcore\DDR3\data\ddr3_1_4code_hs\ddr3_1_4code_hs.v'("E:\Program_File(x86)\Gowin\Gowin_V1.9.12_x64\IDE\ipcore\DDR3\data\ddr3_1_4code_hs\ddr3_1_4code_hs.v":6975)
Analyzing included file 'E:\Program_File(x86)\Gowin\Gowin_V1.9.12_x64\IDE\ipcore\DDR3\data\ddr3_1_4code_hs\gwmc_local_param.v'("E:\Program_File(x86)\Gowin\Gowin_V1.9.12_x64\IDE\ipcore\DDR3\data\ddr3_1_4code_hs\ddr3_1_4code_hs.v":6975)
Back to file 'E:\Program_File(x86)\Gowin\Gowin_V1.9.12_x64\IDE\ipcore\DDR3\data\ddr3_1_4code_hs\ddr3_1_4code_hs.v'("E:\Program_File(x86)\Gowin\Gowin_V1.9.12_x64\IDE\ipcore\DDR3\data\ddr3_1_4code_hs\ddr3_1_4code_hs.v":6975)
Undeclared symbol 'sent_col', assumed default net type 'wire'("E:\Program_File(x86)\Gowin\Gowin_V1.9.12_x64\IDE\ipcore\DDR3\data\ddr3_1_4code_hs\ddr3_1_4code_hs.v":6975)
Undeclared symbol 'sent_row', assumed default net type 'wire'("E:\Program_File(x86)\Gowin\Gowin_V1.9.12_x64\IDE\ipcore\DDR3\data\ddr3_1_4code_hs\ddr3_1_4code_hs.v":6975)
Analyzing included file 'gwmc_param.v'("E:\Program_File(x86)\Gowin\Gowin_V1.9.12_x64\IDE\ipcore\DDR3\data\ddr3_1_4code_hs\ddr3_1_4code_hs.v":6975)
Back to file 'E:\Program_File(x86)\Gowin\Gowin_V1.9.12_x64\IDE\ipcore\DDR3\data\ddr3_1_4code_hs\ddr3_1_4code_hs.v'("E:\Program_File(x86)\Gowin\Gowin_V1.9.12_x64\IDE\ipcore\DDR3\data\ddr3_1_4code_hs\ddr3_1_4code_hs.v":6975)
Analyzing included file 'E:\Program_File(x86)\Gowin\Gowin_V1.9.12_x64\IDE\ipcore\DDR3\data\ddr3_1_4code_hs\gwmc_local_param.v'("E:\Program_File(x86)\Gowin\Gowin_V1.9.12_x64\IDE\ipcore\DDR3\data\ddr3_1_4code_hs\ddr3_1_4code_hs.v":6975)
Back to file 'E:\Program_File(x86)\Gowin\Gowin_V1.9.12_x64\IDE\ipcore\DDR3\data\ddr3_1_4code_hs\ddr3_1_4code_hs.v'("E:\Program_File(x86)\Gowin\Gowin_V1.9.12_x64\IDE\ipcore\DDR3\data\ddr3_1_4code_hs\ddr3_1_4code_hs.v":6975)
Analyzing included file 'gwmc_param.v'("E:\Program_File(x86)\Gowin\Gowin_V1.9.12_x64\IDE\ipcore\DDR3\data\ddr3_1_4code_hs\ddr3_1_4code_hs.v":6975)
Back to file 'E:\Program_File(x86)\Gowin\Gowin_V1.9.12_x64\IDE\ipcore\DDR3\data\ddr3_1_4code_hs\ddr3_1_4code_hs.v'("E:\Program_File(x86)\Gowin\Gowin_V1.9.12_x64\IDE\ipcore\DDR3\data\ddr3_1_4code_hs\ddr3_1_4code_hs.v":6975)
Analyzing included file 'E:\Program_File(x86)\Gowin\Gowin_V1.9.12_x64\IDE\ipcore\DDR3\data\ddr3_1_4code_hs\gwmc_local_param.v'("E:\Program_File(x86)\Gowin\Gowin_V1.9.12_x64\IDE\ipcore\DDR3\data\ddr3_1_4code_hs\ddr3_1_4code_hs.v":6975)
Back to file 'E:\Program_File(x86)\Gowin\Gowin_V1.9.12_x64\IDE\ipcore\DDR3\data\ddr3_1_4code_hs\ddr3_1_4code_hs.v'("E:\Program_File(x86)\Gowin\Gowin_V1.9.12_x64\IDE\ipcore\DDR3\data\ddr3_1_4code_hs\ddr3_1_4code_hs.v":6975)
Analyzing included file 'gwmc_param.v'("E:\Program_File(x86)\Gowin\Gowin_V1.9.12_x64\IDE\ipcore\DDR3\data\ddr3_1_4code_hs\ddr3_1_4code_hs.v":6975)
Back to file 'E:\Program_File(x86)\Gowin\Gowin_V1.9.12_x64\IDE\ipcore\DDR3\data\ddr3_1_4code_hs\ddr3_1_4code_hs.v'("E:\Program_File(x86)\Gowin\Gowin_V1.9.12_x64\IDE\ipcore\DDR3\data\ddr3_1_4code_hs\ddr3_1_4code_hs.v":6975)
Analyzing included file 'E:\Program_File(x86)\Gowin\Gowin_V1.9.12_x64\IDE\ipcore\DDR3\data\ddr3_1_4code_hs\gwmc_local_param.v'("E:\Program_File(x86)\Gowin\Gowin_V1.9.12_x64\IDE\ipcore\DDR3\data\ddr3_1_4code_hs\ddr3_1_4code_hs.v":6975)
Back to file 'E:\Program_File(x86)\Gowin\Gowin_V1.9.12_x64\IDE\ipcore\DDR3\data\ddr3_1_4code_hs\ddr3_1_4code_hs.v'("E:\Program_File(x86)\Gowin\Gowin_V1.9.12_x64\IDE\ipcore\DDR3\data\ddr3_1_4code_hs\ddr3_1_4code_hs.v":6975)
Undeclared symbol 'cmd_accept', assumed default net type 'wire'("E:\Program_File(x86)\Gowin\Gowin_V1.9.12_x64\IDE\ipcore\DDR3\data\ddr3_1_4code_hs\ddr3_1_4code_hs.v":6975)
Undeclared symbol 'cmd_sre', assumed default net type 'wire'("E:\Program_File(x86)\Gowin\Gowin_V1.9.12_x64\IDE\ipcore\DDR3\data\ddr3_1_4code_hs\ddr3_1_4code_hs.v":6975)
Undeclared symbol 'cmd_refresh', assumed default net type 'wire'("E:\Program_File(x86)\Gowin\Gowin_V1.9.12_x64\IDE\ipcore\DDR3\data\ddr3_1_4code_hs\ddr3_1_4code_hs.v":6975)
Undeclared symbol 'sre_request', assumed default net type 'wire'("E:\Program_File(x86)\Gowin\Gowin_V1.9.12_x64\IDE\ipcore\DDR3\data\ddr3_1_4code_hs\ddr3_1_4code_hs.v":6975)
Undeclared symbol 'send_act', assumed default net type 'wire'("E:\Program_File(x86)\Gowin\Gowin_V1.9.12_x64\IDE\ipcore\DDR3\data\ddr3_1_4code_hs\ddr3_1_4code_hs.v":6975)
Undeclared symbol 'send_wr', assumed default net type 'wire'("E:\Program_File(x86)\Gowin\Gowin_V1.9.12_x64\IDE\ipcore\DDR3\data\ddr3_1_4code_hs\ddr3_1_4code_hs.v":6975)
Undeclared symbol 'send_rd', assumed default net type 'wire'("E:\Program_File(x86)\Gowin\Gowin_V1.9.12_x64\IDE\ipcore\DDR3\data\ddr3_1_4code_hs\ddr3_1_4code_hs.v":6975)
Undeclared symbol 'send_pre', assumed default net type 'wire'("E:\Program_File(x86)\Gowin\Gowin_V1.9.12_x64\IDE\ipcore\DDR3\data\ddr3_1_4code_hs\ddr3_1_4code_hs.v":6975)
Undeclared symbol 'send_sre', assumed default net type 'wire'("E:\Program_File(x86)\Gowin\Gowin_V1.9.12_x64\IDE\ipcore\DDR3\data\ddr3_1_4code_hs\ddr3_1_4code_hs.v":6975)
Undeclared symbol 'send_ref', assumed default net type 'wire'("E:\Program_File(x86)\Gowin\Gowin_V1.9.12_x64\IDE\ipcore\DDR3\data\ddr3_1_4code_hs\ddr3_1_4code_hs.v":6975)
Undeclared symbol 'cmd_accept_ref', assumed default net type 'wire'("E:\Program_File(x86)\Gowin\Gowin_V1.9.12_x64\IDE\ipcore\DDR3\data\ddr3_1_4code_hs\ddr3_1_4code_hs.v":6975)
Undeclared symbol 'cmd_accept_sre', assumed default net type 'wire'("E:\Program_File(x86)\Gowin\Gowin_V1.9.12_x64\IDE\ipcore\DDR3\data\ddr3_1_4code_hs\ddr3_1_4code_hs.v":6975)
Undeclared symbol 'cke_set', assumed default net type 'wire'("E:\Program_File(x86)\Gowin\Gowin_V1.9.12_x64\IDE\ipcore\DDR3\data\ddr3_1_4code_hs\ddr3_1_4code_hs.v":6975)
Analyzing included file 'gwmc_param.v'("E:\Program_File(x86)\Gowin\Gowin_V1.9.12_x64\IDE\ipcore\DDR3\data\ddr3_1_4code_hs\ddr3_1_4code_hs.v":6975)
Back to file 'E:\Program_File(x86)\Gowin\Gowin_V1.9.12_x64\IDE\ipcore\DDR3\data\ddr3_1_4code_hs\ddr3_1_4code_hs.v'("E:\Program_File(x86)\Gowin\Gowin_V1.9.12_x64\IDE\ipcore\DDR3\data\ddr3_1_4code_hs\ddr3_1_4code_hs.v":6975)
Analyzing included file 'E:\Program_File(x86)\Gowin\Gowin_V1.9.12_x64\IDE\ipcore\DDR3\data\ddr3_1_4code_hs\gwmc_local_param.v'("E:\Program_File(x86)\Gowin\Gowin_V1.9.12_x64\IDE\ipcore\DDR3\data\ddr3_1_4code_hs\ddr3_1_4code_hs.v":6975)
Back to file 'E:\Program_File(x86)\Gowin\Gowin_V1.9.12_x64\IDE\ipcore\DDR3\data\ddr3_1_4code_hs\ddr3_1_4code_hs.v'("E:\Program_File(x86)\Gowin\Gowin_V1.9.12_x64\IDE\ipcore\DDR3\data\ddr3_1_4code_hs\ddr3_1_4code_hs.v":6975)
Undeclared symbol 'bl', assumed default net type 'wire'("E:\Program_File(x86)\Gowin\Gowin_V1.9.12_x64\IDE\ipcore\DDR3\data\ddr3_1_4code_hs\ddr3_1_4code_hs.v":6975)
Analyzing Verilog file 'E:\Program_File(x86)\Gowin\Gowin_V1.9.12_x64\IDE\ipcore\DDR3\data\ddr3_1_4code_hs\DDR3_TOP.v'
Analyzing included file 'ddr3_name.v'("E:\Program_File(x86)\Gowin\Gowin_V1.9.12_x64\IDE\ipcore\DDR3\data\ddr3_1_4code_hs\DDR3_TOP.v":2)
Back to file 'E:\Program_File(x86)\Gowin\Gowin_V1.9.12_x64\IDE\ipcore\DDR3\data\ddr3_1_4code_hs\DDR3_TOP.v'("E:\Program_File(x86)\Gowin\Gowin_V1.9.12_x64\IDE\ipcore\DDR3\data\ddr3_1_4code_hs\DDR3_TOP.v":2)
Analyzing included file 'DDR3_define.v'("E:\Program_File(x86)\Gowin\Gowin_V1.9.12_x64\IDE\ipcore\DDR3\data\ddr3_1_4code_hs\DDR3_TOP.v":3)
Back to file 'E:\Program_File(x86)\Gowin\Gowin_V1.9.12_x64\IDE\ipcore\DDR3\data\ddr3_1_4code_hs\DDR3_TOP.v'("E:\Program_File(x86)\Gowin\Gowin_V1.9.12_x64\IDE\ipcore\DDR3\data\ddr3_1_4code_hs\DDR3_TOP.v":3)
Analyzing included file 'gwmc_param.v'("E:\Program_File(x86)\Gowin\Gowin_V1.9.12_x64\IDE\ipcore\DDR3\data\ddr3_1_4code_hs\DDR3_TOP.v":93)
Back to file 'E:\Program_File(x86)\Gowin\Gowin_V1.9.12_x64\IDE\ipcore\DDR3\data\ddr3_1_4code_hs\DDR3_TOP.v'("E:\Program_File(x86)\Gowin\Gowin_V1.9.12_x64\IDE\ipcore\DDR3\data\ddr3_1_4code_hs\DDR3_TOP.v":93)
Analyzing included file 'E:\Program_File(x86)\Gowin\Gowin_V1.9.12_x64\IDE\ipcore\DDR3\data\ddr3_1_4code_hs\gwmc_local_param.v'("E:\Program_File(x86)\Gowin\Gowin_V1.9.12_x64\IDE\ipcore\DDR3\data\ddr3_1_4code_hs\DDR3_TOP.v":94)
Back to file 'E:\Program_File(x86)\Gowin\Gowin_V1.9.12_x64\IDE\ipcore\DDR3\data\ddr3_1_4code_hs\DDR3_TOP.v'("E:\Program_File(x86)\Gowin\Gowin_V1.9.12_x64\IDE\ipcore\DDR3\data\ddr3_1_4code_hs\DDR3_TOP.v":94)
Compiling module 'DDR3_Memory_Interface_Top'("E:\Program_File(x86)\Gowin\Gowin_V1.9.12_x64\IDE\ipcore\DDR3\data\ddr3_1_4code_hs\DDR3_TOP.v":4)
Compiling module '**'("E:\Program_File(x86)\Gowin\Gowin_V1.9.12_x64\IDE\ipcore\DDR3\data\ddr3_1_4code_hs\ddr3_1_4code_hs.v":6975)
Extracting RAM for identifier '**'("E:\Program_File(x86)\Gowin\Gowin_V1.9.12_x64\IDE\ipcore\DDR3\data\ddr3_1_4code_hs\ddr3_1_4code_hs.v":6975)
WARN  (EX3791) : Expression size ** truncated to fit in target size **("E:\Program_File(x86)\Gowin\Gowin_V1.9.12_x64\IDE\ipcore\DDR3\data\ddr3_1_4code_hs\ddr3_1_4code_hs.v":6975)
WARN  (EX1998) : Net '**' does not have a driver("E:\Program_File(x86)\Gowin\Gowin_V1.9.12_x64\IDE\ipcore\DDR3\data\ddr3_1_4code_hs\ddr3_1_4code_hs.v":6975)
NOTE  (EX0101) : Current top module is "DDR3_Memory_Interface_Top"
WARN  (EX0211) : The output port "updata_dqs_req" of module "~ddr_phy_top.DDR3_Memory_Interface_Top" has no driver, assigning undriven bits to Z, simulation mismatch possible("E:\Program_File(x86)\Gowin\Gowin_V1.9.12_x64\IDE\ipcore\DDR3\data\ddr3_1_4code_hs\ddr3_1_4code_hs.v":6975)
WARN  (EX0211) : The output port "updata_dqs_finished" of module "~ddr_phy_top.DDR3_Memory_Interface_Top" has no driver, assigning undriven bits to Z, simulation mismatch possible("E:\Program_File(x86)\Gowin\Gowin_V1.9.12_x64\IDE\ipcore\DDR3\data\ddr3_1_4code_hs\ddr3_1_4code_hs.v":6975)
[5%] Running netlist conversion ...
WARN  (CV0018) : Input addr[29] is unused("E:\Program_File(x86)\Gowin\Gowin_V1.9.12_x64\IDE\ipcore\DDR3\data\ddr3_1_4code_hs\DDR3_TOP.v":111)
WARN  (CV0016) : Input ref_req is unused("E:\Program_File(x86)\Gowin\Gowin_V1.9.12_x64\IDE\ipcore\DDR3\data\ddr3_1_4code_hs\DDR3_TOP.v":123)
Running device independent optimization ...
[10%] Optimizing Phase 0 completed
[15%] Optimizing Phase 1 completed
[25%] Optimizing Phase 2 completed
Running inference ...
[30%] Inferring Phase 0 completed
[40%] Inferring Phase 1 completed
[50%] Inferring Phase 2 completed
[55%] Inferring Phase 3 completed
Running technical mapping ...
[60%] Tech-Mapping Phase 0 completed
[65%] Tech-Mapping Phase 1 completed
[75%] Tech-Mapping Phase 2 completed
[80%] Tech-Mapping Phase 3 completed
[90%] Tech-Mapping Phase 4 completed
WARN  (NL0002) : The module "~OUT_FIFO.DDR3_Memory_Interface_Top" instantiated to "u_out_fifo" is swept in optimizing("E:\Program_File(x86)\Gowin\Gowin_V1.9.12_x64\IDE\ipcore\DDR3\data\ddr3_1_4code_hs\ddr3_1_4code_hs.v":6975)
WARN  (NL0002) : The module "~OUT_FIFO.DDR3_Memory_Interface_Top" instantiated to "u_out_fifo" is swept in optimizing("E:\Program_File(x86)\Gowin\Gowin_V1.9.12_x64\IDE\ipcore\DDR3\data\ddr3_1_4code_hs\ddr3_1_4code_hs.v":6975)
WARN  (NL0002) : The module "~of_fifo_ctrl.DDR3_Memory_Interface_Top" instantiated to "of_fifo_ctrl_inst" is swept in optimizing("E:\Program_File(x86)\Gowin\Gowin_V1.9.12_x64\IDE\ipcore\DDR3\data\ddr3_1_4code_hs\ddr3_1_4code_hs.v":6975)
WARN  (NL0002) : The module "~gwmc_rd_data.DDR3_Memory_Interface_Top" instantiated to "gw_rd_data0" is swept in optimizing("E:\Program_File(x86)\Gowin\Gowin_V1.9.12_x64\IDE\ipcore\DDR3\data\ddr3_1_4code_hs\ddr3_1_4code_hs.v":6975)
[95%] Generate netlist file "D:\Code\git\GoWinSDR\FPGA\Submodule\DDR_FIFO\src\ddr3_memory_interface\temp\DDR3\ddr3_memory_interface.vg" completed
Generate template file "D:\Code\git\GoWinSDR\FPGA\Submodule\DDR_FIFO\src\ddr3_memory_interface\temp\DDR3\ddr3_memory_interface_tmp.v" completed
[100%] Generate report file "D:\Code\git\GoWinSDR\FPGA\Submodule\DDR_FIFO\src\ddr3_memory_interface\temp\DDR3\ddr3_memory_interface_syn.rpt.html" completed
GowinSynthesis finish
